[16-Mar-2019 09:51:47 UTC] PHP Fatal error:  Uncaught MatthiasMullie\Minify\Exceptions\IOException: The file "htdocs/build/index.min.css" could not be opened for writing. Check if PHP has enough permissions. in /var/www/html/vendor/matthiasmullie/minify/src/Minify.php:438
Stack trace:
#0 /var/www/html/vendor/matthiasmullie/minify/src/Minify.php(198): MatthiasMullie\Minify\Minify->openFileForWriting('htdocs/build/in...')
#1 /var/www/html/vendor/matthiasmullie/minify/src/Minify.php(115): MatthiasMullie\Minify\Minify->save('', 'htdocs/build/in...')
#2 /var/www/html/app/config/minify.php(4): MatthiasMullie\Minify\Minify->minify('htdocs/build/in...')
#3 /var/www/html/htdocs/index.php(4): require('/var/www/html/a...')
#4 {main}
  thrown in /var/www/html/vendor/matthiasmullie/minify/src/Minify.php on line 438
[16-Mar-2019 09:51:48 UTC] PHP Fatal error:  Uncaught MatthiasMullie\Minify\Exceptions\IOException: The file "htdocs/build/index.min.css" could not be opened for writing. Check if PHP has enough permissions. in /var/www/html/vendor/matthiasmullie/minify/src/Minify.php:438
Stack trace:
#0 /var/www/html/vendor/matthiasmullie/minify/src/Minify.php(198): MatthiasMullie\Minify\Minify->openFileForWriting('htdocs/build/in...')
#1 /var/www/html/vendor/matthiasmullie/minify/src/Minify.php(115): MatthiasMullie\Minify\Minify->save('', 'htdocs/build/in...')
#2 /var/www/html/app/config/minify.php(4): MatthiasMullie\Minify\Minify->minify('htdocs/build/in...')
#3 /var/www/html/htdocs/index.php(4): require('/var/www/html/a...')
#4 {main}
  thrown in /var/www/html/vendor/matthiasmullie/minify/src/Minify.php on line 438
[16-Mar-2019 09:53:27 UTC] PHP Fatal error:  Uncaught MatthiasMullie\Minify\Exceptions\IOException: The file "htdocs/build/index.min.css" could not be opened for writing. Check if PHP has enough permissions. in /var/www/html/vendor/matthiasmullie/minify/src/Minify.php:438
Stack trace:
#0 /var/www/html/vendor/matthiasmullie/minify/src/Minify.php(198): MatthiasMullie\Minify\Minify->openFileForWriting('htdocs/build/in...')
#1 /var/www/html/vendor/matthiasmullie/minify/src/Minify.php(115): MatthiasMullie\Minify\Minify->save('', 'htdocs/build/in...')
#2 /var/www/html/app/config/minify.php(4): MatthiasMullie\Minify\Minify->minify('htdocs/build/in...')
#3 /var/www/html/htdocs/index.php(4): require('/var/www/html/a...')
#4 {main}
  thrown in /var/www/html/vendor/matthiasmullie/minify/src/Minify.php on line 438
[16-Mar-2019 09:53:28 UTC] PHP Fatal error:  Uncaught MatthiasMullie\Minify\Exceptions\IOException: The file "htdocs/build/index.min.css" could not be opened for writing. Check if PHP has enough permissions. in /var/www/html/vendor/matthiasmullie/minify/src/Minify.php:438
Stack trace:
#0 /var/www/html/vendor/matthiasmullie/minify/src/Minify.php(198): MatthiasMullie\Minify\Minify->openFileForWriting('htdocs/build/in...')
#1 /var/www/html/vendor/matthiasmullie/minify/src/Minify.php(115): MatthiasMullie\Minify\Minify->save('', 'htdocs/build/in...')
#2 /var/www/html/app/config/minify.php(4): MatthiasMullie\Minify\Minify->minify('htdocs/build/in...')
#3 /var/www/html/htdocs/index.php(4): require('/var/www/html/a...')
#4 {main}
  thrown in /var/www/html/vendor/matthiasmullie/minify/src/Minify.php on line 438
[16-Mar-2019 09:53:28 UTC] PHP Fatal error:  Uncaught MatthiasMullie\Minify\Exceptions\IOException: The file "htdocs/build/index.min.css" could not be opened for writing. Check if PHP has enough permissions. in /var/www/html/vendor/matthiasmullie/minify/src/Minify.php:438
Stack trace:
#0 /var/www/html/vendor/matthiasmullie/minify/src/Minify.php(198): MatthiasMullie\Minify\Minify->openFileForWriting('htdocs/build/in...')
#1 /var/www/html/vendor/matthiasmullie/minify/src/Minify.php(115): MatthiasMullie\Minify\Minify->save('', 'htdocs/build/in...')
#2 /var/www/html/app/config/minify.php(4): MatthiasMullie\Minify\Minify->minify('htdocs/build/in...')
#3 /var/www/html/htdocs/index.php(4): require('/var/www/html/a...')
#4 {main}
  thrown in /var/www/html/vendor/matthiasmullie/minify/src/Minify.php on line 438
[16-Mar-2019 09:53:28 UTC] PHP Fatal error:  Uncaught MatthiasMullie\Minify\Exceptions\IOException: The file "htdocs/build/index.min.css" could not be opened for writing. Check if PHP has enough permissions. in /var/www/html/vendor/matthiasmullie/minify/src/Minify.php:438
Stack trace:
#0 /var/www/html/vendor/matthiasmullie/minify/src/Minify.php(198): MatthiasMullie\Minify\Minify->openFileForWriting('htdocs/build/in...')
#1 /var/www/html/vendor/matthiasmullie/minify/src/Minify.php(115): MatthiasMullie\Minify\Minify->save('', 'htdocs/build/in...')
#2 /var/www/html/app/config/minify.php(4): MatthiasMullie\Minify\Minify->minify('htdocs/build/in...')
#3 /var/www/html/htdocs/index.php(4): require('/var/www/html/a...')
#4 {main}
  thrown in /var/www/html/vendor/matthiasmullie/minify/src/Minify.php on line 438
[16-Mar-2019 09:53:29 UTC] PHP Fatal error:  Uncaught MatthiasMullie\Minify\Exceptions\IOException: The file "htdocs/build/index.min.css" could not be opened for writing. Check if PHP has enough permissions. in /var/www/html/vendor/matthiasmullie/minify/src/Minify.php:438
Stack trace:
#0 /var/www/html/vendor/matthiasmullie/minify/src/Minify.php(198): MatthiasMullie\Minify\Minify->openFileForWriting('htdocs/build/in...')
#1 /var/www/html/vendor/matthiasmullie/minify/src/Minify.php(115): MatthiasMullie\Minify\Minify->save('', 'htdocs/build/in...')
#2 /var/www/html/app/config/minify.php(4): MatthiasMullie\Minify\Minify->minify('htdocs/build/in...')
#3 /var/www/html/htdocs/index.php(4): require('/var/www/html/a...')
#4 {main}
  thrown in /var/www/html/vendor/matthiasmullie/minify/src/Minify.php on line 438
[16-Mar-2019 09:56:04 UTC] PHP Fatal error:  Uncaught MatthiasMullie\Minify\Exceptions\IOException: The file "htdocs/build/index.min.css" could not be opened for writing. Check if PHP has enough permissions. in /var/www/html/vendor/matthiasmullie/minify/src/Minify.php:438
Stack trace:
#0 /var/www/html/vendor/matthiasmullie/minify/src/Minify.php(198): MatthiasMullie\Minify\Minify->openFileForWriting('htdocs/build/in...')
#1 /var/www/html/vendor/matthiasmullie/minify/src/Minify.php(115): MatthiasMullie\Minify\Minify->save('', 'htdocs/build/in...')
#2 /var/www/html/app/config/minify.php(4): MatthiasMullie\Minify\Minify->minify('htdocs/build/in...')
#3 /var/www/html/htdocs/index.php(4): require('/var/www/html/a...')
#4 {main}
  thrown in /var/www/html/vendor/matthiasmullie/minify/src/Minify.php on line 438
[16-Mar-2019 09:56:56 UTC] PHP Fatal error:  Uncaught MatthiasMullie\Minify\Exceptions\IOException: The file "htdocs/build/index.min.css" could not be opened for writing. Check if PHP has enough permissions. in /var/www/html/vendor/matthiasmullie/minify/src/Minify.php:438
Stack trace:
#0 /var/www/html/vendor/matthiasmullie/minify/src/Minify.php(198): MatthiasMullie\Minify\Minify->openFileForWriting('htdocs/build/in...')
#1 /var/www/html/vendor/matthiasmullie/minify/src/Minify.php(115): MatthiasMullie\Minify\Minify->save('', 'htdocs/build/in...')
#2 /var/www/html/app/config/minify.php(4): MatthiasMullie\Minify\Minify->minify('htdocs/build/in...')
#3 /var/www/html/htdocs/index.php(4): require('/var/www/html/a...')
#4 {main}
  thrown in /var/www/html/vendor/matthiasmullie/minify/src/Minify.php on line 438
[16-Mar-2019 09:56:57 UTC] PHP Fatal error:  Uncaught MatthiasMullie\Minify\Exceptions\IOException: The file "htdocs/build/index.min.css" could not be opened for writing. Check if PHP has enough permissions. in /var/www/html/vendor/matthiasmullie/minify/src/Minify.php:438
Stack trace:
#0 /var/www/html/vendor/matthiasmullie/minify/src/Minify.php(198): MatthiasMullie\Minify\Minify->openFileForWriting('htdocs/build/in...')
#1 /var/www/html/vendor/matthiasmullie/minify/src/Minify.php(115): MatthiasMullie\Minify\Minify->save('', 'htdocs/build/in...')
#2 /var/www/html/app/config/minify.php(4): MatthiasMullie\Minify\Minify->minify('htdocs/build/in...')
#3 /var/www/html/htdocs/index.php(4): require('/var/www/html/a...')
#4 {main}
  thrown in /var/www/html/vendor/matthiasmullie/minify/src/Minify.php on line 438
[16-Mar-2019 09:56:58 UTC] PHP Fatal error:  Uncaught MatthiasMullie\Minify\Exceptions\IOException: The file "htdocs/build/index.min.css" could not be opened for writing. Check if PHP has enough permissions. in /var/www/html/vendor/matthiasmullie/minify/src/Minify.php:438
Stack trace:
#0 /var/www/html/vendor/matthiasmullie/minify/src/Minify.php(198): MatthiasMullie\Minify\Minify->openFileForWriting('htdocs/build/in...')
#1 /var/www/html/vendor/matthiasmullie/minify/src/Minify.php(115): MatthiasMullie\Minify\Minify->save('', 'htdocs/build/in...')
#2 /var/www/html/app/config/minify.php(4): MatthiasMullie\Minify\Minify->minify('htdocs/build/in...')
#3 /var/www/html/htdocs/index.php(4): require('/var/www/html/a...')
#4 {main}
  thrown in /var/www/html/vendor/matthiasmullie/minify/src/Minify.php on line 438
[16-Mar-2019 09:56:58 UTC] PHP Fatal error:  Uncaught MatthiasMullie\Minify\Exceptions\IOException: The file "htdocs/build/index.min.css" could not be opened for writing. Check if PHP has enough permissions. in /var/www/html/vendor/matthiasmullie/minify/src/Minify.php:438
Stack trace:
#0 /var/www/html/vendor/matthiasmullie/minify/src/Minify.php(198): MatthiasMullie\Minify\Minify->openFileForWriting('htdocs/build/in...')
#1 /var/www/html/vendor/matthiasmullie/minify/src/Minify.php(115): MatthiasMullie\Minify\Minify->save('', 'htdocs/build/in...')
#2 /var/www/html/app/config/minify.php(4): MatthiasMullie\Minify\Minify->minify('htdocs/build/in...')
#3 /var/www/html/htdocs/index.php(4): require('/var/www/html/a...')
#4 {main}
  thrown in /var/www/html/vendor/matthiasmullie/minify/src/Minify.php on line 438
[16-Mar-2019 09:56:58 UTC] PHP Fatal error:  Uncaught MatthiasMullie\Minify\Exceptions\IOException: The file "htdocs/build/index.min.css" could not be opened for writing. Check if PHP has enough permissions. in /var/www/html/vendor/matthiasmullie/minify/src/Minify.php:438
Stack trace:
#0 /var/www/html/vendor/matthiasmullie/minify/src/Minify.php(198): MatthiasMullie\Minify\Minify->openFileForWriting('htdocs/build/in...')
#1 /var/www/html/vendor/matthiasmullie/minify/src/Minify.php(115): MatthiasMullie\Minify\Minify->save('', 'htdocs/build/in...')
#2 /var/www/html/app/config/minify.php(4): MatthiasMullie\Minify\Minify->minify('htdocs/build/in...')
#3 /var/www/html/htdocs/index.php(4): require('/var/www/html/a...')
#4 {main}
  thrown in /var/www/html/vendor/matthiasmullie/minify/src/Minify.php on line 438
[16-Mar-2019 09:56:58 UTC] PHP Fatal error:  Uncaught MatthiasMullie\Minify\Exceptions\IOException: The file "htdocs/build/index.min.css" could not be opened for writing. Check if PHP has enough permissions. in /var/www/html/vendor/matthiasmullie/minify/src/Minify.php:438
Stack trace:
#0 /var/www/html/vendor/matthiasmullie/minify/src/Minify.php(198): MatthiasMullie\Minify\Minify->openFileForWriting('htdocs/build/in...')
#1 /var/www/html/vendor/matthiasmullie/minify/src/Minify.php(115): MatthiasMullie\Minify\Minify->save('', 'htdocs/build/in...')
#2 /var/www/html/app/config/minify.php(4): MatthiasMullie\Minify\Minify->minify('htdocs/build/in...')
#3 /var/www/html/htdocs/index.php(4): require('/var/www/html/a...')
#4 {main}
  thrown in /var/www/html/vendor/matthiasmullie/minify/src/Minify.php on line 438
[16-Mar-2019 09:56:58 UTC] PHP Fatal error:  Uncaught MatthiasMullie\Minify\Exceptions\IOException: The file "htdocs/build/index.min.css" could not be opened for writing. Check if PHP has enough permissions. in /var/www/html/vendor/matthiasmullie/minify/src/Minify.php:438
Stack trace:
#0 /var/www/html/vendor/matthiasmullie/minify/src/Minify.php(198): MatthiasMullie\Minify\Minify->openFileForWriting('htdocs/build/in...')
#1 /var/www/html/vendor/matthiasmullie/minify/src/Minify.php(115): MatthiasMullie\Minify\Minify->save('', 'htdocs/build/in...')
#2 /var/www/html/app/config/minify.php(4): MatthiasMullie\Minify\Minify->minify('htdocs/build/in...')
#3 /var/www/html/htdocs/index.php(4): require('/var/www/html/a...')
#4 {main}
  thrown in /var/www/html/vendor/matthiasmullie/minify/src/Minify.php on line 438
[16-Mar-2019 13:16:31 UTC] PHP Fatal error:  Uncaught MatthiasMullie\Minify\Exceptions\IOException: The file "htdocs/build/index.min.css" could not be opened for writing. Check if PHP has enough permissions. in /var/www/html/vendor/matthiasmullie/minify/src/Minify.php:438
Stack trace:
#0 /var/www/html/vendor/matthiasmullie/minify/src/Minify.php(198): MatthiasMullie\Minify\Minify->openFileForWriting('htdocs/build/in...')
#1 /var/www/html/vendor/matthiasmullie/minify/src/Minify.php(115): MatthiasMullie\Minify\Minify->save('', 'htdocs/build/in...')
#2 /var/www/html/app/config/minify.php(4): MatthiasMullie\Minify\Minify->minify('htdocs/build/in...')
#3 /var/www/html/htdocs/index.php(4): require('/var/www/html/a...')
#4 {main}
  thrown in /var/www/html/vendor/matthiasmullie/minify/src/Minify.php on line 438
[16-Mar-2019 13:17:36 UTC] PHP Fatal error:  Uncaught MatthiasMullie\Minify\Exceptions\IOException: The file "htdocs/build/index.min.css" could not be opened for writing. Check if PHP has enough permissions. in /var/www/html/vendor/matthiasmullie/minify/src/Minify.php:438
Stack trace:
#0 /var/www/html/vendor/matthiasmullie/minify/src/Minify.php(198): MatthiasMullie\Minify\Minify->openFileForWriting('htdocs/build/in...')
#1 /var/www/html/vendor/matthiasmullie/minify/src/Minify.php(115): MatthiasMullie\Minify\Minify->save('', 'htdocs/build/in...')
#2 /var/www/html/app/config/minify.php(4): MatthiasMullie\Minify\Minify->minify('htdocs/build/in...')
#3 /var/www/html/htdocs/index.php(4): require('/var/www/html/a...')
#4 {main}
  thrown in /var/www/html/vendor/matthiasmullie/minify/src/Minify.php on line 438
[16-Mar-2019 13:24:26 UTC] PHP Warning:  require(../core/minify.php) [<a href='0function.require0'>function.require0</a>]: failed to open stream: No such file or directory in /var/www/html/htdocs/index.php on line 4
[16-Mar-2019 13:24:26 UTC] PHP Fatal error:  require() [<a href='0function.require0'>function.require0</a>]: Failed opening required '../core/minify.php' (include_path='.:/usr/share/php') in /var/www/html/htdocs/index.php on line 4
[16-Mar-2019 13:25:59 UTC] PHP Warning:  require(../core/minify.php) [<a href='0function.require0'>function.require0</a>]: failed to open stream: No such file or directory in /var/www/html/htdocs/index.php on line 4
[16-Mar-2019 13:25:59 UTC] PHP Fatal error:  require() [<a href='0function.require0'>function.require0</a>]: Failed opening required '../core/minify.php' (include_path='.:/usr/share/php') in /var/www/html/htdocs/index.php on line 4
[16-Mar-2019 13:26:47 UTC] PHP Fatal error:  Uncaught MatthiasMullie\Minify\Exceptions\IOException: The file "htdocs/build/index.min.css" could not be opened for writing. Check if PHP has enough permissions. in /var/www/html/vendor/matthiasmullie/minify/src/Minify.php:438
Stack trace:
#0 /var/www/html/vendor/matthiasmullie/minify/src/Minify.php(198): MatthiasMullie\Minify\Minify->openFileForWriting('htdocs/build/in...')
#1 /var/www/html/vendor/matthiasmullie/minify/src/Minify.php(115): MatthiasMullie\Minify\Minify->save('htdocs/js/index...', 'htdocs/build/in...')
#2 /var/www/html/app/core/minify.php(4): MatthiasMullie\Minify\Minify->minify('htdocs/build/in...')
#3 /var/www/html/htdocs/index.php(4): require('/var/www/html/a...')
#4 {main}
  thrown in /var/www/html/vendor/matthiasmullie/minify/src/Minify.php on line 438
[16-Mar-2019 13:28:17 UTC] PHP Warning:  fileperms() [<a href='0function.fileperms0'>function.fileperms0</a>]: stat failed for htdocs/build/index.min.css in /var/www/html/app/core/minify.php on line 4
[16-Mar-2019 13:28:17 UTC] PHP Fatal error:  Uncaught MatthiasMullie\Minify\Exceptions\IOException: The file "htdocs/build/index.min.css" could not be opened for writing. Check if PHP has enough permissions. in /var/www/html/vendor/matthiasmullie/minify/src/Minify.php:438
Stack trace:
#0 /var/www/html/vendor/matthiasmullie/minify/src/Minify.php(198): MatthiasMullie\Minify\Minify->openFileForWriting('htdocs/build/in...')
#1 /var/www/html/vendor/matthiasmullie/minify/src/Minify.php(115): MatthiasMullie\Minify\Minify->save('htdocs/js/index...', 'htdocs/build/in...')
#2 /var/www/html/app/core/minify.php(7): MatthiasMullie\Minify\Minify->minify('htdocs/build/in...')
#3 /var/www/html/htdocs/index.php(4): require('/var/www/html/a...')
#4 {main}
  thrown in /var/www/html/vendor/matthiasmullie/minify/src/Minify.php on line 438
[16-Mar-2019 13:29:32 UTC] PHP Parse error:  syntax error, unexpected '=' in /var/www/html/app/core/minify.php on line 4
[16-Mar-2019 13:29:55 UTC] PHP Warning:  fileperms() [<a href='0function.fileperms0'>function.fileperms0</a>]: stat failed for htdocs/build/index.min.css in /var/www/html/app/core/minify.php on line 4
[16-Mar-2019 13:30:49 UTC] PHP Warning:  chmod() [<a href='0function.chmod0'>function.chmod0</a>]: No such file or directory in /var/www/html/app/core/minify.php on line 3
[16-Mar-2019 13:30:49 UTC] PHP Warning:  fileperms() [<a href='0function.fileperms0'>function.fileperms0</a>]: stat failed for htdocs/build/index.min.css in /var/www/html/app/core/minify.php on line 4
[16-Mar-2019 13:31:32 UTC] PHP Warning:  chmod() [<a href='0function.chmod0'>function.chmod0</a>]: No such file or directory in /var/www/html/app/core/minify.php on line 4
[16-Mar-2019 13:31:32 UTC] PHP Warning:  fileperms() [<a href='0function.fileperms0'>function.fileperms0</a>]: stat failed for htdocs/build/index.min.css in /var/www/html/app/core/minify.php on line 5
[16-Mar-2019 13:32:01 UTC] PHP Warning:  chmod() [<a href='0function.chmod0'>function.chmod0</a>]: No such file or directory in /var/www/html/app/core/minify.php on line 4
[16-Mar-2019 13:32:01 UTC] PHP Warning:  fileperms() [<a href='0function.fileperms0'>function.fileperms0</a>]: stat failed for /htdocs/build/index.min.css in /var/www/html/app/core/minify.php on line 5
[16-Mar-2019 13:33:13 UTC] PHP Parse error:  syntax error, unexpected ')' in /var/www/html/app/core/minify.php on line 3
[16-Mar-2019 13:33:24 UTC] PHP Warning:  chmod() [<a href='0function.chmod0'>function.chmod0</a>]: No such file or directory in /var/www/html/app/core/minify.php on line 8
[16-Mar-2019 13:33:24 UTC] PHP Warning:  fileperms() [<a href='0function.fileperms0'>function.fileperms0</a>]: stat failed for /htdocs/build/index.min.css in /var/www/html/app/core/minify.php on line 9
[16-Mar-2019 13:33:45 UTC] PHP Warning:  chmod() [<a href='0function.chmod0'>function.chmod0</a>]: No such file or directory in /var/www/html/app/core/minify.php on line 8
[16-Mar-2019 13:33:45 UTC] PHP Warning:  fileperms() [<a href='0function.fileperms0'>function.fileperms0</a>]: stat failed for htdocs/build/index.min.css in /var/www/html/app/core/minify.php on line 9
[16-Mar-2019 13:34:51 UTC] PHP Warning:  chmod() [<a href='0function.chmod0'>function.chmod0</a>]: No such file or directory in /var/www/html/app/core/minify.php on line 8
[16-Mar-2019 13:34:51 UTC] PHP Warning:  fileperms() [<a href='0function.fileperms0'>function.fileperms0</a>]: stat failed for /var/www/html/app/confightdocs/build/index.min.css in /var/www/html/app/core/minify.php on line 9
[16-Mar-2019 13:35:21 UTC] PHP Warning:  chmod() [<a href='0function.chmod0'>function.chmod0</a>]: No such file or directory in /var/www/html/app/core/minify.php on line 8
[16-Mar-2019 13:35:21 UTC] PHP Warning:  fileperms() [<a href='0function.fileperms0'>function.fileperms0</a>]: stat failed for /var/www/html/app/configbuild/index.min.css in /var/www/html/app/core/minify.php on line 9
[16-Mar-2019 13:35:23 UTC] PHP Warning:  chmod() [<a href='0function.chmod0'>function.chmod0</a>]: No such file or directory in /var/www/html/app/core/minify.php on line 8
[16-Mar-2019 13:35:23 UTC] PHP Warning:  fileperms() [<a href='0function.fileperms0'>function.fileperms0</a>]: stat failed for /var/www/html/app/configbuild/index.min.css in /var/www/html/app/core/minify.php on line 9
[16-Mar-2019 13:35:37 UTC] PHP Warning:  chmod() [<a href='0function.chmod0'>function.chmod0</a>]: No such file or directory in /var/www/html/app/core/minify.php on line 8
[16-Mar-2019 13:35:37 UTC] PHP Warning:  fileperms() [<a href='0function.fileperms0'>function.fileperms0</a>]: stat failed for /var/www/html/app/confightdocs/build/index.min.css in /var/www/html/app/core/minify.php on line 9
[16-Mar-2019 13:42:56 UTC] PHP Notice:  Only variables should be passed by reference in /var/www/html/app/config/vars.php on line 2
[16-Mar-2019 13:42:56 UTC] PHP Warning:  chmod() [<a href='0function.chmod0'>function.chmod0</a>]: No such file or directory in /var/www/html/app/core/minify.php on line 8
[16-Mar-2019 13:42:56 UTC] PHP Warning:  fileperms() [<a href='0function.fileperms0'>function.fileperms0</a>]: stat failed for htdocs/build/index.min.css in /var/www/html/app/core/minify.php on line 9
[16-Mar-2019 13:43:24 UTC] PHP Warning:  chmod() [<a href='0function.chmod0'>function.chmod0</a>]: No such file or directory in /var/www/html/app/core/minify.php on line 8
[16-Mar-2019 13:43:24 UTC] PHP Warning:  fileperms() [<a href='0function.fileperms0'>function.fileperms0</a>]: stat failed for htdocs/build/index.min.css in /var/www/html/app/core/minify.php on line 9
[16-Mar-2019 13:44:38 UTC] PHP Warning:  chmod() [<a href='0function.chmod0'>function.chmod0</a>]: Operation not permitted in /var/www/html/app/core/minify.php on line 8
[16-Mar-2019 14:00:05 UTC] PHP Fatal error:  Uncaught Error: Class 'models\myclass' not found in /var/www/html/htdocs/index.php:9
Stack trace:
#0 {main}
  thrown in /var/www/html/htdocs/index.php on line 9
[16-Mar-2019 14:02:00 UTC] PHP Fatal error:  Uncaught Error: Class 'models\myclass' not found in /var/www/html/htdocs/index.php:9
Stack trace:
#0 {main}
  thrown in /var/www/html/htdocs/index.php on line 9
[16-Mar-2019 14:04:01 UTC] PHP Fatal error:  Uncaught Error: Class 'models\myclass' not found in /var/www/html/htdocs/index.php:9
Stack trace:
#0 {main}
  thrown in /var/www/html/htdocs/index.php on line 9
[16-Mar-2019 14:04:03 UTC] PHP Fatal error:  Uncaught Error: Class 'models\myclass' not found in /var/www/html/htdocs/index.php:9
Stack trace:
#0 {main}
  thrown in /var/www/html/htdocs/index.php on line 9
[16-Mar-2019 16:11:01 UTC] PHP Fatal error:  Uncaught Error: Class 'models\myclass' not found in /var/www/html/htdocs/index.php:9
Stack trace:
#0 {main}
  thrown in /var/www/html/htdocs/index.php on line 9
[16-Mar-2019 16:14:42 UTC] PHP Fatal error:  Uncaught Error: Class 'models\myclass' not found in /var/www/html/htdocs/index.php:9
Stack trace:
#0 {main}
  thrown in /var/www/html/htdocs/index.php on line 9
[16-Mar-2019 16:14:44 UTC] PHP Fatal error:  Uncaught Error: Class 'models\myclass' not found in /var/www/html/htdocs/index.php:9
Stack trace:
#0 {main}
  thrown in /var/www/html/htdocs/index.php on line 9
[16-Mar-2019 16:14:45 UTC] PHP Fatal error:  Uncaught Error: Class 'models\myclass' not found in /var/www/html/htdocs/index.php:9
Stack trace:
#0 {main}
  thrown in /var/www/html/htdocs/index.php on line 9
[16-Mar-2019 16:15:23 UTC] PHP Fatal error:  Uncaught Error: Class 'models\Myclass' not found in /var/www/html/htdocs/index.php:9
Stack trace:
#0 {main}
  thrown in /var/www/html/htdocs/index.php on line 9
[16-Mar-2019 16:16:24 UTC] PHP Fatal error:  Uncaught Error: Class 'models\Myclass' not found in /var/www/html/htdocs/index.php:9
Stack trace:
#0 {main}
  thrown in /var/www/html/htdocs/index.php on line 9
[16-Mar-2019 16:16:25 UTC] PHP Fatal error:  Uncaught Error: Class 'models\Myclass' not found in /var/www/html/htdocs/index.php:9
Stack trace:
#0 {main}
  thrown in /var/www/html/htdocs/index.php on line 9
[16-Mar-2019 16:19:47 UTC] PHP Fatal error:  Uncaught Error: Class 'models\Myclass' not found in /var/www/html/htdocs/index.php:9
Stack trace:
#0 {main}
  thrown in /var/www/html/htdocs/index.php on line 9
[16-Mar-2019 16:20:08 UTC] PHP Fatal error:  Uncaught Error: Class 'models\Myclass' not found in /var/www/html/htdocs/index.php:9
Stack trace:
#0 {main}
  thrown in /var/www/html/htdocs/index.php on line 9
[16-Mar-2019 16:34:47 UTC] PHP Fatal error:  Uncaught Error: Class 'app\models\Myclass' not found in /var/www/html/htdocs/index.php:9
Stack trace:
#0 {main}
  thrown in /var/www/html/htdocs/index.php on line 9
[16-Mar-2019 16:43:31 UTC] PHP Fatal error:  Uncaught Error: Class 'app\models\Myclass' not found in /var/www/html/htdocs/index.php:9
Stack trace:
#0 {main}
  thrown in /var/www/html/htdocs/index.php on line 9
[16-Mar-2019 16:45:02 UTC] PHP Fatal error:  Uncaught Error: Class 'app\models\Myclass' not found in /var/www/html/htdocs/index.php:9
Stack trace:
#0 {main}
  thrown in /var/www/html/htdocs/index.php on line 9
[16-Mar-2019 16:46:12 UTC] PHP Fatal error:  Uncaught Error: Class 'app\models\Myclass' not found in /var/www/html/htdocs/index.php:9
Stack trace:
#0 {main}
  thrown in /var/www/html/htdocs/index.php on line 9
[16-Mar-2019 16:47:08 UTC] PHP Fatal error:  Uncaught Error: Class 'app\models\Myclass' not found in /var/www/html/htdocs/index.php:9
Stack trace:
#0 {main}
  thrown in /var/www/html/htdocs/index.php on line 9
[16-Mar-2019 16:47:09 UTC] PHP Fatal error:  Uncaught Error: Class 'app\models\Myclass' not found in /var/www/html/htdocs/index.php:9
Stack trace:
#0 {main}
  thrown in /var/www/html/htdocs/index.php on line 9
[16-Mar-2019 16:47:26 UTC] PHP Warning:  include(app\models\Myclass.php) [<a href='0function.include0'>function.include0</a>]: failed to open stream: No such file or directory in /var/www/html/htdocs/index.php on line 8
[16-Mar-2019 16:47:26 UTC] PHP Warning:  include() [<a href='0function.include0'>function.include0</a>]: Failed opening 'app\models\Myclass.php' for inclusion (include_path='.:/usr/share/php') in /var/www/html/htdocs/index.php on line 8
[16-Mar-2019 16:47:26 UTC] PHP Fatal error:  Uncaught Error: Class 'app\models\Myclass' not found in /var/www/html/htdocs/index.php:9
Stack trace:
#0 {main}
  thrown in /var/www/html/htdocs/index.php on line 9
[16-Mar-2019 16:48:15 UTC] PHP Fatal error:  Uncaught Error: Class 'app\models\Myclass' not found in /var/www/html/htdocs/index.php:8
Stack trace:
#0 {main}
  thrown in /var/www/html/htdocs/index.php on line 8
[16-Mar-2019 16:49:03 UTC] PHP Fatal error:  Uncaught Error: Class 'app\models\Myclass' not found in /var/www/html/htdocs/index.php:8
Stack trace:
#0 {main}
  thrown in /var/www/html/htdocs/index.php on line 8
[16-Mar-2019 16:49:09 UTC] PHP Fatal error:  Uncaught Error: Class 'app\models\Myclass' not found in /var/www/html/htdocs/index.php:8
Stack trace:
#0 {main}
  thrown in /var/www/html/htdocs/index.php on line 8
[16-Mar-2019 16:51:21 UTC] PHP Fatal error:  Uncaught Error: Class 'app\models\Myclass' not found in /var/www/html/htdocs/index.php:8
Stack trace:
#0 {main}
  thrown in /var/www/html/htdocs/index.php on line 8
[17-Mar-2019 16:32:43 UTC] PHP Warning:  require(/var/www/htmlapp/core/minify.php) [<a href='0function.require0'>function.require0</a>]: failed to open stream: No such file or directory in /var/www/html/htdocs/index.php on line 4
[17-Mar-2019 16:32:43 UTC] PHP Fatal error:  require() [<a href='0function.require0'>function.require0</a>]: Failed opening required '/var/www/htmlapp/core/minify.php' (include_path='.:/usr/share/php') in /var/www/html/htdocs/index.php on line 4
[17-Mar-2019 18:02:15 UTC] PHP Fatal error:  Uncaught Error: Class 'models\main\Controller' not found in /var/www/html/htdocs/index.php:6
Stack trace:
#0 {main}
  thrown in /var/www/html/htdocs/index.php on line 6
[17-Mar-2019 18:03:10 UTC] PHP Fatal error:  Uncaught Error: Class 'models\Controller' not found in /var/www/html/htdocs/index.php:6
Stack trace:
#0 {main}
  thrown in /var/www/html/htdocs/index.php on line 6
[17-Mar-2019 18:03:50 UTC] PHP Fatal error:  Uncaught Error: Class 'models\Controller' not found in /var/www/html/htdocs/index.php:6
Stack trace:
#0 {main}
  thrown in /var/www/html/htdocs/index.php on line 6
[18-Mar-2019 17:39:34 UTC] PHP Fatal error:  Uncaught Error: Class 'app\controllers\Router' not found in /var/www/html/htdocs/index.php:6
Stack trace:
#0 {main}
  thrown in /var/www/html/htdocs/index.php on line 6
[18-Mar-2019 17:42:01 UTC] PHP Fatal error:  Uncaught Error: Class 'app\controllers\Router' not found in /var/www/html/htdocs/index.php:6
Stack trace:
#0 {main}
  thrown in /var/www/html/htdocs/index.php on line 6
[18-Mar-2019 17:42:33 UTC] PHP Fatal error:  Uncaught Error: Class 'Login' not found in /var/www/html/app/core/Router.php:31
Stack trace:
#0 /var/www/html/htdocs/index.php(6): app\core\Router->__construct(Array)
#1 {main}
  thrown in /var/www/html/app/core/Router.php on line 31
[18-Mar-2019 17:45:02 UTC] PHP Fatal error:  Uncaught Error: Class 'Login' not found in /var/www/html/app/core/Router.php:31
Stack trace:
#0 /var/www/html/htdocs/index.php(6): app\core\Router->__construct(Array)
#1 {main}
  thrown in /var/www/html/app/core/Router.php on line 31
[18-Mar-2019 17:47:16 UTC] PHP Fatal error:  Uncaught Error: Class 'Login' not found in /var/www/html/app/core/Router.php:32
Stack trace:
#0 /var/www/html/htdocs/index.php(6): app\core\Router->__construct(Array)
#1 {main}
  thrown in /var/www/html/app/core/Router.php on line 32
[18-Mar-2019 17:47:46 UTC] PHP Fatal error:  Uncaught Error: Class 'Login' not found in /var/www/html/app/core/Router.php:32
Stack trace:
#0 /var/www/html/htdocs/index.php(6): app\core\Router->__construct(Array)
#1 {main}
  thrown in /var/www/html/app/core/Router.php on line 32
[18-Mar-2019 17:50:01 UTC] PHP Fatal error:  Uncaught Error: Class '\app\controllersLogin' not found in /var/www/html/app/core/Router.php:32
Stack trace:
#0 /var/www/html/htdocs/index.php(6): app\core\Router->__construct(Array)
#1 {main}
  thrown in /var/www/html/app/core/Router.php on line 32
[18-Mar-2019 17:50:26 UTC] PHP Fatal error:  Uncaught Error: Undefined constant 'app\controllers' in /var/www/html/app/controllers/Login.php:1
Stack trace:
#0 /var/www/html/vendor/composer/ClassLoader.php(444): include()
#1 /var/www/html/vendor/composer/ClassLoader.php(322): Composer\Autoload\includeFile('/var/www/html/v...')
#2 [internal function]: Composer\Autoload\ClassLoader->loadClass('app\\controllers...')
#3 /var/www/html/app/core/Router.php(32): spl_autoload_call('app\\controllers...')
#4 /var/www/html/htdocs/index.php(6): app\core\Router->__construct(Array)
#5 {main}
  thrown in /var/www/html/app/controllers/Login.php on line 1
[18-Mar-2019 17:50:41 UTC] PHP Fatal error:  Uncaught Error: Undefined constant 'app\controllers' in /var/www/html/app/controllers/Login.php:1
Stack trace:
#0 /var/www/html/vendor/composer/ClassLoader.php(444): include()
#1 /var/www/html/vendor/composer/ClassLoader.php(322): Composer\Autoload\includeFile('/var/www/html/v...')
#2 [internal function]: Composer\Autoload\ClassLoader->loadClass('app\\controllers...')
#3 /var/www/html/app/core/Router.php(32): spl_autoload_call('app\\controllers...')
#4 /var/www/html/htdocs/index.php(6): app\core\Router->__construct(Array)
#5 {main}
  thrown in /var/www/html/app/controllers/Login.php on line 1
[18-Mar-2019 17:51:19 UTC] PHP Fatal error:  Uncaught Error: Undefined constant 'app\controllers' in /var/www/html/app/controllers/Controller.php:1
Stack trace:
#0 /var/www/html/vendor/composer/ClassLoader.php(444): include()
#1 /var/www/html/vendor/composer/ClassLoader.php(322): Composer\Autoload\includeFile('/var/www/html/v...')
#2 [internal function]: Composer\Autoload\ClassLoader->loadClass('app\\controllers...')
#3 /var/www/html/app/controllers/Login.php(5): spl_autoload_call('app\\controllers...')
#4 /var/www/html/vendor/composer/ClassLoader.php(444): include('/var/www/html/a...')
#5 /var/www/html/vendor/composer/ClassLoader.php(322): Composer\Autoload\includeFile('/var/www/html/v...')
#6 [internal function]: Composer\Autoload\ClassLoader->loadClass('app\\controllers...')
#7 /var/www/html/app/core/Router.php(32): spl_autoload_call('app\\controllers...')
#8 /var/www/html/htdocs/index.php(6): app\core\Router->__construct(Array)
#9 {main}
  thrown in /var/www/html/app/controllers/Controller.php on line 1
[18-Mar-2019 17:51:38 UTC] PHP Fatal error:  Class 'app\controllers\Controller' not found in /var/www/html/app/controllers/Login.php on line 5
[18-Mar-2019 17:52:40 UTC] PHP Fatal error:  Class 'app\controllers\Controller' not found in /var/www/html/app/controllers/Login.php on line 5
[18-Mar-2019 17:53:47 UTC] PHP Fatal error:  Class 'app\controllers\Controller' not found in /var/www/html/app/controllers/Login.php on line 5
[18-Mar-2019 17:54:31 UTC] PHP Fatal error:  Cannot declare class app\controllers\Controllers, because the name is already in use in /var/www/html/app/controllers/Controller.php on line 3
[18-Mar-2019 17:55:13 UTC] PHP Fatal error:  Class 'app\controllers\Controller' not found in /var/www/html/app/controllers/Login.php on line 6
[18-Mar-2019 17:59:39 UTC] PHP Fatal error:  Class 'app\core\Controller' not found in /var/www/html/app/core/Router.php on line 10
[18-Mar-2019 18:00:08 UTC] PHP Fatal error:  Class 'app\core\Controller' not found in /var/www/html/app/core/Router.php on line 10
[18-Mar-2019 18:00:41 UTC] PHP Fatal error:  Class 'app\core\Controller' not found in /var/www/html/app/core/Router.php on line 10
[18-Mar-2019 18:00:55 UTC] PHP Fatal error:  Cannot declare class app\controllers\Controllers, because the name is already in use in /var/www/html/app/controllers/Controller.php on line 3
[18-Mar-2019 18:01:13 UTC] PHP Fatal error:  Class 'app\controllers\Controller' not found in /var/www/html/app/controllers/Login.php on line 8
[18-Mar-2019 18:01:34 UTC] PHP Fatal error:  Class 'app\controllers\Controller' not found in /var/www/html/app/controllers/Login.php on line 8
[18-Mar-2019 18:01:53 UTC] PHP Fatal error:  Cannot declare class app\controllers\Controllers, because the name is already in use in /var/www/html/app/controllers/Controller.php on line 3
[18-Mar-2019 18:02:21 UTC] PHP Fatal error:  Cannot declare class app\controllers\Controllers, because the name is already in use in /var/www/html/app/controllers/Controller.php on line 3
[18-Mar-2019 18:02:23 UTC] PHP Fatal error:  Cannot declare class app\controllers\Controllers, because the name is already in use in /var/www/html/app/controllers/Controller.php on line 3
[18-Mar-2019 18:02:24 UTC] PHP Fatal error:  Cannot declare class app\controllers\Controllers, because the name is already in use in /var/www/html/app/controllers/Controller.php on line 3
[18-Mar-2019 18:03:12 UTC] PHP Fatal error:  Uncaught Error: Class 'FOLDERS\CONTROLLERS' not found in /var/www/html/app/controllers/Login.php:5
Stack trace:
#0 /var/www/html/vendor/composer/ClassLoader.php(444): include()
#1 /var/www/html/vendor/composer/ClassLoader.php(322): Composer\Autoload\includeFile('/var/www/html/v...')
#2 [internal function]: Composer\Autoload\ClassLoader->loadClass('app\\controllers...')
#3 /var/www/html/app/core/Router.php(32): spl_autoload_call('app\\controllers...')
#4 /var/www/html/htdocs/index.php(6): app\core\Router->__construct(Array)
#5 {main}
  thrown in /var/www/html/app/controllers/Login.php on line 5
[18-Mar-2019 18:04:38 UTC] PHP Fatal error:  Uncaught Error: Class '\FOLDERS\CONTROLLERS\Controller' not found in /var/www/html/app/controllers/Login.php:6
Stack trace:
#0 /var/www/html/vendor/composer/ClassLoader.php(444): include()
#1 /var/www/html/vendor/composer/ClassLoader.php(322): Composer\Autoload\includeFile('/var/www/html/v...')
#2 [internal function]: Composer\Autoload\ClassLoader->loadClass('app\\controllers...')
#3 /var/www/html/app/core/Router.php(32): spl_autoload_call('app\\controllers...')
#4 /var/www/html/htdocs/index.php(6): app\core\Router->__construct(Array)
#5 {main}
  thrown in /var/www/html/app/controllers/Login.php on line 6
[18-Mar-2019 18:04:56 UTC] PHP Fatal error:  Uncaught Error: Class 'app\controllers\Controller' not found in /var/www/html/app/controllers/Login.php:6
Stack trace:
#0 /var/www/html/vendor/composer/ClassLoader.php(444): include()
#1 /var/www/html/vendor/composer/ClassLoader.php(322): Composer\Autoload\includeFile('/var/www/html/v...')
#2 [internal function]: Composer\Autoload\ClassLoader->loadClass('app\\controllers...')
#3 /var/www/html/app/core/Router.php(32): spl_autoload_call('app\\controllers...')
#4 /var/www/html/htdocs/index.php(6): app\core\Router->__construct(Array)
#5 {main}
  thrown in /var/www/html/app/controllers/Login.php on line 6
[18-Mar-2019 18:05:34 UTC] PHP Fatal error:  Uncaught Error: Class 'app\controllers\Controller' not found in /var/www/html/app/controllers/Login.php:6
Stack trace:
#0 /var/www/html/vendor/composer/ClassLoader.php(444): include()
#1 /var/www/html/vendor/composer/ClassLoader.php(322): Composer\Autoload\includeFile('/var/www/html/v...')
#2 [internal function]: Composer\Autoload\ClassLoader->loadClass('app\\controllers...')
#3 /var/www/html/app/core/Router.php(32): spl_autoload_call('app\\controllers...')
#4 /var/www/html/htdocs/index.php(6): app\core\Router->__construct(Array)
#5 {main}
  thrown in /var/www/html/app/controllers/Login.php on line 6
[18-Mar-2019 18:06:00 UTC] PHP Fatal error:  Uncaught Error: Class 'app\controllers\Controller' not found in /var/www/html/app/controllers/Login.php:5
Stack trace:
#0 /var/www/html/vendor/composer/ClassLoader.php(444): include()
#1 /var/www/html/vendor/composer/ClassLoader.php(322): Composer\Autoload\includeFile('/var/www/html/v...')
#2 [internal function]: Composer\Autoload\ClassLoader->loadClass('app\\controllers...')
#3 /var/www/html/app/core/Router.php(32): spl_autoload_call('app\\controllers...')
#4 /var/www/html/htdocs/index.php(6): app\core\Router->__construct(Array)
#5 {main}
  thrown in /var/www/html/app/controllers/Login.php on line 5
[18-Mar-2019 18:06:22 UTC] PHP Fatal error:  Class 'app\controllers\Controller' not found in /var/www/html/app/controllers/Login.php on line 6
[18-Mar-2019 18:06:36 UTC] PHP Fatal error:  Class 'app\controllers\Controller' not found in /var/www/html/app/controllers/Login.php on line 6
[18-Mar-2019 18:06:51 UTC] PHP Fatal error:  Cannot declare class app\controllers\Controllers, because the name is already in use in /var/www/html/app/controllers/Controller.php on line 3
[18-Mar-2019 18:07:06 UTC] PHP Fatal error:  Class 'app\controllers\Controllera' not found in /var/www/html/app/controllers/Login.php on line 25
[18-Mar-2019 18:07:34 UTC] PHP Fatal error:  Class 'app\controllers\Controllera' not found in /var/www/html/app/controllers/Login.php on line 25
[18-Mar-2019 18:07:35 UTC] PHP Fatal error:  Class 'app\controllers\Controllera' not found in /var/www/html/app/controllers/Login.php on line 25
[18-Mar-2019 18:07:35 UTC] PHP Fatal error:  Class 'app\controllers\Controllera' not found in /var/www/html/app/controllers/Login.php on line 25
[18-Mar-2019 18:07:35 UTC] PHP Fatal error:  Class 'app\controllers\Controllera' not found in /var/www/html/app/controllers/Login.php on line 25
[18-Mar-2019 18:07:35 UTC] PHP Fatal error:  Class 'app\controllers\Controllera' not found in /var/www/html/app/controllers/Login.php on line 25
[18-Mar-2019 18:07:36 UTC] PHP Fatal error:  Class 'app\controllers\Controllera' not found in /var/www/html/app/controllers/Login.php on line 25
[18-Mar-2019 18:07:36 UTC] PHP Fatal error:  Class 'app\controllers\Controllera' not found in /var/www/html/app/controllers/Login.php on line 25
[18-Mar-2019 18:07:36 UTC] PHP Fatal error:  Class 'app\controllers\Controllera' not found in /var/www/html/app/controllers/Login.php on line 25
[18-Mar-2019 18:08:09 UTC] PHP Fatal error:  Class 'app\controllers\Controller' not found in /var/www/html/app/controllers/Login.php on line 25
[18-Mar-2019 18:08:19 UTC] PHP Fatal error:  Class 'app\controllers\Controller' not found in /var/www/html/app/controllers/Login.php on line 25
[18-Mar-2019 18:08:19 UTC] PHP Fatal error:  Class 'app\controllers\Controller' not found in /var/www/html/app/controllers/Login.php on line 25
[18-Mar-2019 18:08:20 UTC] PHP Fatal error:  Class 'app\controllers\Controller' not found in /var/www/html/app/controllers/Login.php on line 25
[18-Mar-2019 18:08:20 UTC] PHP Fatal error:  Class 'app\controllers\Controller' not found in /var/www/html/app/controllers/Login.php on line 25
[18-Mar-2019 18:08:20 UTC] PHP Fatal error:  Class 'app\controllers\Controller' not found in /var/www/html/app/controllers/Login.php on line 25
[18-Mar-2019 18:08:20 UTC] PHP Fatal error:  Class 'app\controllers\Controller' not found in /var/www/html/app/controllers/Login.php on line 25
[18-Mar-2019 18:08:20 UTC] PHP Fatal error:  Class 'app\controllers\Controller' not found in /var/www/html/app/controllers/Login.php on line 25
[18-Mar-2019 18:08:20 UTC] PHP Fatal error:  Class 'app\controllers\Controller' not found in /var/www/html/app/controllers/Login.php on line 25
[18-Mar-2019 18:08:21 UTC] PHP Fatal error:  Class 'app\controllers\Controller' not found in /var/www/html/app/controllers/Login.php on line 25
[18-Mar-2019 18:09:30 UTC] PHP Fatal error:  Class 'app\controllers\Controller' not found in /var/www/html/app/controllers/Login.php on line 6
[18-Mar-2019 18:09:39 UTC] PHP Fatal error:  Uncaught Error: Call to undefined method app\controllers\Login::getView() in /var/www/html/app/controllers/Login.php:9
Stack trace:
#0 /var/www/html/app/core/Router.php(32): app\controllers\Login->__construct('login', 'view')
#1 /var/www/html/htdocs/index.php(6): app\core\Router->__construct(Array)
#2 {main}
  thrown in /var/www/html/app/controllers/Login.php on line 9
[18-Mar-2019 18:09:48 UTC] PHP Fatal error:  Class 'app\controllers\Controller' not found in /var/www/html/app/controllers/Login.php on line 6
[18-Mar-2019 18:12:51 UTC] PHP Fatal error:  Class 'app\controllers\Controller' not found in /var/www/html/app/controllers/Login.php on line 6
[18-Mar-2019 18:14:02 UTC] PHP Fatal error:  Class 'app\controllers\Controller' not found in /var/www/html/app/controllers/Login.php on line 6
[18-Mar-2019 18:14:11 UTC] PHP Fatal error:  Uncaught Error: Class 'app\controllers\Controller' not found in /var/www/html/htdocs/index.php:5
Stack trace:
#0 {main}
  thrown in /var/www/html/htdocs/index.php on line 5
[18-Mar-2019 18:14:24 UTC] PHP Fatal error:  Uncaught Error: Class 'app\controllers\Controller' not found in /var/www/html/htdocs/index.php:5
Stack trace:
#0 {main}
  thrown in /var/www/html/htdocs/index.php on line 5
[18-Mar-2019 18:14:27 UTC] PHP Fatal error:  Uncaught Error: Class 'app\controllers\Controller' not found in /var/www/html/htdocs/index.php:5
Stack trace:
#0 {main}
  thrown in /var/www/html/htdocs/index.php on line 5
[18-Mar-2019 18:14:49 UTC] PHP Fatal error:  Uncaught Error: Class 'app\controllers\Controller' not found in /var/www/html/htdocs/index.php:5
Stack trace:
#0 {main}
  thrown in /var/www/html/htdocs/index.php on line 5
[18-Mar-2019 18:15:37 UTC] PHP Fatal error:  Uncaught Error: Undefined constant 'FOLDERS\VIEW' in /var/www/html/app/controllers/Controller.php:16
Stack trace:
#0 /var/www/html/app/controllers/Login.php(9): app\controllers\Controller->getView()
#1 /var/www/html/app/core/Router.php(32): app\controllers\Login->__construct('login', 'view')
#2 /var/www/html/htdocs/index.php(6): app\core\Router->__construct(Array)
#3 {main}
  thrown in /var/www/html/app/controllers/Controller.php on line 16
[18-Mar-2019 18:16:15 UTC] PHP Warning:  require_once(/var/www/html/app/view/login.php) [<a href='0function.require-once0'>function.require-once0</a>]: failed to open stream: No such file or directory in /var/www/html/app/controllers/Controller.php on line 16
[18-Mar-2019 18:16:15 UTC] PHP Fatal error:  require_once() [<a href='0function.require0'>function.require0</a>]: Failed opening required '/var/www/html/app/view/login.php' (include_path='.:/usr/share/php') in /var/www/html/app/controllers/Controller.php on line 16
[18-Mar-2019 18:20:24 UTC] PHP Fatal error:  Uncaught Error: Call to undefined method app\controllers\Login::view() in /var/www/html/app/controllers/Login.php:15
Stack trace:
#0 /var/www/html/app/core/Router.php(32): app\controllers\Login->__construct('login', 'view')
#1 /var/www/html/htdocs/index.php(6): app\core\Router->__construct(Array)
#2 {main}
  thrown in /var/www/html/app/controllers/Login.php on line 15
[18-Mar-2019 18:30:14 UTC] PHP Fatal error:  Class app\controllers\Controller contains 2 abstract methods and must therefore be declared abstract or implement the remaining methods (app\controllers\Controller::getModel, app\controllers\Controller::setModel) in /var/www/html/app/controllers/Controller.php on line 21
[18-Mar-2019 18:31:37 UTC] PHP Fatal error:  Class app\controllers\Controller contains 2 abstract methods and must therefore be declared abstract or implement the remaining methods (app\controllers\Controller::getModel, app\controllers\Controller::setModel) in /var/www/html/app/controllers/Controller.php on line 21
[18-Mar-2019 18:31:38 UTC] PHP Fatal error:  Class app\controllers\Controller contains 2 abstract methods and must therefore be declared abstract or implement the remaining methods (app\controllers\Controller::getModel, app\controllers\Controller::setModel) in /var/www/html/app/controllers/Controller.php on line 21
[18-Mar-2019 18:31:38 UTC] PHP Fatal error:  Class app\controllers\Controller contains 2 abstract methods and must therefore be declared abstract or implement the remaining methods (app\controllers\Controller::getModel, app\controllers\Controller::setModel) in /var/www/html/app/controllers/Controller.php on line 21
[18-Mar-2019 18:31:38 UTC] PHP Fatal error:  Class app\controllers\Controller contains 2 abstract methods and must therefore be declared abstract or implement the remaining methods (app\controllers\Controller::getModel, app\controllers\Controller::setModel) in /var/www/html/app/controllers/Controller.php on line 21
[18-Mar-2019 18:32:15 UTC] PHP Fatal error:  Class app\controllers\Controller contains 2 abstract methods and must therefore be declared abstract or implement the remaining methods (app\controllers\Controller::getModel, app\controllers\Controller::setModel) in /var/www/html/app/controllers/Controller.php on line 21
[18-Mar-2019 18:33:01 UTC] PHP Fatal error:  Class app\controllers\Controller contains 2 abstract methods and must therefore be declared abstract or implement the remaining methods (app\controllers\Controller::getModel, app\controllers\Controller::setModel) in /var/www/html/app/controllers/Controller.php on line 21
[18-Mar-2019 18:33:01 UTC] PHP Fatal error:  Class app\controllers\Controller contains 2 abstract methods and must therefore be declared abstract or implement the remaining methods (app\controllers\Controller::getModel, app\controllers\Controller::setModel) in /var/www/html/app/controllers/Controller.php on line 21
[18-Mar-2019 18:33:01 UTC] PHP Fatal error:  Class app\controllers\Controller contains 2 abstract methods and must therefore be declared abstract or implement the remaining methods (app\controllers\Controller::getModel, app\controllers\Controller::setModel) in /var/www/html/app/controllers/Controller.php on line 21
[18-Mar-2019 18:33:01 UTC] PHP Fatal error:  Class app\controllers\Controller contains 2 abstract methods and must therefore be declared abstract or implement the remaining methods (app\controllers\Controller::getModel, app\controllers\Controller::setModel) in /var/www/html/app/controllers/Controller.php on line 21
[18-Mar-2019 18:33:02 UTC] PHP Fatal error:  Class app\controllers\Controller contains 2 abstract methods and must therefore be declared abstract or implement the remaining methods (app\controllers\Controller::getModel, app\controllers\Controller::setModel) in /var/www/html/app/controllers/Controller.php on line 21
[18-Mar-2019 18:33:35 UTC] PHP Fatal error:  Class app\controllers\Controller contains 2 abstract methods and must therefore be declared abstract or implement the remaining methods (app\controllers\Controller::getModel, app\controllers\Controller::setModel) in /var/www/html/app/controllers/Controller.php on line 21
[18-Mar-2019 18:46:10 UTC] PHP Fatal error:  Access level to app\controllers\Login::$controller must be protected (as in class app\controllers\Controller) or weaker in /var/www/html/app/controllers/Login.php on line 6
[18-Mar-2019 18:46:34 UTC] PHP Fatal error:  Access level to app\controllers\Login::$controller must be protected (as in class app\controllers\Controller) or weaker in /var/www/html/app/controllers/Login.php on line 6
[18-Mar-2019 18:49:23 UTC] PHP Warning:  require_once(/var/www/html/app/views/app\controllers\Login.php) [<a href='0function.require-once0'>function.require-once0</a>]: failed to open stream: No such file or directory in /var/www/html/app/controllers/Controller.php on line 31
[18-Mar-2019 18:49:23 UTC] PHP Fatal error:  require_once() [<a href='0function.require0'>function.require0</a>]: Failed opening required '/var/www/html/app/views/app\controllers\Login.php' (include_path='.:/usr/share/php') in /var/www/html/app/controllers/Controller.php on line 31
[18-Mar-2019 18:50:14 UTC] PHP Notice:  Use of undefined constant __CLASS_ - assumed '__CLASS_' in /var/www/html/app/controllers/Controller.php on line 31
[18-Mar-2019 18:50:14 UTC] PHP Warning:  require_once(/var/www/html/app/views/app\controllers\Login.php) [<a href='0function.require-once0'>function.require-once0</a>]: failed to open stream: No such file or directory in /var/www/html/app/controllers/Controller.php on line 32
[18-Mar-2019 18:50:14 UTC] PHP Fatal error:  require_once() [<a href='0function.require0'>function.require0</a>]: Failed opening required '/var/www/html/app/views/app\controllers\Login.php' (include_path='.:/usr/share/php') in /var/www/html/app/controllers/Controller.php on line 32
[18-Mar-2019 18:51:39 UTC] PHP Warning:  require_once(/var/www/html/app/views/app\controllers\Login.php) [<a href='0function.require-once0'>function.require-once0</a>]: failed to open stream: No such file or directory in /var/www/html/app/controllers/Controller.php on line 31
[18-Mar-2019 18:51:39 UTC] PHP Fatal error:  require_once() [<a href='0function.require0'>function.require0</a>]: Failed opening required '/var/www/html/app/views/app\controllers\Login.php' (include_path='.:/usr/share/php') in /var/www/html/app/controllers/Controller.php on line 31
[18-Mar-2019 18:52:53 UTC] PHP Notice:  Use of undefined constant BR - assumed 'BR' in /var/www/html/app/controllers/Login.php on line 9
[18-Mar-2019 18:52:53 UTC] PHP Warning:  require_once(/var/www/html/app/views/app\controllers\Login.php) [<a href='0function.require-once0'>function.require-once0</a>]: failed to open stream: No such file or directory in /var/www/html/app/controllers/Controller.php on line 31
[18-Mar-2019 18:52:53 UTC] PHP Fatal error:  require_once() [<a href='0function.require0'>function.require0</a>]: Failed opening required '/var/www/html/app/views/app\controllers\Login.php' (include_path='.:/usr/share/php') in /var/www/html/app/controllers/Controller.php on line 31
[18-Mar-2019 18:53:20 UTC] PHP Warning:  require_once(/var/www/html/app/views/app\controllers\Login.php) [<a href='0function.require-once0'>function.require-once0</a>]: failed to open stream: No such file or directory in /var/www/html/app/controllers/Controller.php on line 31
[18-Mar-2019 18:53:20 UTC] PHP Fatal error:  require_once() [<a href='0function.require0'>function.require0</a>]: Failed opening required '/var/www/html/app/views/app\controllers\Login.php' (include_path='.:/usr/share/php') in /var/www/html/app/controllers/Controller.php on line 31
[18-Mar-2019 18:54:35 UTC] PHP Warning:  require_once(/var/www/html/app/views/app\controllers\Login.php) [<a href='0function.require-once0'>function.require-once0</a>]: failed to open stream: No such file or directory in /var/www/html/app/controllers/Controller.php on line 31
[18-Mar-2019 18:54:35 UTC] PHP Fatal error:  require_once() [<a href='0function.require0'>function.require0</a>]: Failed opening required '/var/www/html/app/views/app\controllers\Login.php' (include_path='.:/usr/share/php') in /var/www/html/app/controllers/Controller.php on line 31
[18-Mar-2019 18:55:01 UTC] PHP Warning:  require_once(/var/www/html/app/views/app\controllers\Login.php) [<a href='0function.require-once0'>function.require-once0</a>]: failed to open stream: No such file or directory in /var/www/html/app/controllers/Controller.php on line 31
[18-Mar-2019 18:55:01 UTC] PHP Fatal error:  require_once() [<a href='0function.require0'>function.require0</a>]: Failed opening required '/var/www/html/app/views/app\controllers\Login.php' (include_path='.:/usr/share/php') in /var/www/html/app/controllers/Controller.php on line 31
[18-Mar-2019 18:56:52 UTC] PHP Notice:  Undefined offset: 1 in /var/www/html/app/controllers/Login.php on line 8
[18-Mar-2019 18:56:52 UTC] PHP Warning:  require_once(/var/www/html/app/views/.php) [<a href='0function.require-once0'>function.require-once0</a>]: failed to open stream: No such file or directory in /var/www/html/app/controllers/Controller.php on line 31
[18-Mar-2019 18:56:52 UTC] PHP Fatal error:  require_once() [<a href='0function.require0'>function.require0</a>]: Failed opening required '/var/www/html/app/views/.php' (include_path='.:/usr/share/php') in /var/www/html/app/controllers/Controller.php on line 31
[18-Mar-2019 18:57:34 UTC] PHP Notice:  Undefined offset: 2 in /var/www/html/app/controllers/Login.php on line 9
[18-Mar-2019 18:57:34 UTC] PHP Warning:  require_once(/var/www/html/app/views/.php) [<a href='0function.require-once0'>function.require-once0</a>]: failed to open stream: No such file or directory in /var/www/html/app/controllers/Controller.php on line 31
[18-Mar-2019 18:57:34 UTC] PHP Fatal error:  require_once() [<a href='0function.require0'>function.require0</a>]: Failed opening required '/var/www/html/app/views/.php' (include_path='.:/usr/share/php') in /var/www/html/app/controllers/Controller.php on line 31
[18-Mar-2019 18:57:42 UTC] PHP Notice:  Undefined offset: 1 in /var/www/html/app/controllers/Login.php on line 9
[18-Mar-2019 18:57:42 UTC] PHP Warning:  require_once(/var/www/html/app/views/.php) [<a href='0function.require-once0'>function.require-once0</a>]: failed to open stream: No such file or directory in /var/www/html/app/controllers/Controller.php on line 31
[18-Mar-2019 18:57:42 UTC] PHP Fatal error:  require_once() [<a href='0function.require0'>function.require0</a>]: Failed opening required '/var/www/html/app/views/.php' (include_path='.:/usr/share/php') in /var/www/html/app/controllers/Controller.php on line 31
[18-Mar-2019 18:58:01 UTC] PHP Notice:  Undefined offset: 1 in /var/www/html/app/controllers/Login.php on line 10
[18-Mar-2019 18:58:01 UTC] PHP Warning:  require_once(/var/www/html/app/views/.php) [<a href='0function.require-once0'>function.require-once0</a>]: failed to open stream: No such file or directory in /var/www/html/app/controllers/Controller.php on line 31
[18-Mar-2019 18:58:01 UTC] PHP Fatal error:  require_once() [<a href='0function.require0'>function.require0</a>]: Failed opening required '/var/www/html/app/views/.php' (include_path='.:/usr/share/php') in /var/www/html/app/controllers/Controller.php on line 31
[18-Mar-2019 18:59:06 UTC] PHP Notice:  Undefined offset: 1 in /var/www/html/app/controllers/Login.php on line 10
[18-Mar-2019 18:59:06 UTC] PHP Warning:  require_once(/var/www/html/app/views/.php) [<a href='0function.require-once0'>function.require-once0</a>]: failed to open stream: No such file or directory in /var/www/html/app/controllers/Controller.php on line 31
[18-Mar-2019 18:59:06 UTC] PHP Fatal error:  require_once() [<a href='0function.require0'>function.require0</a>]: Failed opening required '/var/www/html/app/views/.php' (include_path='.:/usr/share/php') in /var/www/html/app/controllers/Controller.php on line 31
[18-Mar-2019 18:59:28 UTC] PHP Notice:  Undefined offset: 1 in /var/www/html/app/controllers/Login.php on line 11
[18-Mar-2019 18:59:28 UTC] PHP Warning:  require_once(/var/www/html/app/views/.php) [<a href='0function.require-once0'>function.require-once0</a>]: failed to open stream: No such file or directory in /var/www/html/app/controllers/Controller.php on line 31
[18-Mar-2019 18:59:28 UTC] PHP Fatal error:  require_once() [<a href='0function.require0'>function.require0</a>]: Failed opening required '/var/www/html/app/views/.php' (include_path='.:/usr/share/php') in /var/www/html/app/controllers/Controller.php on line 31
[18-Mar-2019 19:06:48 UTC] PHP Warning:  require_once(/var/www/html/app/views/p.php) [<a href='0function.require-once0'>function.require-once0</a>]: failed to open stream: No such file or directory in /var/www/html/app/controllers/Controller.php on line 31
[18-Mar-2019 19:06:48 UTC] PHP Fatal error:  require_once() [<a href='0function.require0'>function.require0</a>]: Failed opening required '/var/www/html/app/views/p.php' (include_path='.:/usr/share/php') in /var/www/html/app/controllers/Controller.php on line 31
[18-Mar-2019 19:08:12 UTC] PHP Warning:  require_once(/var/www/html/app/views/controllers.php) [<a href='0function.require-once0'>function.require-once0</a>]: failed to open stream: No such file or directory in /var/www/html/app/controllers/Controller.php on line 31
[18-Mar-2019 19:08:12 UTC] PHP Fatal error:  require_once() [<a href='0function.require0'>function.require0</a>]: Failed opening required '/var/www/html/app/views/controllers.php' (include_path='.:/usr/share/php') in /var/www/html/app/controllers/Controller.php on line 31
[18-Mar-2019 19:08:32 UTC] PHP Warning:  require_once(/var/www/html/app/views/Login.php) [<a href='0function.require-once0'>function.require-once0</a>]: failed to open stream: No such file or directory in /var/www/html/app/controllers/Controller.php on line 31
[18-Mar-2019 19:08:32 UTC] PHP Fatal error:  require_once() [<a href='0function.require0'>function.require0</a>]: Failed opening required '/var/www/html/app/views/Login.php' (include_path='.:/usr/share/php') in /var/www/html/app/controllers/Controller.php on line 31
[18-Mar-2019 19:08:40 UTC] PHP Warning:  require_once(/var/www/html/app/views/Login.php) [<a href='0function.require-once0'>function.require-once0</a>]: failed to open stream: No such file or directory in /var/www/html/app/controllers/Controller.php on line 31
[18-Mar-2019 19:08:40 UTC] PHP Fatal error:  require_once() [<a href='0function.require0'>function.require0</a>]: Failed opening required '/var/www/html/app/views/Login.php' (include_path='.:/usr/share/php') in /var/www/html/app/controllers/Controller.php on line 31
[18-Mar-2019 19:09:20 UTC] PHP Warning:  require_once(/var/www/html/app/views/Login.php) [<a href='0function.require-once0'>function.require-once0</a>]: failed to open stream: No such file or directory in /var/www/html/app/controllers/Controller.php on line 31
[18-Mar-2019 19:09:20 UTC] PHP Fatal error:  require_once() [<a href='0function.require0'>function.require0</a>]: Failed opening required '/var/www/html/app/views/Login.php' (include_path='.:/usr/share/php') in /var/www/html/app/controllers/Controller.php on line 31
[18-Mar-2019 19:10:18 UTC] PHP Warning:  require_once(/var/www/html/app/views/Login.php) [<a href='0function.require-once0'>function.require-once0</a>]: failed to open stream: No such file or directory in /var/www/html/app/controllers/Controller.php on line 31
[18-Mar-2019 19:10:18 UTC] PHP Fatal error:  require_once() [<a href='0function.require0'>function.require0</a>]: Failed opening required '/var/www/html/app/views/Login.php' (include_path='.:/usr/share/php') in /var/www/html/app/controllers/Controller.php on line 31
