[03-Apr-2019 11:01:37 UTC] PHP Warning:  array_pop() expects parameter 1 to be array, null given in /var/www/html/app/config/vars.php on line 3
[03-Apr-2019 11:01:37 UTC] PHP Warning:  require_once(/var/www/html/htdocsapp/core/minify.php) [<a href='0function.require-once0'>function.require-once0</a>]: failed to open stream: No such file or directory in /var/www/html/htdocs/index.php on line 7
[03-Apr-2019 11:01:37 UTC] PHP Fatal error:  require_once() [<a href='0function.require0'>function.require0</a>]: Failed opening required '/var/www/html/htdocsapp/core/minify.php' (include_path='.:/usr/local/lib/php') in /var/www/html/htdocs/index.php on line 7
[03-Apr-2019 11:04:59 UTC] PHP Warning:  Use of undefined constant UR_ROOT - assumed 'UR_ROOT' (this will throw an Error in a future version of PHP) in /var/www/html/app/config/vars.php on line 5
[03-Apr-2019 12:49:44 UTC] PHP Fatal error:  Uncaught Error: Class 'MatthiasMullie\Minify\CSS' not found in /var/www/html/app/core/minify.php:7
Stack trace:
#0 /var/www/html/htdocs/index.php(7): require_once()
#1 {main}
  thrown in /var/www/html/app/core/minify.php on line 7
[03-Apr-2019 13:10:54 UTC] PHP Fatal error:  Uncaught Error: Class 'MatthiasMullie\Minify\CSS' not found in /var/www/html/app/core/minify.php:7
Stack trace:
#0 /var/www/html/htdocs/index.php(7): require_once()
#1 {main}
  thrown in /var/www/html/app/core/minify.php on line 7
[03-Apr-2019 13:11:47 UTC] PHP Fatal error:  Uncaught Error: Class 'MatthiasMullie\Minify\CSS' not found in /var/www/html/app/core/minify.php:7
Stack trace:
#0 /var/www/html/htdocs/index.php(7): require_once()
#1 {main}
  thrown in /var/www/html/app/core/minify.php on line 7
[03-Apr-2019 13:14:15 UTC] PHP Fatal error:  Uncaught MatthiasMullie\Minify\Exceptions\IOException: The file "/var/www/html/htdocs/css/main.min.css" could not be opened for writing. Check if PHP has enough permissions. in /var/www/html/vendor/matthiasmullie/minify/src/Minify.php:438
Stack trace:
#0 /var/www/html/vendor/matthiasmullie/minify/src/Minify.php(198): MatthiasMullie\Minify\Minify->openFileForWriting('/var/www/html/h...')
#1 /var/www/html/vendor/matthiasmullie/minify/src/Minify.php(115): MatthiasMullie\Minify\Minify->save('', '/var/www/html/h...')
#2 /var/www/html/app/core/minify.php(8): MatthiasMullie\Minify\Minify->minify('/var/www/html/h...')
#3 /var/www/html/htdocs/index.php(7): require_once('/var/www/html/a...')
#4 {main}
  thrown in /var/www/html/vendor/matthiasmullie/minify/src/Minify.php on line 438
[03-Apr-2019 13:35:01 UTC] PHP Fatal error:  Uncaught Error: Class 'leafo' not found in /var/www/html/app/core/less.php:2
Stack trace:
#0 /var/www/html/htdocs/index.php(8): require_once()
#1 {main}
  thrown in /var/www/html/app/core/less.php on line 2
[03-Apr-2019 13:38:02 UTC] PHP Fatal error:  Uncaught Error: Class 'lessphp' not found in /var/www/html/app/core/less.php:3
Stack trace:
#0 /var/www/html/htdocs/index.php(8): require_once()
#1 {main}
  thrown in /var/www/html/app/core/less.php on line 3
[03-Apr-2019 13:40:09 UTC] PHP Warning:  require(lessc.inc.php) [<a href='0function.require0'>function.require0</a>]: failed to open stream: No such file or directory in /var/www/html/app/core/less.php on line 2
[03-Apr-2019 13:40:09 UTC] PHP Fatal error:  require() [<a href='0function.require0'>function.require0</a>]: Failed opening required 'lessc.inc.php' (include_path='.:/usr/local/lib/php') in /var/www/html/app/core/less.php on line 2
[03-Apr-2019 13:46:29 UTC] PHP Fatal error:  Uncaught Error: Class 'leafo\LessCompiler' not found in /var/www/html/app/core/less.php:2
Stack trace:
#0 /var/www/html/htdocs/index.php(8): require_once()
#1 {main}
  thrown in /var/www/html/app/core/less.php on line 2
[03-Apr-2019 13:49:38 UTC] PHP Fatal error:  Uncaught Error: Class 'LessCompiler' not found in /var/www/html/app/core/less.php:2
Stack trace:
#0 /var/www/html/htdocs/index.php(8): require_once()
#1 {main}
  thrown in /var/www/html/app/core/less.php on line 2
[03-Apr-2019 13:49:55 UTC] PHP Fatal error:  Uncaught Error: Class 'leafo\LessCompiler' not found in /var/www/html/app/core/less.php:2
Stack trace:
#0 /var/www/html/htdocs/index.php(8): require_once()
#1 {main}
  thrown in /var/www/html/app/core/less.php on line 2
[03-Apr-2019 13:50:13 UTC] PHP Fatal error:  Uncaught Error: Class 'leafo\LessCompiler' not found in /var/www/html/app/core/less.php:2
Stack trace:
#0 /var/www/html/htdocs/index.php(8): require_once()
#1 {main}
  thrown in /var/www/html/app/core/less.php on line 2
[03-Apr-2019 13:50:14 UTC] PHP Fatal error:  Uncaught Error: Class 'leafo\LessCompiler' not found in /var/www/html/app/core/less.php:2
Stack trace:
#0 /var/www/html/htdocs/index.php(8): require_once()
#1 {main}
  thrown in /var/www/html/app/core/less.php on line 2
[03-Apr-2019 13:53:05 UTC] PHP Fatal error:  Uncaught Error: Class 'leafo\LessCompiler' not found in /var/www/html/app/core/less.php:3
Stack trace:
#0 /var/www/html/htdocs/index.php(8): require_once()
#1 {main}
  thrown in /var/www/html/app/core/less.php on line 3
[03-Apr-2019 13:53:37 UTC] PHP Fatal error:  Uncaught Error: Class 'leafo\LessCompiler' not found in /var/www/html/app/core/less.php:3
Stack trace:
#0 /var/www/html/htdocs/index.php(8): require_once()
#1 {main}
  thrown in /var/www/html/app/core/less.php on line 3
[03-Apr-2019 14:06:49 UTC] PHP Fatal error:  Uncaught Error: Class 'app\models\lessc' not found in /var/www/html/app/models/LessCompiler.php:2
Stack trace:
#0 /var/www/html/vendor/composer/ClassLoader.php(444): include()
#1 /var/www/html/vendor/composer/ClassLoader.php(322): Composer\Autoload\includeFile('/var/www/html/v...')
#2 [internal function]: Composer\Autoload\ClassLoader->loadClass('app\\models\\Less...')
#3 /var/www/html/app/core/less.php(2): spl_autoload_call('app\\models\\Less...')
#4 /var/www/html/htdocs/index.php(8): require_once('/var/www/html/a...')
#5 {main}
  thrown in /var/www/html/app/models/LessCompiler.php on line 2
[03-Apr-2019 14:14:21 UTC] PHP Warning:  readdir() expects parameter 1 to be resource, string given in /var/www/html/app/core/less.php on line 7
[03-Apr-2019 14:15:22 UTC] PHP Warning:  readdir() expects parameter 1 to be resource, string given in /var/www/html/app/core/less.php on line 7
[03-Apr-2019 14:15:23 UTC] PHP Warning:  readdir() expects parameter 1 to be resource, string given in /var/www/html/app/core/less.php on line 7
[03-Apr-2019 14:16:13 UTC] PHP Warning:  readdir() expects parameter 1 to be resource, string given in /var/www/html/app/core/less.php on line 8
[03-Apr-2019 14:22:13 UTC] PHP Fatal error:  Uncaught Error: Call to undefined method app\models\LessCompiler::compiler_all() in /var/www/html/app/core/less.php:4
Stack trace:
#0 /var/www/html/htdocs/index.php(8): require_once()
#1 {main}
  thrown in /var/www/html/app/core/less.php on line 4
[03-Apr-2019 14:27:27 UTC] PHP Parse error:  syntax error, unexpected ')' in /var/www/html/app/models/LessCompiler.php on line 42
[03-Apr-2019 14:45:49 UTC] PHP Warning:  filemtime() [<a href='0function.filemtime0'>function.filemtime0</a>]: stat failed for main.less in /var/www/html/vendor/leafo/lessphp/lessc.inc.php on line 1935
[03-Apr-2019 14:46:29 UTC] PHP Warning:  filemtime() [<a href='0function.filemtime0'>function.filemtime0</a>]: stat failed for main.less in /var/www/html/vendor/leafo/lessphp/lessc.inc.php on line 1935
[03-Apr-2019 14:46:43 UTC] PHP Warning:  filemtime() [<a href='0function.filemtime0'>function.filemtime0</a>]: stat failed for main.less in /var/www/html/vendor/leafo/lessphp/lessc.inc.php on line 1935
[03-Apr-2019 14:47:08 UTC] PHP Fatal error:  Uncaught Exception: main.less is undefined: failed at `main.less` /var/www/html/htdocs/css/main.min.css on line 1 in /var/www/html/vendor/leafo/lessphp/lessc.inc.php:3553
Stack trace:
#0 /var/www/html/vendor/leafo/lessphp/lessc.inc.php(2097): lessc_parser->throwError('main.less is un...', 0)
#1 /var/www/html/vendor/leafo/lessphp/lessc.inc.php(720): lessc->throwError('main.less is un...')
#2 /var/www/html/vendor/leafo/lessphp/lessc.inc.php(283): lessc->compileProp(Array, Object(stdClass), Object(stdClass))
#3 /var/www/html/vendor/leafo/lessphp/lessc.inc.php(277): lessc->compileProps(Object(stdClass), Object(stdClass))
#4 /var/www/html/vendor/leafo/lessphp/lessc.inc.php(192): lessc->compileRoot(Object(stdClass))
#5 /var/www/html/vendor/leafo/lessphp/lessc.inc.php(1899): lessc->compileBlock(Object(stdClass))
#6 /var/www/html/app/core/less.php(14): lessc->compile('main.less', '/var/www/html/h...')
#7 /var/www/html/htdocs/index.php(8): require_once('/var/www/html/a...')
#8 {main}
  thrown in /var/www/html/vendor/leafo/lessphp/lessc.inc.php on line 3553
[03-Apr-2019 14:47:52 UTC] PHP Fatal error:  Uncaught Exception: /var/www/html/app/src/less/main.less is undefined: failed at `/var/www/html/app/src/less/main.less` /var/www/html/htdocs/css/main.min.css on line 1 in /var/www/html/vendor/leafo/lessphp/lessc.inc.php:3553
Stack trace:
#0 /var/www/html/vendor/leafo/lessphp/lessc.inc.php(2097): lessc_parser->throwError('/var/www/html/a...', 0)
#1 /var/www/html/vendor/leafo/lessphp/lessc.inc.php(720): lessc->throwError('/var/www/html/a...')
#2 /var/www/html/vendor/leafo/lessphp/lessc.inc.php(283): lessc->compileProp(Array, Object(stdClass), Object(stdClass))
#3 /var/www/html/vendor/leafo/lessphp/lessc.inc.php(277): lessc->compileProps(Object(stdClass), Object(stdClass))
#4 /var/www/html/vendor/leafo/lessphp/lessc.inc.php(192): lessc->compileRoot(Object(stdClass))
#5 /var/www/html/vendor/leafo/lessphp/lessc.inc.php(1899): lessc->compileBlock(Object(stdClass))
#6 /var/www/html/app/core/less.php(14): lessc->compile('/var/www/html/a...', '/var/www/html/h...')
#7 /var/www/html/htdocs/index.php(8): require_once('/var/www/html/a...')
#8 {main}
  thrown in /var/www/html/vendor/leafo/lessphp/lessc.inc.php on line 3553
[04-Apr-2019 06:04:56 UTC] PHP Fatal error:  Uncaught Exception: /var/www/html/app/src/less/main.less is undefined: failed at `/var/www/html/app/src/less/main.less` /var/www/html/htdocs/css/main.min.css on line 1 in /var/www/html/vendor/leafo/lessphp/lessc.inc.php:3553
Stack trace:
#0 /var/www/html/vendor/leafo/lessphp/lessc.inc.php(2097): lessc_parser->throwError('/var/www/html/a...', 0)
#1 /var/www/html/vendor/leafo/lessphp/lessc.inc.php(720): lessc->throwError('/var/www/html/a...')
#2 /var/www/html/vendor/leafo/lessphp/lessc.inc.php(283): lessc->compileProp(Array, Object(stdClass), Object(stdClass))
#3 /var/www/html/vendor/leafo/lessphp/lessc.inc.php(277): lessc->compileProps(Object(stdClass), Object(stdClass))
#4 /var/www/html/vendor/leafo/lessphp/lessc.inc.php(192): lessc->compileRoot(Object(stdClass))
#5 /var/www/html/vendor/leafo/lessphp/lessc.inc.php(1899): lessc->compileBlock(Object(stdClass))
#6 /var/www/html/app/core/less.php(14): lessc->compile('/var/www/html/a...', '/var/www/html/h...')
#7 /var/www/html/htdocs/index.php(8): require_once('/var/www/html/a...')
#8 {main}
  thrown in /var/www/html/vendor/leafo/lessphp/lessc.inc.php on line 3553
[04-Apr-2019 06:05:41 UTC] PHP Fatal error:  Uncaught Exception: /var/www/html/app/src/less/main.less is undefined: failed at `/var/www/html/app/src/less/main.less` /var/www/html/htdocs/css/main.min.css on line 1 in /var/www/html/vendor/leafo/lessphp/lessc.inc.php:3553
Stack trace:
#0 /var/www/html/vendor/leafo/lessphp/lessc.inc.php(2097): lessc_parser->throwError('/var/www/html/a...', 0)
#1 /var/www/html/vendor/leafo/lessphp/lessc.inc.php(720): lessc->throwError('/var/www/html/a...')
#2 /var/www/html/vendor/leafo/lessphp/lessc.inc.php(283): lessc->compileProp(Array, Object(stdClass), Object(stdClass))
#3 /var/www/html/vendor/leafo/lessphp/lessc.inc.php(277): lessc->compileProps(Object(stdClass), Object(stdClass))
#4 /var/www/html/vendor/leafo/lessphp/lessc.inc.php(192): lessc->compileRoot(Object(stdClass))
#5 /var/www/html/vendor/leafo/lessphp/lessc.inc.php(1899): lessc->compileBlock(Object(stdClass))
#6 /var/www/html/app/core/less.php(14): lessc->compile('/var/www/html/a...', '/var/www/html/h...')
#7 /var/www/html/htdocs/index.php(8): require_once('/var/www/html/a...')
#8 {main}
  thrown in /var/www/html/vendor/leafo/lessphp/lessc.inc.php on line 3553
[04-Apr-2019 06:06:22 UTC] PHP Fatal error:  Uncaught Exception: /var/www/html/app/src/less/main.less is undefined: failed at `/var/www/html/app/src/less/main.less` /var/www/html/htdocs/css/main.min.css on line 1 in /var/www/html/vendor/leafo/lessphp/lessc.inc.php:3553
Stack trace:
#0 /var/www/html/vendor/leafo/lessphp/lessc.inc.php(2097): lessc_parser->throwError('/var/www/html/a...', 0)
#1 /var/www/html/vendor/leafo/lessphp/lessc.inc.php(720): lessc->throwError('/var/www/html/a...')
#2 /var/www/html/vendor/leafo/lessphp/lessc.inc.php(283): lessc->compileProp(Array, Object(stdClass), Object(stdClass))
#3 /var/www/html/vendor/leafo/lessphp/lessc.inc.php(277): lessc->compileProps(Object(stdClass), Object(stdClass))
#4 /var/www/html/vendor/leafo/lessphp/lessc.inc.php(192): lessc->compileRoot(Object(stdClass))
#5 /var/www/html/vendor/leafo/lessphp/lessc.inc.php(1899): lessc->compileBlock(Object(stdClass))
#6 /var/www/html/app/core/less.php(14): lessc->compile('/var/www/html/a...', '/var/www/html/h...')
#7 /var/www/html/htdocs/index.php(8): require_once('/var/www/html/a...')
#8 {main}
  thrown in /var/www/html/vendor/leafo/lessphp/lessc.inc.php on line 3553
[04-Apr-2019 06:07:14 UTC] PHP Fatal error:  Uncaught Exception: /var/www/html/app/src/less/main.less is undefined: failed at `/var/www/html/app/src/less/main.less` /var/www/html/htdocs/css/main.min.css on line 1 in /var/www/html/vendor/leafo/lessphp/lessc.inc.php:3553
Stack trace:
#0 /var/www/html/vendor/leafo/lessphp/lessc.inc.php(2097): lessc_parser->throwError('/var/www/html/a...', 0)
#1 /var/www/html/vendor/leafo/lessphp/lessc.inc.php(720): lessc->throwError('/var/www/html/a...')
#2 /var/www/html/vendor/leafo/lessphp/lessc.inc.php(283): lessc->compileProp(Array, Object(stdClass), Object(stdClass))
#3 /var/www/html/vendor/leafo/lessphp/lessc.inc.php(277): lessc->compileProps(Object(stdClass), Object(stdClass))
#4 /var/www/html/vendor/leafo/lessphp/lessc.inc.php(192): lessc->compileRoot(Object(stdClass))
#5 /var/www/html/vendor/leafo/lessphp/lessc.inc.php(1899): lessc->compileBlock(Object(stdClass))
#6 /var/www/html/app/core/less.php(14): lessc->compile('/var/www/html/a...', '/var/www/html/h...')
#7 /var/www/html/htdocs/index.php(8): require_once('/var/www/html/a...')
#8 {main}
  thrown in /var/www/html/vendor/leafo/lessphp/lessc.inc.php on line 3553
[04-Apr-2019 06:07:17 UTC] PHP Fatal error:  Uncaught Exception: /var/www/html/app/src/less/main.less is undefined: failed at `/var/www/html/app/src/less/main.less` /var/www/html/htdocs/css/main.min.css on line 1 in /var/www/html/vendor/leafo/lessphp/lessc.inc.php:3553
Stack trace:
#0 /var/www/html/vendor/leafo/lessphp/lessc.inc.php(2097): lessc_parser->throwError('/var/www/html/a...', 0)
#1 /var/www/html/vendor/leafo/lessphp/lessc.inc.php(720): lessc->throwError('/var/www/html/a...')
#2 /var/www/html/vendor/leafo/lessphp/lessc.inc.php(283): lessc->compileProp(Array, Object(stdClass), Object(stdClass))
#3 /var/www/html/vendor/leafo/lessphp/lessc.inc.php(277): lessc->compileProps(Object(stdClass), Object(stdClass))
#4 /var/www/html/vendor/leafo/lessphp/lessc.inc.php(192): lessc->compileRoot(Object(stdClass))
#5 /var/www/html/vendor/leafo/lessphp/lessc.inc.php(1899): lessc->compileBlock(Object(stdClass))
#6 /var/www/html/app/core/less.php(14): lessc->compile('/var/www/html/a...', '/var/www/html/h...')
#7 /var/www/html/htdocs/index.php(8): require_once('/var/www/html/a...')
#8 {main}
  thrown in /var/www/html/vendor/leafo/lessphp/lessc.inc.php on line 3553
[04-Apr-2019 06:08:57 UTC] PHP Fatal error:  Uncaught Exception: /var/www/html/app/src/less/main.less is undefined: failed at `/var/www/html/app/src/less/main.less` /var/www/html/htdocs/css/main.min.css on line 1 in /var/www/html/vendor/leafo/lessphp/lessc.inc.php:3553
Stack trace:
#0 /var/www/html/vendor/leafo/lessphp/lessc.inc.php(2097): lessc_parser->throwError('/var/www/html/a...', 0)
#1 /var/www/html/vendor/leafo/lessphp/lessc.inc.php(720): lessc->throwError('/var/www/html/a...')
#2 /var/www/html/vendor/leafo/lessphp/lessc.inc.php(283): lessc->compileProp(Array, Object(stdClass), Object(stdClass))
#3 /var/www/html/vendor/leafo/lessphp/lessc.inc.php(277): lessc->compileProps(Object(stdClass), Object(stdClass))
#4 /var/www/html/vendor/leafo/lessphp/lessc.inc.php(192): lessc->compileRoot(Object(stdClass))
#5 /var/www/html/vendor/leafo/lessphp/lessc.inc.php(1899): lessc->compileBlock(Object(stdClass))
#6 /var/www/html/app/core/less.php(14): lessc->compile('/var/www/html/a...', '/var/www/html/h...')
#7 /var/www/html/htdocs/index.php(8): require_once('/var/www/html/a...')
#8 {main}
  thrown in /var/www/html/vendor/leafo/lessphp/lessc.inc.php on line 3553
[04-Apr-2019 06:09:26 UTC] PHP Fatal error:  Uncaught Exception: /var/www/html/app/src/less/main.less is undefined: failed at `/var/www/html/app/src/less/main.less` /var/www/html/htdocs/css/main.min.css on line 1 in /var/www/html/vendor/leafo/lessphp/lessc.inc.php:3553
Stack trace:
#0 /var/www/html/vendor/leafo/lessphp/lessc.inc.php(2097): lessc_parser->throwError('/var/www/html/a...', 0)
#1 /var/www/html/vendor/leafo/lessphp/lessc.inc.php(720): lessc->throwError('/var/www/html/a...')
#2 /var/www/html/vendor/leafo/lessphp/lessc.inc.php(283): lessc->compileProp(Array, Object(stdClass), Object(stdClass))
#3 /var/www/html/vendor/leafo/lessphp/lessc.inc.php(277): lessc->compileProps(Object(stdClass), Object(stdClass))
#4 /var/www/html/vendor/leafo/lessphp/lessc.inc.php(192): lessc->compileRoot(Object(stdClass))
#5 /var/www/html/vendor/leafo/lessphp/lessc.inc.php(1899): lessc->compileBlock(Object(stdClass))
#6 /var/www/html/app/core/less.php(14): lessc->compile('/var/www/html/a...', '/var/www/html/h...')
#7 /var/www/html/htdocs/index.php(8): require_once('/var/www/html/a...')
#8 {main}
  thrown in /var/www/html/vendor/leafo/lessphp/lessc.inc.php on line 3553
[04-Apr-2019 06:12:59 UTC] PHP Fatal error:  Uncaught Exception: /var/www/html/app/src/less/main.less is undefined: failed at `/var/www/html/app/src/less/main.less` /var/www/html/htdocs/css/main.min.css on line 1 in /var/www/html/vendor/leafo/lessphp/lessc.inc.php:3553
Stack trace:
#0 /var/www/html/vendor/leafo/lessphp/lessc.inc.php(2097): lessc_parser->throwError('/var/www/html/a...', 0)
#1 /var/www/html/vendor/leafo/lessphp/lessc.inc.php(720): lessc->throwError('/var/www/html/a...')
#2 /var/www/html/vendor/leafo/lessphp/lessc.inc.php(283): lessc->compileProp(Array, Object(stdClass), Object(stdClass))
#3 /var/www/html/vendor/leafo/lessphp/lessc.inc.php(277): lessc->compileProps(Object(stdClass), Object(stdClass))
#4 /var/www/html/vendor/leafo/lessphp/lessc.inc.php(192): lessc->compileRoot(Object(stdClass))
#5 /var/www/html/vendor/leafo/lessphp/lessc.inc.php(1899): lessc->compileBlock(Object(stdClass))
#6 /var/www/html/app/core/less.php(14): lessc->compile('/var/www/html/a...', '/var/www/html/h...')
#7 /var/www/html/htdocs/index.php(8): require_once('/var/www/html/a...')
#8 {main}
  thrown in /var/www/html/vendor/leafo/lessphp/lessc.inc.php on line 3553
[04-Apr-2019 06:13:15 UTC] PHP Fatal error:  Uncaught Exception: /var/www/html/app/src/less/main.less is undefined: failed at `/var/www/html/app/src/less/main.less` /var/www/html/htdocs/css/main.min.css on line 1 in /var/www/html/vendor/leafo/lessphp/lessc.inc.php:3553
Stack trace:
#0 /var/www/html/vendor/leafo/lessphp/lessc.inc.php(2097): lessc_parser->throwError('/var/www/html/a...', 0)
#1 /var/www/html/vendor/leafo/lessphp/lessc.inc.php(720): lessc->throwError('/var/www/html/a...')
#2 /var/www/html/vendor/leafo/lessphp/lessc.inc.php(283): lessc->compileProp(Array, Object(stdClass), Object(stdClass))
#3 /var/www/html/vendor/leafo/lessphp/lessc.inc.php(277): lessc->compileProps(Object(stdClass), Object(stdClass))
#4 /var/www/html/vendor/leafo/lessphp/lessc.inc.php(192): lessc->compileRoot(Object(stdClass))
#5 /var/www/html/vendor/leafo/lessphp/lessc.inc.php(1899): lessc->compileBlock(Object(stdClass))
#6 /var/www/html/app/core/less.php(14): lessc->compile('/var/www/html/a...', '/var/www/html/h...')
#7 /var/www/html/htdocs/index.php(8): require_once('/var/www/html/a...')
#8 {main}
  thrown in /var/www/html/vendor/leafo/lessphp/lessc.inc.php on line 3553
[04-Apr-2019 06:13:16 UTC] PHP Fatal error:  Uncaught Exception: /var/www/html/app/src/less/main.less is undefined: failed at `/var/www/html/app/src/less/main.less` /var/www/html/htdocs/css/main.min.css on line 1 in /var/www/html/vendor/leafo/lessphp/lessc.inc.php:3553
Stack trace:
#0 /var/www/html/vendor/leafo/lessphp/lessc.inc.php(2097): lessc_parser->throwError('/var/www/html/a...', 0)
#1 /var/www/html/vendor/leafo/lessphp/lessc.inc.php(720): lessc->throwError('/var/www/html/a...')
#2 /var/www/html/vendor/leafo/lessphp/lessc.inc.php(283): lessc->compileProp(Array, Object(stdClass), Object(stdClass))
#3 /var/www/html/vendor/leafo/lessphp/lessc.inc.php(277): lessc->compileProps(Object(stdClass), Object(stdClass))
#4 /var/www/html/vendor/leafo/lessphp/lessc.inc.php(192): lessc->compileRoot(Object(stdClass))
#5 /var/www/html/vendor/leafo/lessphp/lessc.inc.php(1899): lessc->compileBlock(Object(stdClass))
#6 /var/www/html/app/core/less.php(14): lessc->compile('/var/www/html/a...', '/var/www/html/h...')
#7 /var/www/html/htdocs/index.php(8): require_once('/var/www/html/a...')
#8 {main}
  thrown in /var/www/html/vendor/leafo/lessphp/lessc.inc.php on line 3553
[04-Apr-2019 06:13:42 UTC] PHP Fatal error:  Uncaught Exception: /var/www/html/app/src/less/main.less is undefined: failed at `/var/www/html/app/src/less/main.less` /var/www/html/htdocs/css/main.min.css on line 1 in /var/www/html/vendor/leafo/lessphp/lessc.inc.php:3553
Stack trace:
#0 /var/www/html/vendor/leafo/lessphp/lessc.inc.php(2097): lessc_parser->throwError('/var/www/html/a...', 0)
#1 /var/www/html/vendor/leafo/lessphp/lessc.inc.php(720): lessc->throwError('/var/www/html/a...')
#2 /var/www/html/vendor/leafo/lessphp/lessc.inc.php(283): lessc->compileProp(Array, Object(stdClass), Object(stdClass))
#3 /var/www/html/vendor/leafo/lessphp/lessc.inc.php(277): lessc->compileProps(Object(stdClass), Object(stdClass))
#4 /var/www/html/vendor/leafo/lessphp/lessc.inc.php(192): lessc->compileRoot(Object(stdClass))
#5 /var/www/html/vendor/leafo/lessphp/lessc.inc.php(1899): lessc->compileBlock(Object(stdClass))
#6 /var/www/html/app/core/less.php(16): lessc->compile('/var/www/html/a...', '/var/www/html/h...')
#7 /var/www/html/htdocs/index.php(8): require_once('/var/www/html/a...')
#8 {main}
  thrown in /var/www/html/vendor/leafo/lessphp/lessc.inc.php on line 3553
[04-Apr-2019 06:14:15 UTC] PHP Fatal error:  Uncaught Exception: /var/www/html/app/src/less/main.less is undefined: failed at `/var/www/html/app/src/less/main.less` /var/www/html/htdocs/css/main.min.css on line 1 in /var/www/html/vendor/leafo/lessphp/lessc.inc.php:3553
Stack trace:
#0 /var/www/html/vendor/leafo/lessphp/lessc.inc.php(2097): lessc_parser->throwError('/var/www/html/a...', 0)
#1 /var/www/html/vendor/leafo/lessphp/lessc.inc.php(720): lessc->throwError('/var/www/html/a...')
#2 /var/www/html/vendor/leafo/lessphp/lessc.inc.php(283): lessc->compileProp(Array, Object(stdClass), Object(stdClass))
#3 /var/www/html/vendor/leafo/lessphp/lessc.inc.php(277): lessc->compileProps(Object(stdClass), Object(stdClass))
#4 /var/www/html/vendor/leafo/lessphp/lessc.inc.php(192): lessc->compileRoot(Object(stdClass))
#5 /var/www/html/vendor/leafo/lessphp/lessc.inc.php(1899): lessc->compileBlock(Object(stdClass))
#6 /var/www/html/app/core/less.php(18): lessc->compile('/var/www/html/a...', '/var/www/html/h...')
#7 /var/www/html/htdocs/index.php(8): require_once('/var/www/html/a...')
#8 {main}
  thrown in /var/www/html/vendor/leafo/lessphp/lessc.inc.php on line 3553
[04-Apr-2019 06:14:36 UTC] PHP Fatal error:  Uncaught Exception: /var/www/html/app/src/less/main.less is undefined: failed at `/var/www/html/app/src/less/main.less` /var/www/html/htdocs/css/main.min.css on line 1 in /var/www/html/vendor/leafo/lessphp/lessc.inc.php:3553
Stack trace:
#0 /var/www/html/vendor/leafo/lessphp/lessc.inc.php(2097): lessc_parser->throwError('/var/www/html/a...', 0)
#1 /var/www/html/vendor/leafo/lessphp/lessc.inc.php(720): lessc->throwError('/var/www/html/a...')
#2 /var/www/html/vendor/leafo/lessphp/lessc.inc.php(283): lessc->compileProp(Array, Object(stdClass), Object(stdClass))
#3 /var/www/html/vendor/leafo/lessphp/lessc.inc.php(277): lessc->compileProps(Object(stdClass), Object(stdClass))
#4 /var/www/html/vendor/leafo/lessphp/lessc.inc.php(192): lessc->compileRoot(Object(stdClass))
#5 /var/www/html/vendor/leafo/lessphp/lessc.inc.php(1899): lessc->compileBlock(Object(stdClass))
#6 /var/www/html/app/core/less.php(18): lessc->compile('/var/www/html/a...', '/var/www/html/h...')
#7 /var/www/html/htdocs/index.php(8): require_once('/var/www/html/a...')
#8 {main}
  thrown in /var/www/html/vendor/leafo/lessphp/lessc.inc.php on line 3553
[04-Apr-2019 06:15:20 UTC] PHP Fatal error:  Uncaught Exception: /var/www/html/app/src/less/main.less is undefined: failed at `/var/www/html/app/src/less/main.less` /var/www/html/htdocs/css/main.min.css on line 1 in /var/www/html/vendor/leafo/lessphp/lessc.inc.php:3553
Stack trace:
#0 /var/www/html/vendor/leafo/lessphp/lessc.inc.php(2097): lessc_parser->throwError('/var/www/html/a...', 0)
#1 /var/www/html/vendor/leafo/lessphp/lessc.inc.php(720): lessc->throwError('/var/www/html/a...')
#2 /var/www/html/vendor/leafo/lessphp/lessc.inc.php(283): lessc->compileProp(Array, Object(stdClass), Object(stdClass))
#3 /var/www/html/vendor/leafo/lessphp/lessc.inc.php(277): lessc->compileProps(Object(stdClass), Object(stdClass))
#4 /var/www/html/vendor/leafo/lessphp/lessc.inc.php(192): lessc->compileRoot(Object(stdClass))
#5 /var/www/html/vendor/leafo/lessphp/lessc.inc.php(1899): lessc->compileBlock(Object(stdClass))
#6 /var/www/html/app/core/less.php(18): lessc->compile('/var/www/html/a...', '/var/www/html/h...')
#7 /var/www/html/htdocs/index.php(8): require_once('/var/www/html/a...')
#8 {main}
  thrown in /var/www/html/vendor/leafo/lessphp/lessc.inc.php on line 3553
[04-Apr-2019 06:15:38 UTC] PHP Fatal error:  Uncaught Exception: /var/www/html/app/src/less/main.less is undefined: failed at `/var/www/html/app/src/less/main.less` /var/www/html/htdocs/css/main.min.css on line 1 in /var/www/html/vendor/leafo/lessphp/lessc.inc.php:3553
Stack trace:
#0 /var/www/html/vendor/leafo/lessphp/lessc.inc.php(2097): lessc_parser->throwError('/var/www/html/a...', 0)
#1 /var/www/html/vendor/leafo/lessphp/lessc.inc.php(720): lessc->throwError('/var/www/html/a...')
#2 /var/www/html/vendor/leafo/lessphp/lessc.inc.php(283): lessc->compileProp(Array, Object(stdClass), Object(stdClass))
#3 /var/www/html/vendor/leafo/lessphp/lessc.inc.php(277): lessc->compileProps(Object(stdClass), Object(stdClass))
#4 /var/www/html/vendor/leafo/lessphp/lessc.inc.php(192): lessc->compileRoot(Object(stdClass))
#5 /var/www/html/vendor/leafo/lessphp/lessc.inc.php(1899): lessc->compileBlock(Object(stdClass))
#6 /var/www/html/app/core/less.php(18): lessc->compile('/var/www/html/a...', '/var/www/html/h...')
#7 /var/www/html/htdocs/index.php(8): require_once('/var/www/html/a...')
#8 {main}
  thrown in /var/www/html/vendor/leafo/lessphp/lessc.inc.php on line 3553
[04-Apr-2019 06:17:25 UTC] PHP Fatal error:  Uncaught Exception: /var/www/html/app/src/less/main.less is undefined: failed at `/var/www/html/app/src/less/main.less` /var/www/html/htdocs/css/main.min.css on line 1 in /var/www/html/vendor/leafo/lessphp/lessc.inc.php:3553
Stack trace:
#0 /var/www/html/vendor/leafo/lessphp/lessc.inc.php(2097): lessc_parser->throwError('/var/www/html/a...', 0)
#1 /var/www/html/vendor/leafo/lessphp/lessc.inc.php(720): lessc->throwError('/var/www/html/a...')
#2 /var/www/html/vendor/leafo/lessphp/lessc.inc.php(283): lessc->compileProp(Array, Object(stdClass), Object(stdClass))
#3 /var/www/html/vendor/leafo/lessphp/lessc.inc.php(277): lessc->compileProps(Object(stdClass), Object(stdClass))
#4 /var/www/html/vendor/leafo/lessphp/lessc.inc.php(192): lessc->compileRoot(Object(stdClass))
#5 /var/www/html/vendor/leafo/lessphp/lessc.inc.php(1899): lessc->compileBlock(Object(stdClass))
#6 /var/www/html/app/core/less.php(18): lessc->compile('/var/www/html/a...', '/var/www/html/h...')
#7 /var/www/html/htdocs/index.php(8): require_once('/var/www/html/a...')
#8 {main}
  thrown in /var/www/html/vendor/leafo/lessphp/lessc.inc.php on line 3553
[04-Apr-2019 06:19:17 UTC] PHP Fatal error:  Uncaught Exception: /var/www/html/app/src/less/main.less is undefined: failed at `/var/www/html/app/src/less/main.less` /var/www/html/htdocs/css/main.min.css on line 1 in /var/www/html/vendor/leafo/lessphp/lessc.inc.php:3553
Stack trace:
#0 /var/www/html/vendor/leafo/lessphp/lessc.inc.php(2097): lessc_parser->throwError('/var/www/html/a...', 0)
#1 /var/www/html/vendor/leafo/lessphp/lessc.inc.php(720): lessc->throwError('/var/www/html/a...')
#2 /var/www/html/vendor/leafo/lessphp/lessc.inc.php(283): lessc->compileProp(Array, Object(stdClass), Object(stdClass))
#3 /var/www/html/vendor/leafo/lessphp/lessc.inc.php(277): lessc->compileProps(Object(stdClass), Object(stdClass))
#4 /var/www/html/vendor/leafo/lessphp/lessc.inc.php(192): lessc->compileRoot(Object(stdClass))
#5 /var/www/html/vendor/leafo/lessphp/lessc.inc.php(1899): lessc->compileBlock(Object(stdClass))
#6 /var/www/html/app/core/less.php(18): lessc->compile('/var/www/html/a...', '/var/www/html/h...')
#7 /var/www/html/htdocs/index.php(8): require_once('/var/www/html/a...')
#8 {main}
  thrown in /var/www/html/vendor/leafo/lessphp/lessc.inc.php on line 3553
[04-Apr-2019 06:19:40 UTC] PHP Fatal error:  Uncaught Exception: /var/www/html/app/src/less/main.less is undefined: failed at `/var/www/html/app/src/less/main.less` /var/www/html/htdocs/css/main.min.css on line 1 in /var/www/html/vendor/leafo/lessphp/lessc.inc.php:3553
Stack trace:
#0 /var/www/html/vendor/leafo/lessphp/lessc.inc.php(2097): lessc_parser->throwError('/var/www/html/a...', 0)
#1 /var/www/html/vendor/leafo/lessphp/lessc.inc.php(720): lessc->throwError('/var/www/html/a...')
#2 /var/www/html/vendor/leafo/lessphp/lessc.inc.php(283): lessc->compileProp(Array, Object(stdClass), Object(stdClass))
#3 /var/www/html/vendor/leafo/lessphp/lessc.inc.php(277): lessc->compileProps(Object(stdClass), Object(stdClass))
#4 /var/www/html/vendor/leafo/lessphp/lessc.inc.php(192): lessc->compileRoot(Object(stdClass))
#5 /var/www/html/vendor/leafo/lessphp/lessc.inc.php(1899): lessc->compileBlock(Object(stdClass))
#6 /var/www/html/app/core/less.php(18): lessc->compile('/var/www/html/a...', '/var/www/html/h...')
#7 /var/www/html/htdocs/index.php(8): require_once('/var/www/html/a...')
#8 {main}
  thrown in /var/www/html/vendor/leafo/lessphp/lessc.inc.php on line 3553
[04-Apr-2019 06:19:41 UTC] PHP Fatal error:  Uncaught Exception: /var/www/html/app/src/less/main.less is undefined: failed at `/var/www/html/app/src/less/main.less` /var/www/html/htdocs/css/main.min.css on line 1 in /var/www/html/vendor/leafo/lessphp/lessc.inc.php:3553
Stack trace:
#0 /var/www/html/vendor/leafo/lessphp/lessc.inc.php(2097): lessc_parser->throwError('/var/www/html/a...', 0)
#1 /var/www/html/vendor/leafo/lessphp/lessc.inc.php(720): lessc->throwError('/var/www/html/a...')
#2 /var/www/html/vendor/leafo/lessphp/lessc.inc.php(283): lessc->compileProp(Array, Object(stdClass), Object(stdClass))
#3 /var/www/html/vendor/leafo/lessphp/lessc.inc.php(277): lessc->compileProps(Object(stdClass), Object(stdClass))
#4 /var/www/html/vendor/leafo/lessphp/lessc.inc.php(192): lessc->compileRoot(Object(stdClass))
#5 /var/www/html/vendor/leafo/lessphp/lessc.inc.php(1899): lessc->compileBlock(Object(stdClass))
#6 /var/www/html/app/core/less.php(18): lessc->compile('/var/www/html/a...', '/var/www/html/h...')
#7 /var/www/html/htdocs/index.php(8): require_once('/var/www/html/a...')
#8 {main}
  thrown in /var/www/html/vendor/leafo/lessphp/lessc.inc.php on line 3553
[04-Apr-2019 06:21:11 UTC] PHP Parse error:  syntax error, unexpected '"AKI"' (T_CONSTANT_ENCAPSED_STRING) in /var/www/html/vendor/leafo/lessphp/lessc.inc.php on line 1897
[04-Apr-2019 06:21:20 UTC] PHP Fatal error:  Uncaught Exception: /var/www/html/app/src/less/main.less is undefined: failed at `/var/www/html/app/src/less/main.less` /var/www/html/htdocs/css/main.min.css on line 1 in /var/www/html/vendor/leafo/lessphp/lessc.inc.php:3552
Stack trace:
#0 /var/www/html/vendor/leafo/lessphp/lessc.inc.php(2097): lessc_parser->throwError('/var/www/html/a...', 0)
#1 /var/www/html/vendor/leafo/lessphp/lessc.inc.php(720): lessc->throwError('/var/www/html/a...')
#2 /var/www/html/vendor/leafo/lessphp/lessc.inc.php(283): lessc->compileProp(Array, Object(stdClass), Object(stdClass))
#3 /var/www/html/vendor/leafo/lessphp/lessc.inc.php(277): lessc->compileProps(Object(stdClass), Object(stdClass))
#4 /var/www/html/vendor/leafo/lessphp/lessc.inc.php(192): lessc->compileRoot(Object(stdClass))
#5 /var/www/html/vendor/leafo/lessphp/lessc.inc.php(1899): lessc->compileBlock(Object(stdClass))
#6 /var/www/html/app/core/less.php(18): lessc->compile('/var/www/html/a...', '/var/www/html/h...')
#7 /var/www/html/htdocs/index.php(8): require_once('/var/www/html/a...')
#8 {main}
  thrown in /var/www/html/vendor/leafo/lessphp/lessc.inc.php on line 3552
[04-Apr-2019 06:21:38 UTC] PHP Fatal error:  Uncaught Exception: /var/www/html/app/src/less/main.less is undefined: failed at `/var/www/html/app/src/less/main.less` /var/www/html/htdocs/css/main.min.css on line 1 in /var/www/html/vendor/leafo/lessphp/lessc.inc.php:3552
Stack trace:
#0 /var/www/html/vendor/leafo/lessphp/lessc.inc.php(2097): lessc_parser->throwError('/var/www/html/a...', 0)
#1 /var/www/html/vendor/leafo/lessphp/lessc.inc.php(720): lessc->throwError('/var/www/html/a...')
#2 /var/www/html/vendor/leafo/lessphp/lessc.inc.php(283): lessc->compileProp(Array, Object(stdClass), Object(stdClass))
#3 /var/www/html/vendor/leafo/lessphp/lessc.inc.php(277): lessc->compileProps(Object(stdClass), Object(stdClass))
#4 /var/www/html/vendor/leafo/lessphp/lessc.inc.php(192): lessc->compileRoot(Object(stdClass))
#5 /var/www/html/vendor/leafo/lessphp/lessc.inc.php(1898): lessc->compileBlock(Object(stdClass))
#6 /var/www/html/app/core/less.php(14): lessc->compile('/var/www/html/a...', '/var/www/html/h...')
#7 /var/www/html/htdocs/index.php(8): require_once('/var/www/html/a...')
#8 {main}
  thrown in /var/www/html/vendor/leafo/lessphp/lessc.inc.php on line 3552
[04-Apr-2019 06:23:03 UTC] PHP Fatal error:  Uncaught Exception: /var/www/html/app/src/less/main.less is undefined: failed at `/var/www/html/app/src/less/main.less` /var/www/html/htdocs/css/main.min.css on line 1 in /var/www/html/vendor/leafo/lessphp/lessc.inc.php:3552
Stack trace:
#0 /var/www/html/vendor/leafo/lessphp/lessc.inc.php(2097): lessc_parser->throwError('/var/www/html/a...', 0)
#1 /var/www/html/vendor/leafo/lessphp/lessc.inc.php(721): lessc->throwError('/var/www/html/a...')
#2 /var/www/html/vendor/leafo/lessphp/lessc.inc.php(284): lessc->compileProp(Array, Object(stdClass), Object(stdClass))
#3 /var/www/html/vendor/leafo/lessphp/lessc.inc.php(278): lessc->compileProps(Object(stdClass), Object(stdClass))
#4 /var/www/html/vendor/leafo/lessphp/lessc.inc.php(193): lessc->compileRoot(Object(stdClass))
#5 /var/www/html/vendor/leafo/lessphp/lessc.inc.php(1899): lessc->compileBlock(Object(stdClass))
#6 /var/www/html/app/core/less.php(14): lessc->compile('/var/www/html/a...', '/var/www/html/h...')
#7 /var/www/html/htdocs/index.php(8): require_once('/var/www/html/a...')
#8 {main}
  thrown in /var/www/html/vendor/leafo/lessphp/lessc.inc.php on line 3552
[04-Apr-2019 06:23:15 UTC] PHP Fatal error:  Uncaught Exception: /var/www/html/app/src/less/main.less is undefined: failed at `/var/www/html/app/src/less/main.less` /var/www/html/htdocs/css/main.min.css on line 1 in /var/www/html/vendor/leafo/lessphp/lessc.inc.php:3552
Stack trace:
#0 /var/www/html/vendor/leafo/lessphp/lessc.inc.php(2097): lessc_parser->throwError('/var/www/html/a...', 0)
#1 /var/www/html/vendor/leafo/lessphp/lessc.inc.php(721): lessc->throwError('/var/www/html/a...')
#2 /var/www/html/vendor/leafo/lessphp/lessc.inc.php(284): lessc->compileProp(Array, Object(stdClass), Object(stdClass))
#3 /var/www/html/vendor/leafo/lessphp/lessc.inc.php(278): lessc->compileProps(Object(stdClass), Object(stdClass))
#4 /var/www/html/vendor/leafo/lessphp/lessc.inc.php(192): lessc->compileRoot(Object(stdClass))
#5 /var/www/html/vendor/leafo/lessphp/lessc.inc.php(1899): lessc->compileBlock(Object(stdClass))
#6 /var/www/html/app/core/less.php(14): lessc->compile('/var/www/html/a...', '/var/www/html/h...')
#7 /var/www/html/htdocs/index.php(8): require_once('/var/www/html/a...')
#8 {main}
  thrown in /var/www/html/vendor/leafo/lessphp/lessc.inc.php on line 3552
[04-Apr-2019 06:23:38 UTC] PHP Fatal error:  Uncaught Exception: /var/www/html/app/src/less/main.less is undefined: failed at `/var/www/html/app/src/less/main.less` /var/www/html/htdocs/css/main.min.css on line 1 in /var/www/html/vendor/leafo/lessphp/lessc.inc.php:3553
Stack trace:
#0 /var/www/html/vendor/leafo/lessphp/lessc.inc.php(2098): lessc_parser->throwError('/var/www/html/a...', 0)
#1 /var/www/html/vendor/leafo/lessphp/lessc.inc.php(722): lessc->throwError('/var/www/html/a...')
#2 /var/www/html/vendor/leafo/lessphp/lessc.inc.php(285): lessc->compileProp(Array, Object(stdClass), Object(stdClass))
#3 /var/www/html/vendor/leafo/lessphp/lessc.inc.php(279): lessc->compileProps(Object(stdClass), Object(stdClass))
#4 /var/www/html/vendor/leafo/lessphp/lessc.inc.php(194): lessc->compileRoot(Object(stdClass))
#5 /var/www/html/vendor/leafo/lessphp/lessc.inc.php(1900): lessc->compileBlock(Object(stdClass))
#6 /var/www/html/app/core/less.php(14): lessc->compile('/var/www/html/a...', '/var/www/html/h...')
#7 /var/www/html/htdocs/index.php(8): require_once('/var/www/html/a...')
#8 {main}
  thrown in /var/www/html/vendor/leafo/lessphp/lessc.inc.php on line 3553
[04-Apr-2019 06:24:03 UTC] PHP Fatal error:  Uncaught Exception: /var/www/html/app/src/less/main.less is undefined: failed at `/var/www/html/app/src/less/main.less` /var/www/html/htdocs/css/main.min.css on line 1 in /var/www/html/vendor/leafo/lessphp/lessc.inc.php:3552
Stack trace:
#0 /var/www/html/vendor/leafo/lessphp/lessc.inc.php(2097): lessc_parser->throwError('/var/www/html/a...', 0)
#1 /var/www/html/vendor/leafo/lessphp/lessc.inc.php(721): lessc->throwError('/var/www/html/a...')
#2 /var/www/html/vendor/leafo/lessphp/lessc.inc.php(284): lessc->compileProp(Array, Object(stdClass), Object(stdClass))
#3 /var/www/html/vendor/leafo/lessphp/lessc.inc.php(277): lessc->compileProps(Object(stdClass), Object(stdClass))
#4 /var/www/html/vendor/leafo/lessphp/lessc.inc.php(192): lessc->compileRoot(Object(stdClass))
#5 /var/www/html/vendor/leafo/lessphp/lessc.inc.php(1899): lessc->compileBlock(Object(stdClass))
#6 /var/www/html/app/core/less.php(14): lessc->compile('/var/www/html/a...', '/var/www/html/h...')
#7 /var/www/html/htdocs/index.php(8): require_once('/var/www/html/a...')
#8 {main}
  thrown in /var/www/html/vendor/leafo/lessphp/lessc.inc.php on line 3552
[04-Apr-2019 06:24:09 UTC] PHP Fatal error:  Uncaught Exception: /var/www/html/app/src/less/main.less is undefined: failed at `/var/www/html/app/src/less/main.less` /var/www/html/htdocs/css/main.min.css on line 1 in /var/www/html/vendor/leafo/lessphp/lessc.inc.php:3552
Stack trace:
#0 /var/www/html/vendor/leafo/lessphp/lessc.inc.php(2097): lessc_parser->throwError('/var/www/html/a...', 0)
#1 /var/www/html/vendor/leafo/lessphp/lessc.inc.php(721): lessc->throwError('/var/www/html/a...')
#2 /var/www/html/vendor/leafo/lessphp/lessc.inc.php(284): lessc->compileProp(Array, Object(stdClass), Object(stdClass))
#3 /var/www/html/vendor/leafo/lessphp/lessc.inc.php(278): lessc->compileProps(Object(stdClass), Object(stdClass))
#4 /var/www/html/vendor/leafo/lessphp/lessc.inc.php(192): lessc->compileRoot(Object(stdClass))
#5 /var/www/html/vendor/leafo/lessphp/lessc.inc.php(1899): lessc->compileBlock(Object(stdClass))
#6 /var/www/html/app/core/less.php(14): lessc->compile('/var/www/html/a...', '/var/www/html/h...')
#7 /var/www/html/htdocs/index.php(8): require_once('/var/www/html/a...')
#8 {main}
  thrown in /var/www/html/vendor/leafo/lessphp/lessc.inc.php on line 3552
[04-Apr-2019 06:24:13 UTC] PHP Fatal error:  Uncaught Exception: /var/www/html/app/src/less/main.less is undefined: failed at `/var/www/html/app/src/less/main.less` /var/www/html/htdocs/css/main.min.css on line 1 in /var/www/html/vendor/leafo/lessphp/lessc.inc.php:3552
Stack trace:
#0 /var/www/html/vendor/leafo/lessphp/lessc.inc.php(2097): lessc_parser->throwError('/var/www/html/a...', 0)
#1 /var/www/html/vendor/leafo/lessphp/lessc.inc.php(721): lessc->throwError('/var/www/html/a...')
#2 /var/www/html/vendor/leafo/lessphp/lessc.inc.php(284): lessc->compileProp(Array, Object(stdClass), Object(stdClass))
#3 /var/www/html/vendor/leafo/lessphp/lessc.inc.php(278): lessc->compileProps(Object(stdClass), Object(stdClass))
#4 /var/www/html/vendor/leafo/lessphp/lessc.inc.php(192): lessc->compileRoot(Object(stdClass))
#5 /var/www/html/vendor/leafo/lessphp/lessc.inc.php(1899): lessc->compileBlock(Object(stdClass))
#6 /var/www/html/app/core/less.php(14): lessc->compile('/var/www/html/a...', '/var/www/html/h...')
#7 /var/www/html/htdocs/index.php(8): require_once('/var/www/html/a...')
#8 {main}
  thrown in /var/www/html/vendor/leafo/lessphp/lessc.inc.php on line 3552
[04-Apr-2019 06:24:17 UTC] PHP Fatal error:  Uncaught Exception: /var/www/html/app/src/less/main.less is undefined: failed at `/var/www/html/app/src/less/main.less` /var/www/html/htdocs/css/main.min.css on line 1 in /var/www/html/vendor/leafo/lessphp/lessc.inc.php:3552
Stack trace:
#0 /var/www/html/vendor/leafo/lessphp/lessc.inc.php(2097): lessc_parser->throwError('/var/www/html/a...', 0)
#1 /var/www/html/vendor/leafo/lessphp/lessc.inc.php(721): lessc->throwError('/var/www/html/a...')
#2 /var/www/html/vendor/leafo/lessphp/lessc.inc.php(284): lessc->compileProp(Array, Object(stdClass), Object(stdClass))
#3 /var/www/html/vendor/leafo/lessphp/lessc.inc.php(278): lessc->compileProps(Object(stdClass), Object(stdClass))
#4 /var/www/html/vendor/leafo/lessphp/lessc.inc.php(192): lessc->compileRoot(Object(stdClass))
#5 /var/www/html/vendor/leafo/lessphp/lessc.inc.php(1899): lessc->compileBlock(Object(stdClass))
#6 /var/www/html/app/core/less.php(14): lessc->compile('/var/www/html/a...', '/var/www/html/h...')
#7 /var/www/html/htdocs/index.php(8): require_once('/var/www/html/a...')
#8 {main}
  thrown in /var/www/html/vendor/leafo/lessphp/lessc.inc.php on line 3552
[04-Apr-2019 06:24:20 UTC] PHP Fatal error:  Uncaught Exception: /var/www/html/app/src/less/main.less is undefined: failed at `/var/www/html/app/src/less/main.less` /var/www/html/htdocs/css/main.min.css on line 1 in /var/www/html/vendor/leafo/lessphp/lessc.inc.php:3552
Stack trace:
#0 /var/www/html/vendor/leafo/lessphp/lessc.inc.php(2097): lessc_parser->throwError('/var/www/html/a...', 0)
#1 /var/www/html/vendor/leafo/lessphp/lessc.inc.php(721): lessc->throwError('/var/www/html/a...')
#2 /var/www/html/vendor/leafo/lessphp/lessc.inc.php(284): lessc->compileProp(Array, Object(stdClass), Object(stdClass))
#3 /var/www/html/vendor/leafo/lessphp/lessc.inc.php(277): lessc->compileProps(Object(stdClass), Object(stdClass))
#4 /var/www/html/vendor/leafo/lessphp/lessc.inc.php(192): lessc->compileRoot(Object(stdClass))
#5 /var/www/html/vendor/leafo/lessphp/lessc.inc.php(1899): lessc->compileBlock(Object(stdClass))
#6 /var/www/html/app/core/less.php(14): lessc->compile('/var/www/html/a...', '/var/www/html/h...')
#7 /var/www/html/htdocs/index.php(8): require_once('/var/www/html/a...')
#8 {main}
  thrown in /var/www/html/vendor/leafo/lessphp/lessc.inc.php on line 3552
[04-Apr-2019 06:24:46 UTC] PHP Recoverable fatal error:  Object of class stdClass could not be converted to string in /var/www/html/vendor/leafo/lessphp/lessc.inc.php on line 277
[04-Apr-2019 06:24:59 UTC] PHP Recoverable fatal error:  Object of class stdClass could not be converted to string in /var/www/html/vendor/leafo/lessphp/lessc.inc.php on line 277
[04-Apr-2019 06:25:17 UTC] PHP Fatal error:  Uncaught Exception: /var/www/html/app/src/less/main.less is undefined: failed at `/var/www/html/app/src/less/main.less` /var/www/html/htdocs/css/main.min.css on line 1 in /var/www/html/vendor/leafo/lessphp/lessc.inc.php:3552
Stack trace:
#0 /var/www/html/vendor/leafo/lessphp/lessc.inc.php(2097): lessc_parser->throwError('/var/www/html/a...', 0)
#1 /var/www/html/vendor/leafo/lessphp/lessc.inc.php(721): lessc->throwError('/var/www/html/a...')
#2 /var/www/html/vendor/leafo/lessphp/lessc.inc.php(284): lessc->compileProp(Array, Object(stdClass), Object(stdClass))
#3 /var/www/html/vendor/leafo/lessphp/lessc.inc.php(278): lessc->compileProps(Object(stdClass), Object(stdClass))
#4 /var/www/html/vendor/leafo/lessphp/lessc.inc.php(192): lessc->compileRoot(Object(stdClass))
#5 /var/www/html/vendor/leafo/lessphp/lessc.inc.php(1899): lessc->compileBlock(Object(stdClass))
#6 /var/www/html/app/core/less.php(14): lessc->compile('/var/www/html/a...', '/var/www/html/h...')
#7 /var/www/html/htdocs/index.php(8): require_once('/var/www/html/a...')
#8 {main}
  thrown in /var/www/html/vendor/leafo/lessphp/lessc.inc.php on line 3552
[04-Apr-2019 06:26:29 UTC] PHP Fatal error:  Uncaught Exception: /var/www/html/app/src/less/main.less is undefined: failed at `/var/www/html/app/src/less/main.less` /var/www/html/htdocs/css/main.min.css on line 1 in /var/www/html/vendor/leafo/lessphp/lessc.inc.php:3552
Stack trace:
#0 /var/www/html/vendor/leafo/lessphp/lessc.inc.php(2097): lessc_parser->throwError('/var/www/html/a...', 0)
#1 /var/www/html/vendor/leafo/lessphp/lessc.inc.php(721): lessc->throwError('/var/www/html/a...')
#2 /var/www/html/vendor/leafo/lessphp/lessc.inc.php(284): lessc->compileProp(Array, Object(stdClass), Object(stdClass))
#3 /var/www/html/vendor/leafo/lessphp/lessc.inc.php(278): lessc->compileProps(Object(stdClass), Object(stdClass))
#4 /var/www/html/vendor/leafo/lessphp/lessc.inc.php(192): lessc->compileRoot(Object(stdClass))
#5 /var/www/html/vendor/leafo/lessphp/lessc.inc.php(1899): lessc->compileBlock(Object(stdClass))
#6 /var/www/html/app/core/less.php(14): lessc->compile('/var/www/html/a...', '/var/www/html/h...')
#7 /var/www/html/htdocs/index.php(8): require_once('/var/www/html/a...')
#8 {main}
  thrown in /var/www/html/vendor/leafo/lessphp/lessc.inc.php on line 3552
[04-Apr-2019 06:26:30 UTC] PHP Fatal error:  Uncaught Exception: /var/www/html/app/src/less/main.less is undefined: failed at `/var/www/html/app/src/less/main.less` /var/www/html/htdocs/css/main.min.css on line 1 in /var/www/html/vendor/leafo/lessphp/lessc.inc.php:3552
Stack trace:
#0 /var/www/html/vendor/leafo/lessphp/lessc.inc.php(2097): lessc_parser->throwError('/var/www/html/a...', 0)
#1 /var/www/html/vendor/leafo/lessphp/lessc.inc.php(721): lessc->throwError('/var/www/html/a...')
#2 /var/www/html/vendor/leafo/lessphp/lessc.inc.php(284): lessc->compileProp(Array, Object(stdClass), Object(stdClass))
#3 /var/www/html/vendor/leafo/lessphp/lessc.inc.php(278): lessc->compileProps(Object(stdClass), Object(stdClass))
#4 /var/www/html/vendor/leafo/lessphp/lessc.inc.php(192): lessc->compileRoot(Object(stdClass))
#5 /var/www/html/vendor/leafo/lessphp/lessc.inc.php(1899): lessc->compileBlock(Object(stdClass))
#6 /var/www/html/app/core/less.php(14): lessc->compile('/var/www/html/a...', '/var/www/html/h...')
#7 /var/www/html/htdocs/index.php(8): require_once('/var/www/html/a...')
#8 {main}
  thrown in /var/www/html/vendor/leafo/lessphp/lessc.inc.php on line 3552
[04-Apr-2019 06:27:01 UTC] PHP Fatal error:  Uncaught Exception: /var/www/html/app/src/less/main.less is undefined: failed at `/var/www/html/app/src/less/main.less` /var/www/html/htdocs/css/main.min.css on line 1 in /var/www/html/vendor/leafo/lessphp/lessc.inc.php:3552
Stack trace:
#0 /var/www/html/vendor/leafo/lessphp/lessc.inc.php(2097): lessc_parser->throwError('/var/www/html/a...', 0)
#1 /var/www/html/vendor/leafo/lessphp/lessc.inc.php(721): lessc->throwError('/var/www/html/a...')
#2 /var/www/html/vendor/leafo/lessphp/lessc.inc.php(284): lessc->compileProp(Array, Object(stdClass), Object(stdClass))
#3 /var/www/html/vendor/leafo/lessphp/lessc.inc.php(278): lessc->compileProps(Object(stdClass), Object(stdClass))
#4 /var/www/html/vendor/leafo/lessphp/lessc.inc.php(192): lessc->compileRoot(Object(stdClass))
#5 /var/www/html/vendor/leafo/lessphp/lessc.inc.php(1899): lessc->compileBlock(Object(stdClass))
#6 /var/www/html/app/core/less.php(14): lessc->compile('/var/www/html/a...', '/var/www/html/h...')
#7 /var/www/html/htdocs/index.php(8): require_once('/var/www/html/a...')
#8 {main}
  thrown in /var/www/html/vendor/leafo/lessphp/lessc.inc.php on line 3552
[04-Apr-2019 06:27:42 UTC] PHP Fatal error:  Uncaught Exception: /var/www/html/app/src/less/main.less is undefined: failed at `/var/www/html/app/src/less/main.less` /var/www/html/htdocs/css/main.min.css on line 1 in /var/www/html/vendor/leafo/lessphp/lessc.inc.php:3552
Stack trace:
#0 /var/www/html/vendor/leafo/lessphp/lessc.inc.php(2097): lessc_parser->throwError('/var/www/html/a...', 0)
#1 /var/www/html/vendor/leafo/lessphp/lessc.inc.php(721): lessc->throwError('/var/www/html/a...')
#2 /var/www/html/vendor/leafo/lessphp/lessc.inc.php(284): lessc->compileProp(Array, Object(stdClass), Object(stdClass))
#3 /var/www/html/vendor/leafo/lessphp/lessc.inc.php(277): lessc->compileProps(Object(stdClass), Object(stdClass))
#4 /var/www/html/vendor/leafo/lessphp/lessc.inc.php(192): lessc->compileRoot(Object(stdClass))
#5 /var/www/html/vendor/leafo/lessphp/lessc.inc.php(1899): lessc->compileBlock(Object(stdClass))
#6 /var/www/html/app/core/less.php(14): lessc->compile('/var/www/html/a...', '/var/www/html/h...')
#7 /var/www/html/htdocs/index.php(8): require_once('/var/www/html/a...')
#8 {main}
  thrown in /var/www/html/vendor/leafo/lessphp/lessc.inc.php on line 3552
[04-Apr-2019 06:27:49 UTC] PHP Fatal error:  Uncaught Exception: /var/www/html/app/src/less/main.less is undefined: failed at `/var/www/html/app/src/less/main.less` /var/www/html/htdocs/css/main.min.css on line 1 in /var/www/html/vendor/leafo/lessphp/lessc.inc.php:3552
Stack trace:
#0 /var/www/html/vendor/leafo/lessphp/lessc.inc.php(2097): lessc_parser->throwError('/var/www/html/a...', 0)
#1 /var/www/html/vendor/leafo/lessphp/lessc.inc.php(721): lessc->throwError('/var/www/html/a...')
#2 /var/www/html/vendor/leafo/lessphp/lessc.inc.php(284): lessc->compileProp(Array, Object(stdClass), Object(stdClass))
#3 /var/www/html/vendor/leafo/lessphp/lessc.inc.php(277): lessc->compileProps(Object(stdClass), Object(stdClass))
#4 /var/www/html/vendor/leafo/lessphp/lessc.inc.php(192): lessc->compileRoot(Object(stdClass))
#5 /var/www/html/vendor/leafo/lessphp/lessc.inc.php(1899): lessc->compileBlock(Object(stdClass))
#6 /var/www/html/app/core/less.php(14): lessc->compile('/var/www/html/a...', '/var/www/html/h...')
#7 /var/www/html/htdocs/index.php(8): require_once('/var/www/html/a...')
#8 {main}
  thrown in /var/www/html/vendor/leafo/lessphp/lessc.inc.php on line 3552
[04-Apr-2019 06:27:50 UTC] PHP Fatal error:  Uncaught Exception: /var/www/html/app/src/less/main.less is undefined: failed at `/var/www/html/app/src/less/main.less` /var/www/html/htdocs/css/main.min.css on line 1 in /var/www/html/vendor/leafo/lessphp/lessc.inc.php:3552
Stack trace:
#0 /var/www/html/vendor/leafo/lessphp/lessc.inc.php(2097): lessc_parser->throwError('/var/www/html/a...', 0)
#1 /var/www/html/vendor/leafo/lessphp/lessc.inc.php(721): lessc->throwError('/var/www/html/a...')
#2 /var/www/html/vendor/leafo/lessphp/lessc.inc.php(284): lessc->compileProp(Array, Object(stdClass), Object(stdClass))
#3 /var/www/html/vendor/leafo/lessphp/lessc.inc.php(277): lessc->compileProps(Object(stdClass), Object(stdClass))
#4 /var/www/html/vendor/leafo/lessphp/lessc.inc.php(192): lessc->compileRoot(Object(stdClass))
#5 /var/www/html/vendor/leafo/lessphp/lessc.inc.php(1899): lessc->compileBlock(Object(stdClass))
#6 /var/www/html/app/core/less.php(14): lessc->compile('/var/www/html/a...', '/var/www/html/h...')
#7 /var/www/html/htdocs/index.php(8): require_once('/var/www/html/a...')
#8 {main}
  thrown in /var/www/html/vendor/leafo/lessphp/lessc.inc.php on line 3552
[04-Apr-2019 06:27:50 UTC] PHP Fatal error:  Uncaught Exception: /var/www/html/app/src/less/main.less is undefined: failed at `/var/www/html/app/src/less/main.less` /var/www/html/htdocs/css/main.min.css on line 1 in /var/www/html/vendor/leafo/lessphp/lessc.inc.php:3552
Stack trace:
#0 /var/www/html/vendor/leafo/lessphp/lessc.inc.php(2097): lessc_parser->throwError('/var/www/html/a...', 0)
#1 /var/www/html/vendor/leafo/lessphp/lessc.inc.php(721): lessc->throwError('/var/www/html/a...')
#2 /var/www/html/vendor/leafo/lessphp/lessc.inc.php(284): lessc->compileProp(Array, Object(stdClass), Object(stdClass))
#3 /var/www/html/vendor/leafo/lessphp/lessc.inc.php(277): lessc->compileProps(Object(stdClass), Object(stdClass))
#4 /var/www/html/vendor/leafo/lessphp/lessc.inc.php(192): lessc->compileRoot(Object(stdClass))
#5 /var/www/html/vendor/leafo/lessphp/lessc.inc.php(1899): lessc->compileBlock(Object(stdClass))
#6 /var/www/html/app/core/less.php(14): lessc->compile('/var/www/html/a...', '/var/www/html/h...')
#7 /var/www/html/htdocs/index.php(8): require_once('/var/www/html/a...')
#8 {main}
  thrown in /var/www/html/vendor/leafo/lessphp/lessc.inc.php on line 3552
[04-Apr-2019 06:28:10 UTC] PHP Fatal error:  Uncaught Exception: /var/www/html/app/src/less/main.less is undefined: failed at `/var/www/html/app/src/less/main.less` /var/www/html/htdocs/css/main.min.css on line 1 in /var/www/html/vendor/leafo/lessphp/lessc.inc.php:3551
Stack trace:
#0 /var/www/html/vendor/leafo/lessphp/lessc.inc.php(2096): lessc_parser->throwError('/var/www/html/a...', 0)
#1 /var/www/html/vendor/leafo/lessphp/lessc.inc.php(720): lessc->throwError('/var/www/html/a...')
#2 /var/www/html/vendor/leafo/lessphp/lessc.inc.php(283): lessc->compileProp(Array, Object(stdClass), Object(stdClass))
#3 /var/www/html/vendor/leafo/lessphp/lessc.inc.php(277): lessc->compileProps(Object(stdClass), Object(stdClass))
#4 /var/www/html/vendor/leafo/lessphp/lessc.inc.php(192): lessc->compileRoot(Object(stdClass))
#5 /var/www/html/vendor/leafo/lessphp/lessc.inc.php(1898): lessc->compileBlock(Object(stdClass))
#6 /var/www/html/app/core/less.php(14): lessc->compile('/var/www/html/a...', '/var/www/html/h...')
#7 /var/www/html/htdocs/index.php(8): require_once('/var/www/html/a...')
#8 {main}
  thrown in /var/www/html/vendor/leafo/lessphp/lessc.inc.php on line 3551
[04-Apr-2019 06:28:28 UTC] PHP Fatal error:  Uncaught Exception: /var/www/html/app/src/less/main.less is undefined: failed at `/var/www/html/app/src/less/main.less` /var/www/html/htdocs/css/main.min.css on line 1 in /var/www/html/vendor/leafo/lessphp/lessc.inc.php:3551
Stack trace:
#0 /var/www/html/vendor/leafo/lessphp/lessc.inc.php(2096): lessc_parser->throwError('/var/www/html/a...', 0)
#1 /var/www/html/vendor/leafo/lessphp/lessc.inc.php(720): lessc->throwError('/var/www/html/a...')
#2 /var/www/html/vendor/leafo/lessphp/lessc.inc.php(283): lessc->compileProp(Array, Object(stdClass), Object(stdClass))
#3 /var/www/html/vendor/leafo/lessphp/lessc.inc.php(277): lessc->compileProps(Object(stdClass), Object(stdClass))
#4 /var/www/html/vendor/leafo/lessphp/lessc.inc.php(192): lessc->compileRoot(Object(stdClass))
#5 /var/www/html/vendor/leafo/lessphp/lessc.inc.php(1898): lessc->compileBlock(Object(stdClass))
#6 /var/www/html/app/core/less.php(14): lessc->compile('/var/www/html/a...', '/var/www/html/h...')
#7 /var/www/html/htdocs/index.php(8): require_once('/var/www/html/a...')
#8 {main}
  thrown in /var/www/html/vendor/leafo/lessphp/lessc.inc.php on line 3551
[04-Apr-2019 06:28:44 UTC] PHP Fatal error:  Uncaught Exception: /var/www/html/app/src/less/main.less is undefined: failed at `/var/www/html/app/src/less/main.less` /var/www/html/htdocs/css/main.min.css on line 1 in /var/www/html/vendor/leafo/lessphp/lessc.inc.php:3551
Stack trace:
#0 /var/www/html/vendor/leafo/lessphp/lessc.inc.php(2096): lessc_parser->throwError('/var/www/html/a...', 0)
#1 /var/www/html/vendor/leafo/lessphp/lessc.inc.php(720): lessc->throwError('/var/www/html/a...')
#2 /var/www/html/vendor/leafo/lessphp/lessc.inc.php(283): lessc->compileProp(Array, Object(stdClass), Object(stdClass))
#3 /var/www/html/vendor/leafo/lessphp/lessc.inc.php(277): lessc->compileProps(Object(stdClass), Object(stdClass))
#4 /var/www/html/vendor/leafo/lessphp/lessc.inc.php(192): lessc->compileRoot(Object(stdClass))
#5 /var/www/html/vendor/leafo/lessphp/lessc.inc.php(1898): lessc->compileBlock(Object(stdClass))
#6 /var/www/html/app/core/less.php(14): lessc->compile('/var/www/html/a...', '/var/www/html/h...')
#7 /var/www/html/htdocs/index.php(8): require_once('/var/www/html/a...')
#8 {main}
  thrown in /var/www/html/vendor/leafo/lessphp/lessc.inc.php on line 3551
[04-Apr-2019 06:28:45 UTC] PHP Fatal error:  Uncaught Exception: /var/www/html/app/src/less/main.less is undefined: failed at `/var/www/html/app/src/less/main.less` /var/www/html/htdocs/css/main.min.css on line 1 in /var/www/html/vendor/leafo/lessphp/lessc.inc.php:3551
Stack trace:
#0 /var/www/html/vendor/leafo/lessphp/lessc.inc.php(2096): lessc_parser->throwError('/var/www/html/a...', 0)
#1 /var/www/html/vendor/leafo/lessphp/lessc.inc.php(720): lessc->throwError('/var/www/html/a...')
#2 /var/www/html/vendor/leafo/lessphp/lessc.inc.php(283): lessc->compileProp(Array, Object(stdClass), Object(stdClass))
#3 /var/www/html/vendor/leafo/lessphp/lessc.inc.php(277): lessc->compileProps(Object(stdClass), Object(stdClass))
#4 /var/www/html/vendor/leafo/lessphp/lessc.inc.php(192): lessc->compileRoot(Object(stdClass))
#5 /var/www/html/vendor/leafo/lessphp/lessc.inc.php(1898): lessc->compileBlock(Object(stdClass))
#6 /var/www/html/app/core/less.php(14): lessc->compile('/var/www/html/a...', '/var/www/html/h...')
#7 /var/www/html/htdocs/index.php(8): require_once('/var/www/html/a...')
#8 {main}
  thrown in /var/www/html/vendor/leafo/lessphp/lessc.inc.php on line 3551
[04-Apr-2019 06:29:10 UTC] PHP Fatal error:  Uncaught Exception: /var/www/html/app/src/less/main.less is undefined: failed at `/var/www/html/app/src/less/main.less` /var/www/html/htdocs/css/main.min.css on line 1 in /var/www/html/vendor/leafo/lessphp/lessc.inc.php:3551
Stack trace:
#0 /var/www/html/vendor/leafo/lessphp/lessc.inc.php(2096): lessc_parser->throwError('/var/www/html/a...', 0)
#1 /var/www/html/vendor/leafo/lessphp/lessc.inc.php(720): lessc->throwError('/var/www/html/a...')
#2 /var/www/html/vendor/leafo/lessphp/lessc.inc.php(283): lessc->compileProp(Array, Object(stdClass), Object(stdClass))
#3 /var/www/html/vendor/leafo/lessphp/lessc.inc.php(277): lessc->compileProps(Object(stdClass), Object(stdClass))
#4 /var/www/html/vendor/leafo/lessphp/lessc.inc.php(192): lessc->compileRoot(Object(stdClass))
#5 /var/www/html/vendor/leafo/lessphp/lessc.inc.php(1898): lessc->compileBlock(Object(stdClass))
#6 /var/www/html/app/core/less.php(14): lessc->compile('/var/www/html/a...', '/var/www/html/h...')
#7 /var/www/html/htdocs/index.php(8): require_once('/var/www/html/a...')
#8 {main}
  thrown in /var/www/html/vendor/leafo/lessphp/lessc.inc.php on line 3551
[04-Apr-2019 06:29:24 UTC] PHP Fatal error:  Uncaught Exception: /var/www/html/app/src/less/main.less is undefined: failed at `/var/www/html/app/src/less/main.less` /var/www/html/htdocs/css/main.min.css on line 1 in /var/www/html/vendor/leafo/lessphp/lessc.inc.php:3551
Stack trace:
#0 /var/www/html/vendor/leafo/lessphp/lessc.inc.php(2096): lessc_parser->throwError('/var/www/html/a...', 0)
#1 /var/www/html/vendor/leafo/lessphp/lessc.inc.php(720): lessc->throwError('/var/www/html/a...')
#2 /var/www/html/vendor/leafo/lessphp/lessc.inc.php(283): lessc->compileProp(Array, Object(stdClass), Object(stdClass))
#3 /var/www/html/vendor/leafo/lessphp/lessc.inc.php(277): lessc->compileProps(Object(stdClass), Object(stdClass))
#4 /var/www/html/vendor/leafo/lessphp/lessc.inc.php(192): lessc->compileRoot(Object(stdClass))
#5 /var/www/html/vendor/leafo/lessphp/lessc.inc.php(1898): lessc->compileBlock(Object(stdClass))
#6 /var/www/html/app/core/less.php(14): lessc->compile('/var/www/html/a...', '/var/www/html/h...')
#7 /var/www/html/htdocs/index.php(8): require_once('/var/www/html/a...')
#8 {main}
  thrown in /var/www/html/vendor/leafo/lessphp/lessc.inc.php on line 3551
[04-Apr-2019 06:29:49 UTC] PHP Fatal error:  Uncaught Exception: /var/www/html/app/src/less/main.less is undefined: failed at `/var/www/html/app/src/less/main.less` /var/www/html/htdocs/css/main.min.css on line 1 in /var/www/html/vendor/leafo/lessphp/lessc.inc.php:3551
Stack trace:
#0 /var/www/html/vendor/leafo/lessphp/lessc.inc.php(2096): lessc_parser->throwError('/var/www/html/a...', 0)
#1 /var/www/html/vendor/leafo/lessphp/lessc.inc.php(720): lessc->throwError('/var/www/html/a...')
#2 /var/www/html/vendor/leafo/lessphp/lessc.inc.php(283): lessc->compileProp(Array, Object(stdClass), Object(stdClass))
#3 /var/www/html/vendor/leafo/lessphp/lessc.inc.php(277): lessc->compileProps(Object(stdClass), Object(stdClass))
#4 /var/www/html/vendor/leafo/lessphp/lessc.inc.php(192): lessc->compileRoot(Object(stdClass))
#5 /var/www/html/vendor/leafo/lessphp/lessc.inc.php(1898): lessc->compileBlock(Object(stdClass))
#6 /var/www/html/app/core/less.php(14): lessc->compile('/var/www/html/a...', '/var/www/html/h...')
#7 /var/www/html/htdocs/index.php(8): require_once('/var/www/html/a...')
#8 {main}
  thrown in /var/www/html/vendor/leafo/lessphp/lessc.inc.php on line 3551
[04-Apr-2019 06:30:05 UTC] PHP Fatal error:  Uncaught Exception: /var/www/html/app/src/less/main.less is undefined: failed at `/var/www/html/app/src/less/main.less` /var/www/html/htdocs/css/main.min.css on line 1 in /var/www/html/vendor/leafo/lessphp/lessc.inc.php:3551
Stack trace:
#0 /var/www/html/vendor/leafo/lessphp/lessc.inc.php(2096): lessc_parser->throwError('/var/www/html/a...', 0)
#1 /var/www/html/vendor/leafo/lessphp/lessc.inc.php(720): lessc->throwError('/var/www/html/a...')
#2 /var/www/html/vendor/leafo/lessphp/lessc.inc.php(283): lessc->compileProp(Array, Object(stdClass), Object(stdClass))
#3 /var/www/html/vendor/leafo/lessphp/lessc.inc.php(277): lessc->compileProps(Object(stdClass), Object(stdClass))
#4 /var/www/html/vendor/leafo/lessphp/lessc.inc.php(192): lessc->compileRoot(Object(stdClass))
#5 /var/www/html/vendor/leafo/lessphp/lessc.inc.php(1898): lessc->compileBlock(Object(stdClass))
#6 /var/www/html/app/core/less.php(14): lessc->compile('/var/www/html/a...', '/var/www/html/h...')
#7 /var/www/html/htdocs/index.php(8): require_once('/var/www/html/a...')
#8 {main}
  thrown in /var/www/html/vendor/leafo/lessphp/lessc.inc.php on line 3551
[04-Apr-2019 06:30:11 UTC] PHP Fatal error:  Uncaught Exception: /var/www/html/app/src/less/main.less is undefined: failed at `/var/www/html/app/src/less/main.less` /var/www/html/htdocs/css/main.min.css on line 1 in /var/www/html/vendor/leafo/lessphp/lessc.inc.php:3551
Stack trace:
#0 /var/www/html/vendor/leafo/lessphp/lessc.inc.php(2096): lessc_parser->throwError('/var/www/html/a...', 0)
#1 /var/www/html/vendor/leafo/lessphp/lessc.inc.php(720): lessc->throwError('/var/www/html/a...')
#2 /var/www/html/vendor/leafo/lessphp/lessc.inc.php(283): lessc->compileProp(Array, Object(stdClass), Object(stdClass))
#3 /var/www/html/vendor/leafo/lessphp/lessc.inc.php(277): lessc->compileProps(Object(stdClass), Object(stdClass))
#4 /var/www/html/vendor/leafo/lessphp/lessc.inc.php(192): lessc->compileRoot(Object(stdClass))
#5 /var/www/html/vendor/leafo/lessphp/lessc.inc.php(1898): lessc->compileBlock(Object(stdClass))
#6 /var/www/html/app/core/less.php(14): lessc->compile('/var/www/html/a...', '/var/www/html/h...')
#7 /var/www/html/htdocs/index.php(8): require_once('/var/www/html/a...')
#8 {main}
  thrown in /var/www/html/vendor/leafo/lessphp/lessc.inc.php on line 3551
[04-Apr-2019 06:30:25 UTC] PHP Fatal error:  Uncaught Exception: /var/www/html/app/src/less/main.less is undefined: failed at `/var/www/html/app/src/less/main.less` /var/www/html/htdocs/css/main.min.css on line 1 in /var/www/html/vendor/leafo/lessphp/lessc.inc.php:3551
Stack trace:
#0 /var/www/html/vendor/leafo/lessphp/lessc.inc.php(2096): lessc_parser->throwError('/var/www/html/a...', 0)
#1 /var/www/html/vendor/leafo/lessphp/lessc.inc.php(720): lessc->throwError('/var/www/html/a...')
#2 /var/www/html/vendor/leafo/lessphp/lessc.inc.php(283): lessc->compileProp(Array, Object(stdClass), Object(stdClass))
#3 /var/www/html/vendor/leafo/lessphp/lessc.inc.php(277): lessc->compileProps(Object(stdClass), Object(stdClass))
#4 /var/www/html/vendor/leafo/lessphp/lessc.inc.php(192): lessc->compileRoot(Object(stdClass))
#5 /var/www/html/vendor/leafo/lessphp/lessc.inc.php(1898): lessc->compileBlock(Object(stdClass))
#6 /var/www/html/app/core/less.php(14): lessc->compile('/var/www/html/a...', '/var/www/html/h...')
#7 /var/www/html/htdocs/index.php(8): require_once('/var/www/html/a...')
#8 {main}
  thrown in /var/www/html/vendor/leafo/lessphp/lessc.inc.php on line 3551
[04-Apr-2019 06:30:39 UTC] PHP Fatal error:  Uncaught Exception: /var/www/html/app/src/less/main.less is undefined: failed at `/var/www/html/app/src/less/main.less` /var/www/html/htdocs/css/main.min.css on line 1 in /var/www/html/vendor/leafo/lessphp/lessc.inc.php:3551
Stack trace:
#0 /var/www/html/vendor/leafo/lessphp/lessc.inc.php(2096): lessc_parser->throwError('/var/www/html/a...', 0)
#1 /var/www/html/vendor/leafo/lessphp/lessc.inc.php(720): lessc->throwError('/var/www/html/a...')
#2 /var/www/html/vendor/leafo/lessphp/lessc.inc.php(283): lessc->compileProp(Array, Object(stdClass), Object(stdClass))
#3 /var/www/html/vendor/leafo/lessphp/lessc.inc.php(277): lessc->compileProps(Object(stdClass), Object(stdClass))
#4 /var/www/html/vendor/leafo/lessphp/lessc.inc.php(192): lessc->compileRoot(Object(stdClass))
#5 /var/www/html/vendor/leafo/lessphp/lessc.inc.php(1898): lessc->compileBlock(Object(stdClass))
#6 /var/www/html/app/core/less.php(14): lessc->compile('/var/www/html/a...', '/var/www/html/h...')
#7 /var/www/html/htdocs/index.php(8): require_once('/var/www/html/a...')
#8 {main}
  thrown in /var/www/html/vendor/leafo/lessphp/lessc.inc.php on line 3551
[04-Apr-2019 06:31:13 UTC] PHP Fatal error:  Uncaught Exception: /var/www/html/app/src/less/main.less is undefined: failed at `/var/www/html/app/src/less/main.less` /var/www/html/htdocs/css/main.min.css on line 1 in /var/www/html/vendor/leafo/lessphp/lessc.inc.php:3551
Stack trace:
#0 /var/www/html/vendor/leafo/lessphp/lessc.inc.php(2096): lessc_parser->throwError('/var/www/html/a...', 0)
#1 /var/www/html/vendor/leafo/lessphp/lessc.inc.php(720): lessc->throwError('/var/www/html/a...')
#2 /var/www/html/vendor/leafo/lessphp/lessc.inc.php(283): lessc->compileProp(Array, Object(stdClass), Object(stdClass))
#3 /var/www/html/vendor/leafo/lessphp/lessc.inc.php(277): lessc->compileProps(Object(stdClass), Object(stdClass))
#4 /var/www/html/vendor/leafo/lessphp/lessc.inc.php(192): lessc->compileRoot(Object(stdClass))
#5 /var/www/html/vendor/leafo/lessphp/lessc.inc.php(1898): lessc->compileBlock(Object(stdClass))
#6 /var/www/html/app/core/less.php(14): lessc->compile('/var/www/html/a...', '/var/www/html/h...')
#7 /var/www/html/htdocs/index.php(8): require_once('/var/www/html/a...')
#8 {main}
  thrown in /var/www/html/vendor/leafo/lessphp/lessc.inc.php on line 3551
[04-Apr-2019 06:31:28 UTC] PHP Warning:  Invalid argument supplied for foreach() in /var/www/html/vendor/leafo/lessphp/lessc.inc.php on line 723
[04-Apr-2019 06:31:44 UTC] PHP Fatal error:  Uncaught Exception: /var/www/html/app/src/less/main.less is undefined: failed at `/var/www/html/app/src/less/main.less` /var/www/html/htdocs/css/main.min.css on line 1 in /var/www/html/vendor/leafo/lessphp/lessc.inc.php:3551
Stack trace:
#0 /var/www/html/vendor/leafo/lessphp/lessc.inc.php(2096): lessc_parser->throwError('/var/www/html/a...', 0)
#1 /var/www/html/vendor/leafo/lessphp/lessc.inc.php(720): lessc->throwError('/var/www/html/a...')
#2 /var/www/html/vendor/leafo/lessphp/lessc.inc.php(283): lessc->compileProp(Array, Object(stdClass), Object(stdClass))
#3 /var/www/html/vendor/leafo/lessphp/lessc.inc.php(277): lessc->compileProps(Object(stdClass), Object(stdClass))
#4 /var/www/html/vendor/leafo/lessphp/lessc.inc.php(192): lessc->compileRoot(Object(stdClass))
#5 /var/www/html/vendor/leafo/lessphp/lessc.inc.php(1898): lessc->compileBlock(Object(stdClass))
#6 /var/www/html/app/core/less.php(14): lessc->compile('/var/www/html/a...', '/var/www/html/h...')
#7 /var/www/html/htdocs/index.php(8): require_once('/var/www/html/a...')
#8 {main}
  thrown in /var/www/html/vendor/leafo/lessphp/lessc.inc.php on line 3551
[04-Apr-2019 06:32:21 UTC] PHP Fatal error:  Uncaught Exception: /var/www/html/app/src/less/main is undefined: failed at `/var/www/html/app/src/less/main` /var/www/html/htdocs/css/main.min.css on line 1 in /var/www/html/vendor/leafo/lessphp/lessc.inc.php:3551
Stack trace:
#0 /var/www/html/vendor/leafo/lessphp/lessc.inc.php(2096): lessc_parser->throwError('/var/www/html/a...', 0)
#1 /var/www/html/vendor/leafo/lessphp/lessc.inc.php(720): lessc->throwError('/var/www/html/a...')
#2 /var/www/html/vendor/leafo/lessphp/lessc.inc.php(283): lessc->compileProp(Array, Object(stdClass), Object(stdClass))
#3 /var/www/html/vendor/leafo/lessphp/lessc.inc.php(277): lessc->compileProps(Object(stdClass), Object(stdClass))
#4 /var/www/html/vendor/leafo/lessphp/lessc.inc.php(192): lessc->compileRoot(Object(stdClass))
#5 /var/www/html/vendor/leafo/lessphp/lessc.inc.php(1898): lessc->compileBlock(Object(stdClass))
#6 /var/www/html/app/core/less.php(14): lessc->compile('/var/www/html/a...', '/var/www/html/h...')
#7 /var/www/html/htdocs/index.php(8): require_once('/var/www/html/a...')
#8 {main}
  thrown in /var/www/html/vendor/leafo/lessphp/lessc.inc.php on line 3551
[04-Apr-2019 06:35:13 UTC] PHP Fatal error:  Uncaught Exception: /var/www/html/app/src/less/main.less is undefined: failed at `/var/www/html/app/src/less/main.less` /var/www/html/htdocs/css/main.min.css on line 1 in /var/www/html/vendor/leafo/lessphp/lessc.inc.php:3553
Stack trace:
#0 /var/www/html/vendor/leafo/lessphp/lessc.inc.php(2097): lessc_parser->throwError('/var/www/html/a...', 0)
#1 /var/www/html/vendor/leafo/lessphp/lessc.inc.php(720): lessc->throwError('/var/www/html/a...')
#2 /var/www/html/vendor/leafo/lessphp/lessc.inc.php(283): lessc->compileProp(Array, Object(stdClass), Object(stdClass))
#3 /var/www/html/vendor/leafo/lessphp/lessc.inc.php(277): lessc->compileProps(Object(stdClass), Object(stdClass))
#4 /var/www/html/vendor/leafo/lessphp/lessc.inc.php(192): lessc->compileRoot(Object(stdClass))
#5 /var/www/html/vendor/leafo/lessphp/lessc.inc.php(1899): lessc->compileBlock(Object(stdClass))
#6 /var/www/html/app/core/less.php(14): lessc->compile('/var/www/html/a...', '/var/www/html/h...')
#7 /var/www/html/htdocs/index.php(8): require_once('/var/www/html/a...')
#8 {main}
  thrown in /var/www/html/vendor/leafo/lessphp/lessc.inc.php on line 3553
[04-Apr-2019 08:39:09 UTC] PHP Fatal error:  Uncaught Exception: variable @azul is undefined: failed at `background-color: @azul; ` /var/www/html/app/src/less/main.less on line 2 in /var/www/html/vendor/leafo/lessphp/lessc.inc.php:3553
Stack trace:
#0 /var/www/html/vendor/leafo/lessphp/lessc.inc.php(2097): lessc_parser->throwError('variable @azul ...', 7)
#1 /var/www/html/vendor/leafo/lessphp/lessc.inc.php(1852): lessc->throwError('variable @azul ...')
#2 /var/www/html/vendor/leafo/lessphp/lessc.inc.php(1475): lessc->get('@azul')
#3 /var/www/html/vendor/leafo/lessphp/lessc.inc.php(686): lessc->reduce(Array)
#4 /var/www/html/vendor/leafo/lessphp/lessc.inc.php(283): lessc->compileProp(Array, Object(stdClass), Object(stdClass))
#5 /var/www/html/vendor/leafo/lessphp/lessc.inc.php(221): lessc->compileProps(Object(stdClass), Object(stdClass))
#6 /var/www/html/vendor/leafo/lessphp/lessc.inc.php(195): lessc->compileCSSBlock(Object(stdClass))
#7 /var/www/html/vendor/leafo/lessphp/lessc.inc.php(691): lessc->compileBlock(Object(stdClass))
#8 /var/www/html/vendor/leafo/lessphp/lessc.inc.php(283): lessc->compileProp(Array, Object(stdClass), Object(stdClass))
#9 /var/www/html/vendor/leafo/lessphp/lessc.inc.php(277): lessc->compileProps(Object(stdClass), Object(stdClass))
#10 /var/www/html/vendor/leafo/lessphp/lessc.inc.php(192): lessc->compileRoot(Object(stdClass))
#11 /var/www/html/vendor/leafo/lessphp/lessc.inc.php(1899): lessc->compileBlock(Object(stdClass))
#12 /var/www/html/vendor/leafo/lessphp/lessc.inc.php(1922): lessc->compile('html{\n backgrou...', '/var/www/html/a...')
#13 /var/www/html/app/core/less.php(13): lessc->compileFile('/var/www/html/a...', '/var/www/html/h...')
#14 /var/www/html/htdocs/index.php(8): require_once('/var/www/html/a...')
#15 {main}
  thrown in /var/www/html/vendor/leafo/lessphp/lessc.inc.php on line 3553
[04-Apr-2019 11:27:46 UTC] PHP Notice:  Undefined variable: in in /var/www/html/app/core/minify.php on line 14
[04-Apr-2019 11:27:46 UTC] PHP Fatal error:  Uncaught MatthiasMullie\Minify\Exceptions\IOException: The file "/var/www/html/htdocs/js/min/main.min.js" could not be opened for writing. Check if PHP has enough permissions. in /var/www/html/vendor/matthiasmullie/minify/src/Minify.php:438
Stack trace:
#0 /var/www/html/vendor/matthiasmullie/minify/src/Minify.php(198): MatthiasMullie\Minify\Minify->openFileForWriting('/var/www/html/h...')
#1 /var/www/html/vendor/matthiasmullie/minify/src/Minify.php(115): MatthiasMullie\Minify\Minify->save('/var/www/html/h...', '/var/www/html/h...')
#2 /var/www/html/app/core/minify.php(15): MatthiasMullie\Minify\Minify->minify('/var/www/html/h...')
#3 /var/www/html/htdocs/index.php(8): require_once('/var/www/html/a...')
#4 {main}
  thrown in /var/www/html/vendor/matthiasmullie/minify/src/Minify.php on line 438
[04-Apr-2019 11:27:58 UTC] PHP Fatal error:  Uncaught MatthiasMullie\Minify\Exceptions\IOException: The file "/var/www/html/htdocs/js/min/main.min.js" could not be opened for writing. Check if PHP has enough permissions. in /var/www/html/vendor/matthiasmullie/minify/src/Minify.php:438
Stack trace:
#0 /var/www/html/vendor/matthiasmullie/minify/src/Minify.php(198): MatthiasMullie\Minify\Minify->openFileForWriting('/var/www/html/h...')
#1 /var/www/html/vendor/matthiasmullie/minify/src/Minify.php(115): MatthiasMullie\Minify\Minify->save('/var/www/html/h...', '/var/www/html/h...')
#2 /var/www/html/app/core/minify.php(15): MatthiasMullie\Minify\Minify->minify('/var/www/html/h...')
#3 /var/www/html/htdocs/index.php(8): require_once('/var/www/html/a...')
#4 {main}
  thrown in /var/www/html/vendor/matthiasmullie/minify/src/Minify.php on line 438
[04-Apr-2019 11:31:09 UTC] PHP Fatal error:  Uncaught MatthiasMullie\Minify\Exceptions\IOException: The file "/var/www/html/htdocs/js/min/...min.js" could not be opened for writing. Check if PHP has enough permissions. in /var/www/html/vendor/matthiasmullie/minify/src/Minify.php:438
Stack trace:
#0 /var/www/html/vendor/matthiasmullie/minify/src/Minify.php(198): MatthiasMullie\Minify\Minify->openFileForWriting('/var/www/html/h...')
#1 /var/www/html/vendor/matthiasmullie/minify/src/Minify.php(115): MatthiasMullie\Minify\Minify->save('/var/www/html/h...', '/var/www/html/h...')
#2 /var/www/html/app/core/minify.php(15): MatthiasMullie\Minify\Minify->minify('/var/www/html/h...')
#3 /var/www/html/htdocs/index.php(8): require_once('/var/www/html/a...')
#4 {main}
  thrown in /var/www/html/vendor/matthiasmullie/minify/src/Minify.php on line 438
[04-Apr-2019 12:40:34 UTC] PHP Fatal error:  Uncaught MatthiasMullie\Minify\Exceptions\IOException: The file "/var/www/html/htdocs/js/min/...min.js" could not be opened for writing. Check if PHP has enough permissions. in /var/www/html/vendor/matthiasmullie/minify/src/Minify.php:438
Stack trace:
#0 /var/www/html/vendor/matthiasmullie/minify/src/Minify.php(198): MatthiasMullie\Minify\Minify->openFileForWriting('/var/www/html/h...')
#1 /var/www/html/vendor/matthiasmullie/minify/src/Minify.php(115): MatthiasMullie\Minify\Minify->save('/var/www/html/h...', '/var/www/html/h...')
#2 /var/www/html/app/core/minify.php(15): MatthiasMullie\Minify\Minify->minify('/var/www/html/h...')
#3 /var/www/html/htdocs/index.php(8): require_once('/var/www/html/a...')
#4 {main}
  thrown in /var/www/html/vendor/matthiasmullie/minify/src/Minify.php on line 438
[04-Apr-2019 12:40:34 UTC] PHP Fatal error:  Uncaught MatthiasMullie\Minify\Exceptions\IOException: The file "/var/www/html/htdocs/js/min/...min.js" could not be opened for writing. Check if PHP has enough permissions. in /var/www/html/vendor/matthiasmullie/minify/src/Minify.php:438
Stack trace:
#0 /var/www/html/vendor/matthiasmullie/minify/src/Minify.php(198): MatthiasMullie\Minify\Minify->openFileForWriting('/var/www/html/h...')
#1 /var/www/html/vendor/matthiasmullie/minify/src/Minify.php(115): MatthiasMullie\Minify\Minify->save('/var/www/html/h...', '/var/www/html/h...')
#2 /var/www/html/app/core/minify.php(15): MatthiasMullie\Minify\Minify->minify('/var/www/html/h...')
#3 /var/www/html/htdocs/index.php(8): require_once('/var/www/html/a...')
#4 {main}
  thrown in /var/www/html/vendor/matthiasmullie/minify/src/Minify.php on line 438
[04-Apr-2019 12:48:05 UTC] PHP Warning:  fopen(/var/www/html/htdocs/js/min/...min.js) [<a href='0function.fopen0'>function.fopen0</a>]: failed to open stream: Permission denied in /var/www/html/vendor/matthiasmullie/minify/src/Minify.php on line 437
[04-Apr-2019 12:48:05 UTC] PHP Fatal error:  Uncaught MatthiasMullie\Minify\Exceptions\IOException: The file "/var/www/html/htdocs/js/min/...min.js" could not be opened for writing. Check if PHP has enough permissions. in /var/www/html/vendor/matthiasmullie/minify/src/Minify.php:438
Stack trace:
#0 /var/www/html/vendor/matthiasmullie/minify/src/Minify.php(198): MatthiasMullie\Minify\Minify->openFileForWriting('/var/www/html/h...')
#1 /var/www/html/vendor/matthiasmullie/minify/src/Minify.php(115): MatthiasMullie\Minify\Minify->save('/var/www/html/h...', '/var/www/html/h...')
#2 /var/www/html/app/core/minify.php(15): MatthiasMullie\Minify\Minify->minify('/var/www/html/h...')
#3 /var/www/html/htdocs/index.php(8): require_once('/var/www/html/a...')
#4 {main}
  thrown in /var/www/html/vendor/matthiasmullie/minify/src/Minify.php on line 438
[04-Apr-2019 12:55:58 UTC] PHP Fatal error:  Uncaught MatthiasMullie\Minify\Exceptions\IOException: The file "/var/www/html/htdocs/js/min/...min.js" could not be opened for writing. Check if PHP has enough permissions. in /var/www/html/vendor/matthiasmullie/minify/src/Minify.php:438
Stack trace:
#0 /var/www/html/vendor/matthiasmullie/minify/src/Minify.php(198): MatthiasMullie\Minify\Minify->openFileForWriting('/var/www/html/h...')
#1 /var/www/html/vendor/matthiasmullie/minify/src/Minify.php(115): MatthiasMullie\Minify\Minify->save('/var/www/html/h...', '/var/www/html/h...')
#2 /var/www/html/app/core/minify.php(16): MatthiasMullie\Minify\Minify->minify('/var/www/html/h...')
#3 /var/www/html/htdocs/index.php(8): require_once('/var/www/html/a...')
#4 {main}
  thrown in /var/www/html/vendor/matthiasmullie/minify/src/Minify.php on line 438
[04-Apr-2019 12:56:53 UTC] PHP Fatal error:  Uncaught MatthiasMullie\Minify\Exceptions\IOException: The file "/var/www/html/htdocs/js/min/...min.js" could not be opened for writing. Check if PHP has enough permissions. in /var/www/html/vendor/matthiasmullie/minify/src/Minify.php:438
Stack trace:
#0 /var/www/html/vendor/matthiasmullie/minify/src/Minify.php(198): MatthiasMullie\Minify\Minify->openFileForWriting('/var/www/html/h...')
#1 /var/www/html/vendor/matthiasmullie/minify/src/Minify.php(115): MatthiasMullie\Minify\Minify->save('/var/www/html/h...', '/var/www/html/h...')
#2 /var/www/html/app/core/minify.php(16): MatthiasMullie\Minify\Minify->minify('/var/www/html/h...')
#3 /var/www/html/htdocs/index.php(8): require_once('/var/www/html/a...')
#4 {main}
  thrown in /var/www/html/vendor/matthiasmullie/minify/src/Minify.php on line 438
[04-Apr-2019 13:04:50 UTC] PHP Fatal error:  Uncaught MatthiasMullie\Minify\Exceptions\IOException: The file "/var/www/html/htdocs/js/min/...min.js" could not be opened for writing. Check if PHP has enough permissions. in /var/www/html/vendor/matthiasmullie/minify/src/Minify.php:438
Stack trace:
#0 /var/www/html/vendor/matthiasmullie/minify/src/Minify.php(198): MatthiasMullie\Minify\Minify->openFileForWriting('/var/www/html/h...')
#1 /var/www/html/vendor/matthiasmullie/minify/src/Minify.php(115): MatthiasMullie\Minify\Minify->save('/var/www/html/h...', '/var/www/html/h...')
#2 /var/www/html/app/core/minify.php(16): MatthiasMullie\Minify\Minify->minify('/var/www/html/h...')
#3 /var/www/html/htdocs/index.php(8): require_once('/var/www/html/a...')
#4 {main}
  thrown in /var/www/html/vendor/matthiasmullie/minify/src/Minify.php on line 438
[04-Apr-2019 13:05:34 UTC] PHP Notice:  Undefined variable: file in /var/www/html/vendor/matthiasmullie/minify/src/Minify.php on line 437
[04-Apr-2019 13:05:34 UTC] PHP Notice:  Undefined variable: file in /var/www/html/vendor/matthiasmullie/minify/src/Minify.php on line 437
[04-Apr-2019 13:05:34 UTC] PHP Fatal error:  Uncaught MatthiasMullie\Minify\Exceptions\IOException: The file "/var/www/html/htdocs/js/min/...min.js" could not be opened for writing. Check if PHP has enough permissions. in /var/www/html/vendor/matthiasmullie/minify/src/Minify.php:439
Stack trace:
#0 /var/www/html/vendor/matthiasmullie/minify/src/Minify.php(198): MatthiasMullie\Minify\Minify->openFileForWriting('/var/www/html/h...')
#1 /var/www/html/vendor/matthiasmullie/minify/src/Minify.php(115): MatthiasMullie\Minify\Minify->save('/var/www/html/h...', '/var/www/html/h...')
#2 /var/www/html/app/core/minify.php(16): MatthiasMullie\Minify\Minify->minify('/var/www/html/h...')
#3 /var/www/html/htdocs/index.php(8): require_once('/var/www/html/a...')
#4 {main}
  thrown in /var/www/html/vendor/matthiasmullie/minify/src/Minify.php on line 439
[04-Apr-2019 13:05:45 UTC] PHP Fatal error:  Uncaught MatthiasMullie\Minify\Exceptions\IOException: The file "/var/www/html/htdocs/js/min/...min.js" could not be opened for writing. Check if PHP has enough permissions. in /var/www/html/vendor/matthiasmullie/minify/src/Minify.php:439
Stack trace:
#0 /var/www/html/vendor/matthiasmullie/minify/src/Minify.php(198): MatthiasMullie\Minify\Minify->openFileForWriting('/var/www/html/h...')
#1 /var/www/html/vendor/matthiasmullie/minify/src/Minify.php(115): MatthiasMullie\Minify\Minify->save('/var/www/html/h...', '/var/www/html/h...')
#2 /var/www/html/app/core/minify.php(16): MatthiasMullie\Minify\Minify->minify('/var/www/html/h...')
#3 /var/www/html/htdocs/index.php(8): require_once('/var/www/html/a...')
#4 {main}
  thrown in /var/www/html/vendor/matthiasmullie/minify/src/Minify.php on line 439
[04-Apr-2019 13:07:10 UTC] PHP Fatal error:  Uncaught MatthiasMullie\Minify\Exceptions\IOException: The file "/var/www/html/htdocs/js/min/...min.js" could not be opened for writing. Check if PHP has enough permissions. in /var/www/html/vendor/matthiasmullie/minify/src/Minify.php:438
Stack trace:
#0 /var/www/html/vendor/matthiasmullie/minify/src/Minify.php(198): MatthiasMullie\Minify\Minify->openFileForWriting('/var/www/html/h...')
#1 /var/www/html/vendor/matthiasmullie/minify/src/Minify.php(115): MatthiasMullie\Minify\Minify->save('/var/www/html/h...', '/var/www/html/h...')
#2 /var/www/html/app/core/minify.php(18): MatthiasMullie\Minify\Minify->minify('/var/www/html/h...')
#3 /var/www/html/htdocs/index.php(8): require_once('/var/www/html/a...')
#4 {main}
  thrown in /var/www/html/vendor/matthiasmullie/minify/src/Minify.php on line 438
[04-Apr-2019 13:12:45 UTC] PHP Notice:  Array to string conversion in /var/www/html/app/core/minify.php on line 16
[04-Apr-2019 13:12:45 UTC] PHP Fatal error:  Uncaught MatthiasMullie\Minify\Exceptions\IOException: The file "/var/www/html/htdocs/js/min/...min.js" could not be opened for writing. Check if PHP has enough permissions. in /var/www/html/vendor/matthiasmullie/minify/src/Minify.php:438
Stack trace:
#0 /var/www/html/vendor/matthiasmullie/minify/src/Minify.php(198): MatthiasMullie\Minify\Minify->openFileForWriting('/var/www/html/h...')
#1 /var/www/html/vendor/matthiasmullie/minify/src/Minify.php(115): MatthiasMullie\Minify\Minify->save('', '/var/www/html/h...')
#2 /var/www/html/app/core/minify.php(20): MatthiasMullie\Minify\Minify->minify('/var/www/html/h...')
#3 /var/www/html/htdocs/index.php(8): require_once('/var/www/html/a...')
#4 {main}
  thrown in /var/www/html/vendor/matthiasmullie/minify/src/Minify.php on line 438
[04-Apr-2019 13:13:29 UTC] PHP Fatal error:  Uncaught MatthiasMullie\Minify\Exceptions\IOException: The file "/var/www/html/htdocs/js/min/...min.js" could not be opened for writing. Check if PHP has enough permissions. in /var/www/html/vendor/matthiasmullie/minify/src/Minify.php:438
Stack trace:
#0 /var/www/html/vendor/matthiasmullie/minify/src/Minify.php(198): MatthiasMullie\Minify\Minify->openFileForWriting('/var/www/html/h...')
#1 /var/www/html/vendor/matthiasmullie/minify/src/Minify.php(115): MatthiasMullie\Minify\Minify->save('', '/var/www/html/h...')
#2 /var/www/html/app/core/minify.php(20): MatthiasMullie\Minify\Minify->minify('/var/www/html/h...')
#3 /var/www/html/htdocs/index.php(8): require_once('/var/www/html/a...')
#4 {main}
  thrown in /var/www/html/vendor/matthiasmullie/minify/src/Minify.php on line 438
[04-Apr-2019 13:15:59 UTC] PHP Notice:  Undefined offset: 1 in /var/www/html/app/core/minify.php on line 16
[04-Apr-2019 13:16:20 UTC] PHP Notice:  Undefined offset: 1 in /var/www/html/app/core/minify.php on line 16
[04-Apr-2019 13:17:17 UTC] PHP Warning:  Use of undefined constant BR - assumed 'BR' (this will throw an Error in a future version of PHP) in /var/www/html/app/core/minify.php on line 14
[04-Apr-2019 13:17:17 UTC] PHP Warning:  Use of undefined constant BR - assumed 'BR' (this will throw an Error in a future version of PHP) in /var/www/html/app/core/minify.php on line 14
[04-Apr-2019 13:17:17 UTC] PHP Warning:  Use of undefined constant BR - assumed 'BR' (this will throw an Error in a future version of PHP) in /var/www/html/app/core/minify.php on line 14
[04-Apr-2019 13:17:17 UTC] PHP Warning:  Use of undefined constant BR - assumed 'BR' (this will throw an Error in a future version of PHP) in /var/www/html/app/core/minify.php on line 14
[04-Apr-2019 13:17:17 UTC] PHP Warning:  Use of undefined constant BR - assumed 'BR' (this will throw an Error in a future version of PHP) in /var/www/html/app/core/minify.php on line 14
[04-Apr-2019 13:20:39 UTC] PHP Fatal error:  Uncaught MatthiasMullie\Minify\Exceptions\IOException: The file "/var/www/html/htdocs/js/min/main.js.min.js" could not be opened for writing. Check if PHP has enough permissions. in /var/www/html/vendor/matthiasmullie/minify/src/Minify.php:438
Stack trace:
#0 /var/www/html/vendor/matthiasmullie/minify/src/Minify.php(198): MatthiasMullie\Minify\Minify->openFileForWriting('/var/www/html/h...')
#1 /var/www/html/vendor/matthiasmullie/minify/src/Minify.php(115): MatthiasMullie\Minify\Minify->save('var message="He...', '/var/www/html/h...')
#2 /var/www/html/app/core/minify.php(21): MatthiasMullie\Minify\Minify->minify('/var/www/html/h...')
#3 /var/www/html/htdocs/index.php(8): require_once('/var/www/html/a...')
#4 {main}
  thrown in /var/www/html/vendor/matthiasmullie/minify/src/Minify.php on line 438
[09-Apr-2019 12:43:54 UTC] PHP Notice:  Undefined index: PMA_PMADB in /var/www/html/htdocs/app.php on line 3
[15-Apr-2019 08:10:31 UTC] PHP Fatal error:  Uncaught Error: Class 'app\core\Error' not found in /var/www/html/app/core/Router.php:59
Stack trace:
#0 /var/www/html/app/core/Router.php(32): app\core\Router->getParams(Array)
#1 /var/www/html/htdocs/index.php(11): app\core\Router->__construct(Array)
#2 {main}
  thrown in /var/www/html/app/core/Router.php on line 59
[15-Apr-2019 08:11:20 UTC] PHP Fatal error:  Uncaught Error: Class 'app\core\Error' not found in /var/www/html/app/core/Router.php:59
Stack trace:
#0 /var/www/html/app/core/Router.php(32): app\core\Router->getParams(Array)
#1 /var/www/html/htdocs/index.php(11): app\core\Router->__construct(Array)
#2 {main}
  thrown in /var/www/html/app/core/Router.php on line 59
[15-Apr-2019 08:13:06 UTC] PHP Fatal error:  Uncaught Error: Call to undefined function app\core\toString() in /var/www/html/app/core/Router.php:59
Stack trace:
#0 /var/www/html/app/core/Router.php(32): app\core\Router->getParams(Array)
#1 /var/www/html/htdocs/index.php(11): app\core\Router->__construct(Array)
#2 {main}
  thrown in /var/www/html/app/core/Router.php on line 59
[15-Apr-2019 08:13:55 UTC] PHP Fatal error:  Uncaught Error: Undefined class constant 'err' in /var/www/html/app/core/Error.php:84
Stack trace:
#0 /var/www/html/app/core/Router.php(59): app\core\Error::toString('E000')
#1 /var/www/html/app/core/Router.php(32): app\core\Router->getParams(Array)
#2 /var/www/html/htdocs/index.php(11): app\core\Router->__construct(Array)
#3 {main}
  thrown in /var/www/html/app/core/Error.php on line 84
[15-Apr-2019 08:49:10 UTC] PHP Notice:  Undefined variable: class in /var/www/html/app/core/Router.php on line 66
[15-Apr-2019 08:49:10 UTC] PHP Fatal error:  Uncaught Error: Class '\app\controllers\' not found in /var/www/html/app/core/Router.php:67
Stack trace:
#0 /var/www/html/app/core/Router.php(58): app\core\Router->loadController('Newcompany')
#1 /var/www/html/app/core/Router.php(38): app\core\Router->isController('newcompany')
#2 /var/www/html/app/core/Router.php(32): app\core\Router->getParams(Array)
#3 /var/www/html/htdocs/index.php(11): app\core\Router->__construct(Array)
#4 {main}
  thrown in /var/www/html/app/core/Router.php on line 67
[15-Apr-2019 08:58:02 UTC] PHP Notice:  Undefined index: ar2 in /var/www/html/app/core/Router.php on line 44
[15-Apr-2019 08:58:02 UTC] PHP Fatal error:  Uncaught TypeError: Argument 1 passed to app\core\Router::isController() must be of the type string, null given, called in /var/www/html/app/core/Router.php on line 44 and defined in /var/www/html/app/core/Router.php:54
Stack trace:
#0 /var/www/html/app/core/Router.php(44): app\core\Router->isController(NULL)
#1 /var/www/html/app/core/Router.php(32): app\core\Router->getParams(Array)
#2 /var/www/html/htdocs/index.php(11): app\core\Router->__construct(Array)
#3 {main}
  thrown in /var/www/html/app/core/Router.php on line 54
[15-Apr-2019 13:21:19 UTC] PHP Notice:  Undefined index: ar1 in /var/www/html/app/core/Router.php on line 38
[15-Apr-2019 13:21:54 UTC] PHP Parse error:  syntax error, unexpected '}' in /var/www/html/app/core/Router.php on line 53
[15-Apr-2019 13:31:35 UTC] PHP Notice:  Undefined index: controller in /var/www/html/app/core/Router.php on line 29
[15-Apr-2019 13:31:35 UTC] PHP Notice:  Undefined index: gate_index in /var/www/html/app/core/Router.php on line 52
[15-Apr-2019 13:31:35 UTC] PHP Fatal error:  Uncaught TypeError: Argument 1 passed to app\core\Router::loadController() must be of the type string, null given, called in /var/www/html/app/core/Router.php on line 52 and defined in /var/www/html/app/core/Router.php:66
Stack trace:
#0 /var/www/html/app/core/Router.php(52): app\core\Router->loadController(NULL)
#1 /var/www/html/app/core/Router.php(32): app\core\Router->getParams(Array)
#2 /var/www/html/htdocs/index.php(12): app\core\Router->__construct(Array)
#3 {main}
  thrown in /var/www/html/app/core/Router.php on line 66
[15-Apr-2019 13:38:51 UTC] PHP Warning:  Use of undefined constant REQUEST_METHOD - assumed 'REQUEST_METHOD' (this will throw an Error in a future version of PHP) in /var/www/html/app/core/Router.php on line 28
[15-Apr-2019 13:38:51 UTC] PHP Notice:  Undefined variable: HTTP_SERVER_VARS in /var/www/html/app/core/Router.php on line 28
[15-Apr-2019 13:39:06 UTC] PHP Notice:  Undefined variable: HTTP_SERVER_VARS in /var/www/html/app/core/Router.php on line 28
[16-Apr-2019 07:55:50 UTC] PHP Notice:  Undefined variable: REQ in /var/www/html/app/core/Router.php on line 39
[16-Apr-2019 08:09:55 UTC] PHP Notice:  Undefined variable: data in /var/www/html/app/core/Router.php on line 36
[16-Apr-2019 08:09:55 UTC] PHP Parse error:  syntax error, unexpected '}', expecting identifier (T_STRING) or variable (T_VARIABLE) or '{' or '$' in /var/www/html/app/controllers/Index.php on line 11
[16-Apr-2019 08:15:19 UTC] PHP Notice:  Undefined variable: data in /var/www/html/app/core/Router.php on line 36
[16-Apr-2019 08:15:19 UTC] PHP Parse error:  syntax error, unexpected '}', expecting identifier (T_STRING) or variable (T_VARIABLE) or '{' or '$' in /var/www/html/app/controllers/Index.php on line 11
[16-Apr-2019 08:24:09 UTC] PHP Notice:  Undefined variable: data in /var/www/html/app/core/Router.php on line 36
[16-Apr-2019 08:24:09 UTC] PHP Fatal error:  Uncaught TypeError: Argument 2 passed to app\controllers\Controller::require() must be of the type array, string given, called in /var/www/html/app/controllers/Main.php on line 13 and defined in /var/www/html/app/controllers/Controller.php:40
Stack trace:
#0 /var/www/html/app/controllers/Main.php(13): app\controllers\Controller->require('/var/www/html/a...', 'login')
#1 /var/www/html/app/controllers/Main.php(10): app\controllers\Main->getView()
#2 /var/www/html/app/core/Router.php(88): app\controllers\Main->__construct('view', '')
#3 /var/www/html/app/core/Router.php(70): app\core\Router->loadController('Main')
#4 /var/www/html/app/core/Router.php(36): app\core\Router->getParams(NULL)
#5 /var/www/html/app/core/Router.php(30): app\core\Router->isGet()
#6 /var/www/html/htdocs/index.php(12): app\core\Router->__construct(Array)
#7 {main}
  thrown in /var/www/html/app/controllers/Controller.php on line 40
[16-Apr-2019 08:28:02 UTC] PHP Notice:  Undefined variable: data in /var/www/html/app/core/Router.php on line 35
[16-Apr-2019 08:28:02 UTC] PHP Fatal error:  Uncaught TypeError: Argument 1 passed to app\core\Router::loadController() must be of the type string, null given, called in /var/www/html/app/core/Router.php on line 69 and defined in /var/www/html/app/core/Router.php:83
Stack trace:
#0 /var/www/html/app/core/Router.php(69): app\core\Router->loadController(NULL)
#1 /var/www/html/app/core/Router.php(35): app\core\Router->getParams(NULL)
#2 /var/www/html/app/core/Router.php(29): app\core\Router->isGet()
#3 /var/www/html/htdocs/index.php(12): app\core\Router->__construct(Array)
#4 {main}
  thrown in /var/www/html/app/core/Router.php on line 83
[16-Apr-2019 08:29:20 UTC] PHP Fatal error:  Uncaught Error: Call to undefined method app\core\Router::existDb() in /var/www/html/app/core/Router.php:35
Stack trace:
#0 /var/www/html/app/core/Router.php(29): app\core\Router->isGet()
#1 /var/www/html/htdocs/index.php(12): app\core\Router->__construct(Array)
#2 {main}
  thrown in /var/www/html/app/core/Router.php on line 35
[16-Apr-2019 08:30:30 UTC] PHP Fatal error:  Uncaught TypeError: Argument 1 passed to app\core\Router::loadController() must be of the type string, null given, called in /var/www/html/app/core/Router.php on line 49 and defined in /var/www/html/app/core/Router.php:79
Stack trace:
#0 /var/www/html/app/core/Router.php(49): app\core\Router->loadController(NULL)
#1 /var/www/html/app/core/Router.php(29): app\core\Router->isGet()
#2 /var/www/html/htdocs/index.php(12): app\core\Router->__construct(Array)
#3 {main}
  thrown in /var/www/html/app/core/Router.php on line 79
[16-Apr-2019 08:33:15 UTC] PHP Fatal error:  Uncaught Error: Class 'app\core\Main' not found in /var/www/html/app/core/Router.php:49
Stack trace:
#0 /var/www/html/app/core/Router.php(29): app\core\Router->isGet()
#1 /var/www/html/htdocs/index.php(12): app\core\Router->__construct(Array)
#2 {main}
  thrown in /var/www/html/app/core/Router.php on line 49
[16-Apr-2019 08:33:30 UTC] PHP Fatal error:  Uncaught Error: Class 'app\models\Main' not found in /var/www/html/app/core/Router.php:49
Stack trace:
#0 /var/www/html/app/core/Router.php(29): app\core\Router->isGet()
#1 /var/www/html/htdocs/index.php(12): app\core\Router->__construct(Array)
#2 {main}
  thrown in /var/www/html/app/core/Router.php on line 49
[16-Apr-2019 08:33:58 UTC] PHP Fatal error:  Uncaught TypeError: Argument 2 passed to app\controllers\Controller::require() must be of the type array, bool given, called in /var/www/html/app/controllers/Main.php on line 13 and defined in /var/www/html/app/controllers/Controller.php:40
Stack trace:
#0 /var/www/html/app/controllers/Main.php(13): app\controllers\Controller->require('/var/www/html/a...', false)
#1 /var/www/html/app/controllers/Main.php(10): app\controllers\Main->getView()
#2 /var/www/html/app/core/Router.php(49): app\controllers\Main->__construct('main')
#3 /var/www/html/app/core/Router.php(29): app\core\Router->isGet()
#4 /var/www/html/htdocs/index.php(12): app\core\Router->__construct(Array)
#5 {main}
  thrown in /var/www/html/app/controllers/Controller.php on line 40
[16-Apr-2019 08:34:49 UTC] PHP Warning:  include_once(/var/www/html/htdocs) [<a href='0function.include-once0'>function.include-once0</a>]: failed to open stream: Success in /var/www/html/app/views/index.phtml on line 21
[16-Apr-2019 08:34:49 UTC] PHP Warning:  include_once() [<a href='0function.include0'>function.include0</a>]: Failed opening '' for inclusion (include_path='.:/usr/local/lib/php') in /var/www/html/app/views/index.phtml on line 21
[16-Apr-2019 08:35:14 UTC] PHP Warning:  include_once(/var/www/html/htdocs) [<a href='0function.include-once0'>function.include-once0</a>]: failed to open stream: Success in /var/www/html/app/views/index.phtml on line 21
[16-Apr-2019 08:35:14 UTC] PHP Warning:  include_once() [<a href='0function.include0'>function.include0</a>]: Failed opening '' for inclusion (include_path='.:/usr/local/lib/php') in /var/www/html/app/views/index.phtml on line 21
[16-Apr-2019 08:35:51 UTC] PHP Warning:  include_once(phtml) [<a href='0function.include-once0'>function.include-once0</a>]: failed to open stream: No such file or directory in /var/www/html/app/views/index.phtml on line 21
[16-Apr-2019 08:35:51 UTC] PHP Warning:  include_once() [<a href='0function.include0'>function.include0</a>]: Failed opening 'phtml' for inclusion (include_path='.:/usr/local/lib/php') in /var/www/html/app/views/index.phtml on line 21
[16-Apr-2019 08:37:10 UTC] PHP Warning:  include_once(phtml) [<a href='0function.include-once0'>function.include-once0</a>]: failed to open stream: No such file or directory in /var/www/html/app/views/index.phtml on line 22
[16-Apr-2019 08:37:10 UTC] PHP Warning:  include_once() [<a href='0function.include0'>function.include0</a>]: Failed opening 'phtml' for inclusion (include_path='.:/usr/local/lib/php') in /var/www/html/app/views/index.phtml on line 22
[16-Apr-2019 08:37:59 UTC] PHP Warning:  include_once(mainphtml) [<a href='0function.include-once0'>function.include-once0</a>]: failed to open stream: No such file or directory in /var/www/html/app/views/index.phtml on line 22
[16-Apr-2019 08:37:59 UTC] PHP Warning:  include_once() [<a href='0function.include0'>function.include0</a>]: Failed opening 'mainphtml' for inclusion (include_path='.:/usr/local/lib/php') in /var/www/html/app/views/index.phtml on line 22
[16-Apr-2019 08:53:14 UTC] PHP Fatal error:  Uncaught TypeError: Argument 2 passed to app\controllers\Newcompany::__construct() must be of the type string, null given, called in /var/www/html/app/core/Router.php on line 87 and defined in /var/www/html/app/controllers/Newcompany.php:7
Stack trace:
#0 /var/www/html/app/core/Router.php(87): app\controllers\Newcompany->__construct('view', NULL)
#1 /var/www/html/app/core/Router.php(50): app\core\Router->loadController('Newcompany')
#2 /var/www/html/app/core/Router.php(29): app\core\Router->isGet()
#3 /var/www/html/htdocs/index.php(12): app\core\Router->__construct(Array)
#4 {main}
  thrown in /var/www/html/app/controllers/Newcompany.php on line 7
[16-Apr-2019 09:43:02 UTC] PHP Parse error:  syntax error, unexpected '}' in /var/www/html/app/core/Router.php on line 40
[16-Apr-2019 09:44:06 UTC] PHP Fatal error:  Uncaught TypeError: Argument 2 passed to app\controllers\Controller::require() must be of the type array, string given, called in /var/www/html/app/controllers/Main.php on line 13 and defined in /var/www/html/app/controllers/Controller.php:40
Stack trace:
#0 /var/www/html/app/controllers/Main.php(13): app\controllers\Controller->require('/var/www/html/a...', 'main')
#1 /var/www/html/app/controllers/Main.php(10): app\controllers\Main->getView()
#2 /var/www/html/app/core/Router.php(94): app\controllers\Main->__construct(NULL, Array, NULL)
#3 /var/www/html/app/core/Router.php(39): app\core\Router->loadController('Main')
#4 /var/www/html/app/core/Router.php(31): app\core\Router->isGet()
#5 /var/www/html/htdocs/index.php(12): app\core\Router->__construct(Array)
#6 {main}
  thrown in /var/www/html/app/controllers/Controller.php on line 40
[16-Apr-2019 09:47:10 UTC] PHP Fatal error:  Uncaught TypeError: Argument 1 passed to app\core\Router::isController() must be of the type string, null given, called in /var/www/html/app/core/Router.php on line 46 and defined in /var/www/html/app/core/Router.php:91
Stack trace:
#0 /var/www/html/app/core/Router.php(46): app\core\Router->isController(NULL)
#1 /var/www/html/app/core/Router.php(31): app\core\Router->isGet()
#2 /var/www/html/htdocs/index.php(12): app\core\Router->__construct(Array)
#3 {main}
  thrown in /var/www/html/app/core/Router.php on line 91
[16-Apr-2019 09:55:07 UTC] PHP Warning:  include(/var/www/html/vendor/composer/../../app/core/Router.php) [<a href='0function.include0'>function.include0</a>]: failed to open stream: No such file or directory in /var/www/html/vendor/composer/ClassLoader.php on line 444
[16-Apr-2019 09:55:07 UTC] PHP Warning:  include() [<a href='0function.include0'>function.include0</a>]: Failed opening '/var/www/html/vendor/composer/../../app/core/Router.php' for inclusion (include_path='.:/usr/local/lib/php') in /var/www/html/vendor/composer/ClassLoader.php on line 444
[16-Apr-2019 09:55:07 UTC] PHP Fatal error:  Uncaught Error: Class 'app\core\Router' not found in /var/www/html/htdocs/index.php:12
Stack trace:
#0 {main}
  thrown in /var/www/html/htdocs/index.php on line 12
[16-Apr-2019 09:55:17 UTC] PHP Warning:  include(/var/www/html/vendor/composer/../../app/core/Router.php) [<a href='0function.include0'>function.include0</a>]: failed to open stream: No such file or directory in /var/www/html/vendor/composer/ClassLoader.php on line 444
[16-Apr-2019 09:55:17 UTC] PHP Warning:  include() [<a href='0function.include0'>function.include0</a>]: Failed opening '/var/www/html/vendor/composer/../../app/core/Router.php' for inclusion (include_path='.:/usr/local/lib/php') in /var/www/html/vendor/composer/ClassLoader.php on line 444
[16-Apr-2019 09:55:17 UTC] PHP Fatal error:  Uncaught Error: Class 'app\core\Router' not found in /var/www/html/htdocs/index.php:12
Stack trace:
#0 {main}
  thrown in /var/www/html/htdocs/index.php on line 12
[16-Apr-2019 09:56:28 UTC] PHP Warning:  include(/var/www/html/vendor/composer/../../app/core/Router.php) [<a href='0function.include0'>function.include0</a>]: failed to open stream: No such file or directory in /var/www/html/vendor/composer/ClassLoader.php on line 444
[16-Apr-2019 09:56:28 UTC] PHP Warning:  include() [<a href='0function.include0'>function.include0</a>]: Failed opening '/var/www/html/vendor/composer/../../app/core/Router.php' for inclusion (include_path='.:/usr/local/lib/php') in /var/www/html/vendor/composer/ClassLoader.php on line 444
[16-Apr-2019 09:56:28 UTC] PHP Fatal error:  Uncaught Error: Class 'app\core\Router' not found in /var/www/html/htdocs/index.php:12
Stack trace:
#0 {main}
  thrown in /var/www/html/htdocs/index.php on line 12
[16-Apr-2019 09:58:01 UTC] PHP Fatal error:  Uncaught TypeError: Argument 1 passed to app\controllers\Controller::__construct() must be of the type string, null given, called in /var/www/html/app/controllers/Newcompany.php on line 8 and defined in /var/www/html/app/controllers/Controller.php:15
Stack trace:
#0 /var/www/html/app/controllers/Newcompany.php(8): app\controllers\Controller->__construct(NULL, 'newcompany')
#1 /var/www/html/app/core/Router.php(76): app\controllers\Newcompany->__construct(NULL, 'newcompany', 'view')
#2 /var/www/html/app/core/Router.php(39): app\core\Router->loadController('Newcompany')
#3 /var/www/html/app/core/Router.php(31): app\core\Router->isGet()
#4 /var/www/html/htdocs/index.php(12): app\core\Router->__construct(Array)
#5 {main}
  thrown in /var/www/html/app/controllers/Controller.php on line 15
[16-Apr-2019 10:05:35 UTC] PHP Fatal error:  Uncaught TypeError: Argument 1 passed to app\core\Router::isController() must be of the type string, null given, called in /var/www/html/app/core/Router.php on line 46 and defined in /var/www/html/app/core/Router.php:60
Stack trace:
#0 /var/www/html/app/core/Router.php(46): app\core\Router->isController(NULL)
#1 /var/www/html/app/core/Router.php(31): app\core\Router->isGet()
#2 /var/www/html/htdocs/index.php(12): app\core\Router->__construct(Array)
#3 {main}
  thrown in /var/www/html/app/core/Router.php on line 60
[16-Apr-2019 10:08:55 UTC] PHP Fatal error:  Uncaught TypeError: Argument 1 passed to app\core\Router::isController() must be of the type string, null given, called in /var/www/html/app/core/Router.php on line 45 and defined in /var/www/html/app/core/Router.php:60
Stack trace:
#0 /var/www/html/app/core/Router.php(45): app\core\Router->isController(NULL)
#1 /var/www/html/app/core/Router.php(31): app\core\Router->isGet()
#2 /var/www/html/htdocs/index.php(12): app\core\Router->__construct(Array)
#3 {main}
  thrown in /var/www/html/app/core/Router.php on line 60
[16-Apr-2019 10:09:10 UTC] PHP Parse error:  syntax error, unexpected ';', expecting ')' in /var/www/html/app/core/Router.php on line 45
[16-Apr-2019 10:10:04 UTC] PHP Fatal error:  Uncaught TypeError: Argument 3 passed to app\controllers\Login::__construct() must be of the type string, null given, called in /var/www/html/app/core/Router.php on line 75 and defined in /var/www/html/app/controllers/Login.php:7
Stack trace:
#0 /var/www/html/app/core/Router.php(75): app\controllers\Login->__construct('empresa', 'login', NULL)
#1 /var/www/html/app/core/Router.php(46): app\core\Router->loadController('Login')
#2 /var/www/html/app/core/Router.php(31): app\core\Router->isGet()
#3 /var/www/html/htdocs/index.php(12): app\core\Router->__construct(Array)
#4 {main}
  thrown in /var/www/html/app/controllers/Login.php on line 7
[16-Apr-2019 10:10:37 UTC] PHP Fatal error:  Uncaught TypeError: Argument 3 passed to app\controllers\Login::__construct() must be of the type string, null given, called in /var/www/html/app/core/Router.php on line 75 and defined in /var/www/html/app/controllers/Login.php:7
Stack trace:
#0 /var/www/html/app/core/Router.php(75): app\controllers\Login->__construct('empresa', 'login', NULL)
#1 /var/www/html/app/core/Router.php(46): app\core\Router->loadController('Login')
#2 /var/www/html/app/core/Router.php(31): app\core\Router->isGet()
#3 /var/www/html/htdocs/index.php(12): app\core\Router->__construct(Array)
#4 {main}
  thrown in /var/www/html/app/controllers/Login.php on line 7
[16-Apr-2019 10:22:55 UTC] PHP Notice:  Only variables should be passed by reference in /var/www/html/app/controllers/Controller.php on line 50
[16-Apr-2019 10:23:09 UTC] PHP Notice:  Only variables should be passed by reference in /var/www/html/app/controllers/Controller.php on line 50
[16-Apr-2019 10:30:23 UTC] PHP Fatal error:  Uncaught TypeError: Argument 1 passed to app\controllers\Controller::__construct() must be of the type string, null given, called in /var/www/html/app/controllers/Newcompany.php on line 8 and defined in /var/www/html/app/controllers/Controller.php:15
Stack trace:
#0 /var/www/html/app/controllers/Newcompany.php(8): app\controllers\Controller->__construct(NULL)
#1 /var/www/html/app/core/Router.php(78): app\controllers\Newcompany->__construct('view', NULL)
#2 /var/www/html/app/core/Router.php(40): app\core\Router->loadController('Newcompany')
#3 /var/www/html/app/core/Router.php(31): app\core\Router->isGet()
#4 /var/www/html/htdocs/index.php(12): app\core\Router->__construct(Array)
#5 {main}
  thrown in /var/www/html/app/controllers/Controller.php on line 15
[16-Apr-2019 10:30:23 UTC] PHP Fatal error:  Uncaught TypeError: Argument 1 passed to app\controllers\Controller::__construct() must be of the type string, null given, called in /var/www/html/app/controllers/Newcompany.php on line 8 and defined in /var/www/html/app/controllers/Controller.php:15
Stack trace:
#0 /var/www/html/app/controllers/Newcompany.php(8): app\controllers\Controller->__construct(NULL)
#1 /var/www/html/app/core/Router.php(78): app\controllers\Newcompany->__construct('view', NULL)
#2 /var/www/html/app/core/Router.php(40): app\core\Router->loadController('Newcompany')
#3 /var/www/html/app/core/Router.php(31): app\core\Router->isGet()
#4 /var/www/html/htdocs/index.php(12): app\core\Router->__construct(Array)
#5 {main}
  thrown in /var/www/html/app/controllers/Controller.php on line 15
[16-Apr-2019 10:30:25 UTC] PHP Fatal error:  Uncaught TypeError: Argument 1 passed to app\controllers\Controller::__construct() must be of the type string, null given, called in /var/www/html/app/controllers/Newcompany.php on line 8 and defined in /var/www/html/app/controllers/Controller.php:15
Stack trace:
#0 /var/www/html/app/controllers/Newcompany.php(8): app\controllers\Controller->__construct(NULL)
#1 /var/www/html/app/core/Router.php(78): app\controllers\Newcompany->__construct('view', NULL)
#2 /var/www/html/app/core/Router.php(40): app\core\Router->loadController('Newcompany')
#3 /var/www/html/app/core/Router.php(31): app\core\Router->isGet()
#4 /var/www/html/htdocs/index.php(12): app\core\Router->__construct(Array)
#5 {main}
  thrown in /var/www/html/app/controllers/Controller.php on line 15
[16-Apr-2019 10:53:30 UTC] PHP Parse error:  syntax error, unexpected 'EMPRESA' (T_STRING), expecting ',' or ';' in /var/www/html/app/views/login.phtml on line 6
[16-Apr-2019 10:53:32 UTC] PHP Parse error:  syntax error, unexpected 'EMPRESA' (T_STRING), expecting ',' or ';' in /var/www/html/app/views/login.phtml on line 6
[16-Apr-2019 11:17:58 UTC] PHP Parse error:  syntax error, unexpected 'EMPRESA' (T_STRING), expecting ',' or ';' in /var/www/html/app/views/login.phtml on line 6
[16-Apr-2019 11:18:20 UTC] PHP Parse error:  syntax error, unexpected 'EMPRESA' (T_STRING), expecting ',' or ';' in /var/www/html/app/views/login.phtml on line 6
[16-Apr-2019 13:41:55 UTC] PHP Parse error:  syntax error, unexpected 'EMPRESA' (T_STRING), expecting ',' or ';' in /var/www/html/app/views/login.phtml on line 6
[17-Apr-2019 08:05:14 UTC] PHP Warning:  include(/var/www/html/app/views/utils/sel-sector.phtml) [<a href='0function.include0'>function.include0</a>]: failed to open stream: No such file or directory in /var/www/html/app/core/dev.php on line 15
[17-Apr-2019 08:05:14 UTC] PHP Warning:  include() [<a href='0function.include0'>function.include0</a>]: Failed opening '/var/www/html/app/views/utils/sel-sector.phtml' for inclusion (include_path='.:/usr/local/lib/php') in /var/www/html/app/core/dev.php on line 15
[17-Apr-2019 08:33:53 UTC] PHP Fatal error:  Uncaught Exception: parse error: failed at `color: ;` /var/www/html/app/src/less/main.less on line 5 in /var/www/html/vendor/leafo/lessphp/lessc.inc.php:3556
Stack trace:
#0 /var/www/html/vendor/leafo/lessphp/lessc.inc.php(2367): lessc_parser->throwError()
#1 /var/www/html/vendor/leafo/lessphp/lessc.inc.php(1890): lessc_parser->parse(':root{\n  \n}\n::p...')
#2 /var/www/html/vendor/leafo/lessphp/lessc.inc.php(1925): lessc->compile(':root{\n  \n}\n::p...', '/var/www/html/a...')
#3 /var/www/html/vendor/leafo/lessphp/lessc.inc.php(1997): lessc->compileFile('/var/www/html/a...')
#4 /var/www/html/app/models/Mylessc.php(23): lessc->cachedCompile(Array)
#5 /var/www/html/app/models/Mylessc.php(12): app\models\Mylessc->autoCompileLess('/var/www/html/a...', '/var/www/html/h...')
#6 /var/www/html/app/core/less.php(11): app\models\Mylessc->compileFolder('/var/www/html/a...', '/var/www/html/h...')
#7 /var/www/html/htdocs/index.php(9): require_once('/var/www/html/a...')
#8 {main}
  thrown in /var/www/html/vendor/leafo/lessphp/lessc.inc.php on line 3556
[17-Apr-2019 08:57:26 UTC] PHP Notice:  Undefined variable: data in /var/www/html/app/views/utils/sel-sectors.phtml on line 3
[17-Apr-2019 10:36:05 UTC] PHP Warning:  include(/var/www/html/app/views/utils/input-text.phtml) [<a href='0function.include0'>function.include0</a>]: failed to open stream: No such file or directory in /var/www/html/app/core/dev.php on line 15
[17-Apr-2019 10:36:05 UTC] PHP Warning:  include() [<a href='0function.include0'>function.include0</a>]: Failed opening '/var/www/html/app/views/utils/input-text.phtml' for inclusion (include_path='.:/usr/local/lib/php') in /var/www/html/app/core/dev.php on line 15
[17-Apr-2019 11:05:42 UTC] PHP Fatal error:  Uncaught Error: Call to private method app\controllers\Newcompany::new() from context 'app\controllers\Controller' in /var/www/html/app/controllers/Controller.php:22
Stack trace:
#0 /var/www/html/app/controllers/Newcompany.php(7): app\controllers\Controller->__construct('new')
#1 /var/www/html/app/core/Router.php(78): app\controllers\Newcompany->__construct('new', NULL)
#2 /var/www/html/app/core/Router.php(40): app\core\Router->loadController('Newcompany')
#3 /var/www/html/app/core/Router.php(31): app\core\Router->isGet()
#4 /var/www/html/htdocs/index.php(11): app\core\Router->__construct(Array)
#5 {main}
  thrown in /var/www/html/app/controllers/Controller.php on line 22
[17-Apr-2019 11:11:48 UTC] SQLSTATE[HY000] [1049] Unknown database 'app_admin_empresas'
[17-Apr-2019 11:13:13 UTC] SQLSTATE[HY000] [1049] Unknown database 'app_admin_empresas'
[17-Apr-2019 11:13:13 UTC] PHP Fatal error:  Uncaught Error: Call to a member function prepare() on null in /var/www/html/app/core/Conn.php:63
Stack trace:
#0 /var/www/html/app/core/Conn.php(125): app\core\Conn->init('SELECT * FROM e...', NULL)
#1 /var/www/html/app/core/Query.php(29): app\core\Conn->query('SELECT * FROM e...')
#2 /var/www/html/app/core/Query.php(43): app\core\Query->sendQuery('SELECT * FROM e...', false)
#3 /var/www/html/app/controllers/Newcompany.php(11): app\core\Query->getAll()
#4 /var/www/html/app/controllers/Controller.php(22): app\controllers\Newcompany->new()
#5 /var/www/html/app/controllers/Newcompany.php(7): app\controllers\Controller->__construct('new')
#6 /var/www/html/app/core/Router.php(78): app\controllers\Newcompany->__construct('new', NULL)
#7 /var/www/html/app/core/Router.php(40): app\core\Router->loadController('Newcompany')
#8 /var/www/html/app/core/Router.php(31): app\core\Router->isGet()
#9 /var/www/html/htdocs/index.php(11): app\core\Router->__construct(Array)
#10 {main}
  thrown in /var/www/html/app/core/Conn.php on line 63
[17-Apr-2019 11:14:42 UTC] SQLSTATE[HY000] [1049] Unknown database 'app_admin_empresas'
[17-Apr-2019 11:14:42 UTC] PHP Fatal error:  Uncaught Error: Call to a member function prepare() on null in /var/www/html/app/core/Conn.php:63
Stack trace:
#0 /var/www/html/app/core/Conn.php(125): app\core\Conn->init('SELECT * FROM e...', NULL)
#1 /var/www/html/app/core/Query.php(29): app\core\Conn->query('SELECT * FROM e...')
#2 /var/www/html/app/core/Query.php(43): app\core\Query->sendQuery('SELECT * FROM e...', false)
#3 /var/www/html/app/controllers/Newcompany.php(11): app\core\Query->getAll()
#4 /var/www/html/app/controllers/Controller.php(22): app\controllers\Newcompany->new()
#5 /var/www/html/app/controllers/Newcompany.php(7): app\controllers\Controller->__construct('new')
#6 /var/www/html/app/core/Router.php(78): app\controllers\Newcompany->__construct('new', NULL)
#7 /var/www/html/app/core/Router.php(40): app\core\Router->loadController('Newcompany')
#8 /var/www/html/app/core/Router.php(31): app\core\Router->isGet()
#9 /var/www/html/htdocs/index.php(11): app\core\Router->__construct(Array)
#10 {main}
  thrown in /var/www/html/app/core/Conn.php on line 63
[17-Apr-2019 11:14:58 UTC] SQLSTATE[HY000] [1049] Unknown database 'app_admin_empresas'
[17-Apr-2019 11:14:58 UTC] PHP Fatal error:  Uncaught Error: Call to a member function prepare() on null in /var/www/html/app/core/Conn.php:63
Stack trace:
#0 /var/www/html/app/core/Conn.php(125): app\core\Conn->init('SELECT * FROM e...', NULL)
#1 /var/www/html/app/core/Query.php(29): app\core\Conn->query('SELECT * FROM e...')
#2 /var/www/html/app/core/Query.php(43): app\core\Query->sendQuery('SELECT * FROM e...', false)
#3 /var/www/html/app/controllers/Newcompany.php(11): app\core\Query->getAll()
#4 /var/www/html/app/controllers/Controller.php(22): app\controllers\Newcompany->new()
#5 /var/www/html/app/controllers/Newcompany.php(7): app\controllers\Controller->__construct('new')
#6 /var/www/html/app/core/Router.php(78): app\controllers\Newcompany->__construct('new', NULL)
#7 /var/www/html/app/core/Router.php(40): app\core\Router->loadController('Newcompany')
#8 /var/www/html/app/core/Router.php(31): app\core\Router->isGet()
#9 /var/www/html/htdocs/index.php(11): app\core\Router->__construct(Array)
#10 {main}
  thrown in /var/www/html/app/core/Conn.php on line 63
[17-Apr-2019 11:20:56 UTC] SQLSTATE[HY000] [1049] Unknown database 'adminempresas'
[17-Apr-2019 11:20:56 UTC] PHP Fatal error:  Uncaught Error: Call to a member function prepare() on null in /var/www/html/app/core/Conn.php:65
Stack trace:
#0 /var/www/html/app/core/Conn.php(127): app\core\Conn->init('SELECT * FROM e...', NULL)
#1 /var/www/html/app/core/Query.php(29): app\core\Conn->query('SELECT * FROM e...')
#2 /var/www/html/app/core/Query.php(43): app\core\Query->sendQuery('SELECT * FROM e...', false)
#3 /var/www/html/app/controllers/Newcompany.php(11): app\core\Query->getAll()
#4 /var/www/html/app/controllers/Controller.php(22): app\controllers\Newcompany->new()
#5 /var/www/html/app/controllers/Newcompany.php(7): app\controllers\Controller->__construct('new')
#6 /var/www/html/app/core/Router.php(78): app\controllers\Newcompany->__construct('new', NULL)
#7 /var/www/html/app/core/Router.php(40): app\core\Router->loadController('Newcompany')
#8 /var/www/html/app/core/Router.php(31): app\core\Router->isGet()
#9 /var/www/html/htdocs/index.php(11): app\core\Router->__construct(Array)
#10 {main}
  thrown in /var/www/html/app/core/Conn.php on line 65
[17-Apr-2019 12:30:09 UTC] PHP Fatal error:  Uncaught TypeError: Argument 1 passed to app\controllers\Controller::__construct() must be of the type string, null given, called in /var/www/html/app/core/Router.php on line 81 and defined in /var/www/html/app/controllers/Controller.php:15
Stack trace:
#0 /var/www/html/app/core/Router.php(81): app\controllers\Controller->__construct(NULL, 'main')
#1 /var/www/html/app/core/Router.php(40): app\core\Router->loadController('Main')
#2 /var/www/html/app/core/Router.php(31): app\core\Router->isGet()
#3 /var/www/html/htdocs/index.php(11): app\core\Router->__construct(Array)
#4 {main}
  thrown in /var/www/html/app/controllers/Controller.php on line 15
[17-Apr-2019 12:35:13 UTC] PHP Fatal error:  Allowed memory size of 134217728 bytes exhausted (tried to allocate 262144 bytes) in /var/www/html/app/core/Router.php on line 75
[17-Apr-2019 12:40:35 UTC] PHP Fatal error:  Uncaught Error: Class '/var/www/html/app/models/Companies.php' not found in /var/www/html/app/controllers/Controller.php:57
Stack trace:
#0 /var/www/html/app/controllers/Controller.php(22): app\controllers\Controller->new(Array)
#1 /var/www/html/app/core/Router.php(75): app\controllers\Controller->__construct('new', 'companies')
#2 /var/www/html/app/core/Router.php(40): app\core\Router->loadController('Companies')
#3 /var/www/html/app/core/Router.php(31): app\core\Router->isGet()
#4 /var/www/html/htdocs/index.php(11): app\core\Router->__construct(Array)
#5 {main}
  thrown in /var/www/html/app/controllers/Controller.php on line 57
[17-Apr-2019 12:41:16 UTC] PHP Fatal error:  Uncaught Error: Class '/var/www/html/app/models/Companies.php' not found in /var/www/html/app/controllers/Controller.php:57
Stack trace:
#0 /var/www/html/app/controllers/Controller.php(22): app\controllers\Controller->new(Array)
#1 /var/www/html/app/core/Router.php(75): app\controllers\Controller->__construct('new', 'companies')
#2 /var/www/html/app/core/Router.php(40): app\core\Router->loadController('Companies')
#3 /var/www/html/app/core/Router.php(31): app\core\Router->isGet()
#4 /var/www/html/htdocs/index.php(11): app\core\Router->__construct(Array)
#5 {main}
  thrown in /var/www/html/app/controllers/Controller.php on line 57
[17-Apr-2019 13:02:06 UTC] PHP Fatal error:  Uncaught Error: Class '\app\controllers\Companies.php' not found in /var/www/html/app/controllers/Controller.php:57
Stack trace:
#0 /var/www/html/app/controllers/Controller.php(22): app\controllers\Controller->new(Array)
#1 /var/www/html/app/core/Router.php(75): app\controllers\Controller->__construct('new', 'companies')
#2 /var/www/html/app/core/Router.php(40): app\core\Router->loadController('Companies')
#3 /var/www/html/app/core/Router.php(31): app\core\Router->isGet()
#4 /var/www/html/htdocs/index.php(11): app\core\Router->__construct(Array)
#5 {main}
  thrown in /var/www/html/app/controllers/Controller.php on line 57
[17-Apr-2019 13:03:56 UTC] PHP Fatal error:  Uncaught Error: Class '\app\controllers\Companies.php' not found in /var/www/html/app/controllers/Controller.php:58
Stack trace:
#0 /var/www/html/app/controllers/Controller.php(22): app\controllers\Controller->new(Array)
#1 /var/www/html/app/core/Router.php(75): app\controllers\Controller->__construct('new', 'companies')
#2 /var/www/html/app/core/Router.php(40): app\core\Router->loadController('Companies')
#3 /var/www/html/app/core/Router.php(31): app\core\Router->isGet()
#4 /var/www/html/htdocs/index.php(11): app\core\Router->__construct(Array)
#5 {main}
  thrown in /var/www/html/app/controllers/Controller.php on line 58
[17-Apr-2019 13:04:11 UTC] PHP Fatal error:  Uncaught Error: Class '\app\models\Companies.php' not found in /var/www/html/app/controllers/Controller.php:57
Stack trace:
#0 /var/www/html/app/controllers/Controller.php(22): app\controllers\Controller->new(Array)
#1 /var/www/html/app/core/Router.php(75): app\controllers\Controller->__construct('new', 'companies')
#2 /var/www/html/app/core/Router.php(40): app\core\Router->loadController('Companies')
#3 /var/www/html/app/core/Router.php(31): app\core\Router->isGet()
#4 /var/www/html/htdocs/index.php(11): app\core\Router->__construct(Array)
#5 {main}
  thrown in /var/www/html/app/controllers/Controller.php on line 57
[17-Apr-2019 13:08:48 UTC] PHP Fatal error:  Uncaught TypeError: Argument 3 passed to app\controllers\Controller::__construct() must be of the type array, null given, called in /var/www/html/app/core/Router.php on line 75 and defined in /var/www/html/app/controllers/Controller.php:15
Stack trace:
#0 /var/www/html/app/core/Router.php(75): app\controllers\Controller->__construct('new', 'companies', NULL)
#1 /var/www/html/app/core/Router.php(40): app\core\Router->loadController('Companies')
#2 /var/www/html/app/core/Router.php(31): app\core\Router->isGet()
#3 /var/www/html/htdocs/index.php(11): app\core\Router->__construct(Array)
#4 {main}
  thrown in /var/www/html/app/controllers/Controller.php on line 15
[17-Apr-2019 13:08:51 UTC] PHP Fatal error:  Uncaught TypeError: Argument 3 passed to app\controllers\Controller::__construct() must be of the type array, null given, called in /var/www/html/app/core/Router.php on line 75 and defined in /var/www/html/app/controllers/Controller.php:15
Stack trace:
#0 /var/www/html/app/core/Router.php(75): app\controllers\Controller->__construct('view', 'newcompany', NULL)
#1 /var/www/html/app/core/Router.php(40): app\core\Router->loadController('Newcompany')
#2 /var/www/html/app/core/Router.php(31): app\core\Router->isGet()
#3 /var/www/html/htdocs/index.php(11): app\core\Router->__construct(Array)
#4 {main}
  thrown in /var/www/html/app/controllers/Controller.php on line 15
[17-Apr-2019 13:10:13 UTC] PHP Fatal error:  Uncaught TypeError: Argument 3 passed to app\controllers\Controller::__construct() must be of the type array or null, string given, called in /var/www/html/app/core/Router.php on line 75 and defined in /var/www/html/app/controllers/Controller.php:15
Stack trace:
#0 /var/www/html/app/core/Router.php(75): app\controllers\Controller->__construct('new', 'companies', 'nombre=ds&NIF=d...')
#1 /var/www/html/app/core/Router.php(40): app\core\Router->loadController('Companies')
#2 /var/www/html/app/core/Router.php(31): app\core\Router->isGet()
#3 /var/www/html/htdocs/index.php(11): app\core\Router->__construct(Array)
#4 {main}
  thrown in /var/www/html/app/controllers/Controller.php on line 15
[17-Apr-2019 13:10:56 UTC] PHP Fatal error:  Uncaught TypeError: Argument 3 passed to app\controllers\Controller::__construct() must be of the type array or null, string given, called in /var/www/html/app/core/Router.php on line 75 and defined in /var/www/html/app/controllers/Controller.php:15
Stack trace:
#0 /var/www/html/app/core/Router.php(75): app\controllers\Controller->__construct('new', 'companies', 'nombre=ds&NIF=d...')
#1 /var/www/html/app/core/Router.php(40): app\core\Router->loadController('Companies')
#2 /var/www/html/app/core/Router.php(31): app\core\Router->isGet()
#3 /var/www/html/htdocs/index.php(11): app\core\Router->__construct(Array)
#4 {main}
  thrown in /var/www/html/app/controllers/Controller.php on line 15
[17-Apr-2019 13:16:11 UTC] PHP Fatal error:  Uncaught TypeError: Argument 1 passed to app\controllers\Controller::new() must be of the type string, array given, called in /var/www/html/app/controllers/Controller.php on line 22 and defined in /var/www/html/app/controllers/Controller.php:52
Stack trace:
#0 /var/www/html/app/controllers/Controller.php(22): app\controllers\Controller->new(Array)
#1 /var/www/html/app/core/Router.php(75): app\controllers\Controller->__construct('new', 'companies', Array)
#2 /var/www/html/app/core/Router.php(40): app\core\Router->loadController('Companies')
#3 /var/www/html/app/core/Router.php(31): app\core\Router->isGet()
#4 /var/www/html/htdocs/index.php(11): app\core\Router->__construct(Array)
#5 {main}
  thrown in /var/www/html/app/controllers/Controller.php on line 52
[17-Apr-2019 13:16:23 UTC] PHP Fatal error:  Uncaught TypeError: Argument 3 passed to app\controllers\Controller::__construct() must be of the type array or null, string given, called in /var/www/html/app/core/Router.php on line 75 and defined in /var/www/html/app/controllers/Controller.php:15
Stack trace:
#0 /var/www/html/app/core/Router.php(75): app\controllers\Controller->__construct('new', 'companies', 'nombre=dsdsadsa...')
#1 /var/www/html/app/core/Router.php(40): app\core\Router->loadController('Companies')
#2 /var/www/html/app/core/Router.php(31): app\core\Router->isGet()
#3 /var/www/html/htdocs/index.php(11): app\core\Router->__construct(Array)
#4 {main}
  thrown in /var/www/html/app/controllers/Controller.php on line 15
[17-Apr-2019 13:16:48 UTC] PHP Fatal error:  Uncaught Error: Call to undefined function app\controllers\vardump() in /var/www/html/app/controllers/Controller.php:53
Stack trace:
#0 /var/www/html/app/controllers/Controller.php(22): app\controllers\Controller->new('nombre=dsdsadsa...')
#1 /var/www/html/app/core/Router.php(75): app\controllers\Controller->__construct('new', 'companies', 'nombre=dsdsadsa...')
#2 /var/www/html/app/core/Router.php(40): app\core\Router->loadController('Companies')
#3 /var/www/html/app/core/Router.php(31): app\core\Router->isGet()
#4 /var/www/html/htdocs/index.php(11): app\core\Router->__construct(Array)
#5 {main}
  thrown in /var/www/html/app/controllers/Controller.php on line 53
[17-Apr-2019 13:17:03 UTC] PHP Deprecated:  parse_str() [<a href='0function.parse-str0'>function.parse-str0</a>]: Calling parse_str() without the result argument is deprecated in /var/www/html/app/controllers/Controller.php on line 54
[17-Apr-2019 13:17:03 UTC] PHP Notice:  Undefined variable: data in /var/www/html/app/controllers/Controller.php on line 60
[17-Apr-2019 13:17:03 UTC] PHP Fatal error:  Uncaught TypeError: Argument 1 passed to app\models\Companies::new() must be of the type array, null given, called in /var/www/html/app/controllers/Controller.php on line 60 and defined in /var/www/html/app/models/Companies.php:17
Stack trace:
#0 /var/www/html/app/controllers/Controller.php(60): app\models\Companies->new(NULL)
#1 /var/www/html/app/controllers/Controller.php(22): app\controllers\Controller->new('nombre=dsdsadsa...')
#2 /var/www/html/app/core/Router.php(75): app\controllers\Controller->__construct('new', 'companies', 'nombre=dsdsadsa...')
#3 /var/www/html/app/core/Router.php(40): app\core\Router->loadController('Companies')
#4 /var/www/html/app/core/Router.php(31): app\core\Router->isGet()
#5 /var/www/html/htdocs/index.php(11): app\core\Router->__construct(Array)
#6 {main}
  thrown in /var/www/html/app/models/Companies.php on line 17
[17-Apr-2019 13:18:46 UTC] PHP Deprecated:  parse_str() [<a href='0function.parse-str0'>function.parse-str0</a>]: Calling parse_str() without the result argument is deprecated in /var/www/html/app/controllers/Controller.php on line 54
[17-Apr-2019 13:18:46 UTC] PHP Notice:  Undefined variable: data in /var/www/html/app/controllers/Controller.php on line 60
[17-Apr-2019 13:18:46 UTC] PHP Fatal error:  Uncaught TypeError: Argument 1 passed to app\models\Companies::new() must be of the type array, null given, called in /var/www/html/app/controllers/Controller.php on line 60 and defined in /var/www/html/app/models/Companies.php:17
Stack trace:
#0 /var/www/html/app/controllers/Controller.php(60): app\models\Companies->new(NULL)
#1 /var/www/html/app/controllers/Controller.php(22): app\controllers\Controller->new('"nombre=dsad&NI...')
#2 /var/www/html/app/core/Router.php(75): app\controllers\Controller->__construct('new', 'companies', '"nombre=dsad&NI...')
#3 /var/www/html/app/core/Router.php(40): app\core\Router->loadController('Companies')
#4 /var/www/html/app/core/Router.php(31): app\core\Router->isGet()
#5 /var/www/html/htdocs/index.php(11): app\core\Router->__construct(Array)
#6 {main}
  thrown in /var/www/html/app/models/Companies.php on line 17
[17-Apr-2019 13:19:09 UTC] PHP Deprecated:  parse_str() [<a href='0function.parse-str0'>function.parse-str0</a>]: Calling parse_str() without the result argument is deprecated in /var/www/html/app/controllers/Controller.php on line 54
[17-Apr-2019 13:19:09 UTC] PHP Notice:  Undefined variable: data in /var/www/html/app/controllers/Controller.php on line 60
[17-Apr-2019 13:19:09 UTC] PHP Fatal error:  Uncaught TypeError: Argument 1 passed to app\models\Companies::new() must be of the type array, null given, called in /var/www/html/app/controllers/Controller.php on line 60 and defined in /var/www/html/app/models/Companies.php:17
Stack trace:
#0 /var/www/html/app/controllers/Controller.php(60): app\models\Companies->new(NULL)
#1 /var/www/html/app/controllers/Controller.php(22): app\controllers\Controller->new('[{"name":"nombr...')
#2 /var/www/html/app/core/Router.php(75): app\controllers\Controller->__construct('new', 'companies', '[{"name":"nombr...')
#3 /var/www/html/app/core/Router.php(40): app\core\Router->loadController('Companies')
#4 /var/www/html/app/core/Router.php(31): app\core\Router->isGet()
#5 /var/www/html/htdocs/index.php(11): app\core\Router->__construct(Array)
#6 {main}
  thrown in /var/www/html/app/models/Companies.php on line 17
[17-Apr-2019 13:36:47 UTC] PHP Fatal error:  Uncaught TypeError: Argument 1 passed to app\models\Companies::new() must be of the type array, object given, called in /var/www/html/app/controllers/Controller.php on line 59 and defined in /var/www/html/app/models/Companies.php:17
Stack trace:
#0 /var/www/html/app/controllers/Controller.php(59): app\models\Companies->new(Object(stdClass))
#1 /var/www/html/app/controllers/Controller.php(22): app\controllers\Controller->new('{"nombre":"dsad...')
#2 /var/www/html/app/core/Router.php(75): app\controllers\Controller->__construct('new', 'companies', '{"nombre":"dsad...')
#3 /var/www/html/app/core/Router.php(40): app\core\Router->loadController('Companies')
#4 /var/www/html/app/core/Router.php(31): app\core\Router->isGet()
#5 /var/www/html/htdocs/index.php(11): app\core\Router->__construct(Array)
#6 {main}
  thrown in /var/www/html/app/models/Companies.php on line 17
[17-Apr-2019 13:37:54 UTC] PHP Fatal error:  Uncaught TypeError: Argument 1 passed to app\models\Companies::new() must be of the type array, object given, called in /var/www/html/app/controllers/Controller.php on line 58 and defined in /var/www/html/app/models/Companies.php:17
Stack trace:
#0 /var/www/html/app/controllers/Controller.php(58): app\models\Companies->new(Object(stdClass))
#1 /var/www/html/app/controllers/Controller.php(22): app\controllers\Controller->new('{"nombre":"dsad...')
#2 /var/www/html/app/core/Router.php(75): app\controllers\Controller->__construct('new', 'companies', '{"nombre":"dsad...')
#3 /var/www/html/app/core/Router.php(40): app\core\Router->loadController('Companies')
#4 /var/www/html/app/core/Router.php(31): app\core\Router->isGet()
#5 /var/www/html/htdocs/index.php(11): app\core\Router->__construct(Array)
#6 {main}
  thrown in /var/www/html/app/models/Companies.php on line 17
[17-Apr-2019 13:40:12 UTC] PHP Fatal error:  Uncaught Error: Cannot use object of type stdClass as array in /var/www/html/app/models/Companies.php:19
Stack trace:
#0 /var/www/html/app/controllers/Controller.php(59): app\models\Companies->new(Object(stdClass))
#1 /var/www/html/app/controllers/Controller.php(22): app\controllers\Controller->new('{"nombre":"dsad...')
#2 /var/www/html/app/core/Router.php(75): app\controllers\Controller->__construct('new', 'companies', '{"nombre":"dsad...')
#3 /var/www/html/app/core/Router.php(40): app\core\Router->loadController('Companies')
#4 /var/www/html/app/core/Router.php(31): app\core\Router->isGet()
#5 /var/www/html/htdocs/index.php(11): app\core\Router->__construct(Array)
#6 {main}
  thrown in /var/www/html/app/models/Companies.php on line 19
[17-Apr-2019 13:41:39 UTC] PHP Fatal error:  Uncaught PDOException: SQLSTATE[42S22]: Column not found: 1054 Unknown column 'NIF' in 'field list' in /var/www/html/app/core/Conn.php:65
Stack trace:
#0 /var/www/html/app/core/Conn.php(65): PDO->prepare('INSERT INTO emp...')
#1 /var/www/html/app/core/Conn.php(127): app\core\Conn->init('INSERT INTO emp...', Array)
#2 /var/www/html/app/core/Query.php(93): app\core\Conn->query('INSERT INTO emp...', Array)
#3 /var/www/html/app/models/Companies.php(20): app\core\Query->add(Array)
#4 /var/www/html/app/controllers/Controller.php(59): app\models\Companies->new(Array)
#5 /var/www/html/app/controllers/Controller.php(22): app\controllers\Controller->new('{"nombre":"dsad...')
#6 /var/www/html/app/core/Router.php(75): app\controllers\Controller->__construct('new', 'companies', '{"nombre":"dsad...')
#7 /var/www/html/app/core/Router.php(40): app\core\Router->loadController('Companies')
#8 /var/www/html/app/core/Router.php(31): app\core\Router->isGet()
#9 /var/www/html/htdocs/index.php(11): app\core\Router->__construct(Array)
#10 {main}
  thrown in /var/www/html/app/core/Conn.php on line 65
[18-Apr-2019 07:52:13 UTC] PHP Fatal error:  Uncaught MatthiasMullie\Minify\Exceptions\IOException: The file "/var/www/html/htdocs/js/mods/tools.min.js" could not be opened for writing. Check if PHP has enough permissions. in /var/www/html/vendor/matthiasmullie/minify/src/Minify.php:438
Stack trace:
#0 /var/www/html/vendor/matthiasmullie/minify/src/Minify.php(198): MatthiasMullie\Minify\Minify->openFileForWriting('/var/www/html/h...')
#1 /var/www/html/vendor/matthiasmullie/minify/src/Minify.php(115): MatthiasMullie\Minify\Minify->save('var echo=functi...', '/var/www/html/h...')
#2 /var/www/html/app/core/minify.php(29): MatthiasMullie\Minify\Minify->minify('/var/www/html/h...')
#3 /var/www/html/app/core/minify.php(23): listar('/var/www/html/h...')
#4 /var/www/html/app/core/minify.php(36): listar('/var/www/html/h...')
#5 /var/www/html/htdocs/index.php(9): require_once('/var/www/html/a...')
#6 {main}
  thrown in /var/www/html/vendor/matthiasmullie/minify/src/Minify.php on line 438
[18-Apr-2019 08:14:15 UTC] PHP Parse error:  syntax error, unexpected ':' in /var/www/html/app/models/Companies.php on line 18
[18-Apr-2019 09:15:48 UTC] PHP Parse error:  syntax error, unexpected ':' in /var/www/html/app/models/Companies.php on line 18
[18-Apr-2019 10:57:07 UTC] PHP Fatal error:  Uncaught PDOException: SQLSTATE[42S22]: Column not found: 1054 Unknown column 'NIF' in 'field list' in /var/www/html/app/core/Conn.php:65
Stack trace:
#0 /var/www/html/app/core/Conn.php(65): PDO->prepare('INSERT INTO emp...')
#1 /var/www/html/app/core/Conn.php(127): app\core\Conn->init('INSERT INTO emp...', Array)
#2 /var/www/html/app/core/Query.php(93): app\core\Conn->query('INSERT INTO emp...', Array)
#3 /var/www/html/app/models/Companies.php(21): app\core\Query->add(Array)
#4 /var/www/html/app/controllers/Controller.php(59): app\models\Companies->new(Array)
#5 /var/www/html/app/controllers/Controller.php(22): app\controllers\Controller->new('{"nombre":"sdad...')
#6 /var/www/html/app/core/Router.php(75): app\controllers\Controller->__construct('new', 'companies', '{"nombre":"sdad...')
#7 /var/www/html/app/core/Router.php(40): app\core\Router->loadController('Companies')
#8 /var/www/html/app/core/Router.php(31): app\core\Router->isGet()
#9 /var/www/html/htdocs/index.php(11): app\core\Router->__construct(Array)
#10 {main}
  thrown in /var/www/html/app/core/Conn.php on line 65
[18-Apr-2019 11:19:20 UTC] PHP Warning:  Use of undefined constant PHP_SELF - assumed 'PHP_SELF' (this will throw an Error in a future version of PHP) in /var/www/html/app/views/utils/sel.phtml on line 3
[18-Apr-2019 11:19:20 UTC] PHP Notice:  Undefined index: PHP_SELF in /var/www/html/app/views/utils/sel.phtml on line 3
[18-Apr-2019 11:19:20 UTC] PHP Notice:  Undefined index: array in /var/www/html/app/views/utils/sel.phtml on line 9
[18-Apr-2019 11:19:20 UTC] PHP Warning:  Invalid argument supplied for foreach() in /var/www/html/app/views/utils/sel.phtml on line 9
[18-Apr-2019 11:20:18 UTC] PHP Warning:  Use of undefined constant basename - assumed 'basename' (this will throw an Error in a future version of PHP) in /var/www/html/app/views/utils/sel.phtml on line 2
[18-Apr-2019 11:20:31 UTC] PHP Warning:  basename() expects at least 1 parameter, 0 given in /var/www/html/app/views/utils/sel.phtml on line 2
[18-Apr-2019 11:21:47 UTC] PHP Notice:  Array to string conversion in /var/www/html/app/views/utils/sel.phtml on line 2
[18-Apr-2019 11:22:35 UTC] PHP Notice:  Undefined index: array in /var/www/html/app/views/utils/sel.phtml on line 10
[18-Apr-2019 11:22:35 UTC] PHP Warning:  Invalid argument supplied for foreach() in /var/www/html/app/views/utils/sel.phtml on line 10
[18-Apr-2019 11:48:14 UTC] PHP Notice:  Undefined index: options in /var/www/html/app/views/utils/select.phtml on line 8
[18-Apr-2019 11:48:14 UTC] PHP Notice:  Undefined index: options in /var/www/html/app/views/utils/select.phtml on line 8
[18-Apr-2019 11:48:21 UTC] PHP Notice:  Undefined index: options in /var/www/html/app/views/utils/select.phtml on line 8
[18-Apr-2019 12:16:25 UTC] PHP Notice:  Undefined index: options in /var/www/html/app/views/utils/select.phtml on line 8
[18-Apr-2019 12:16:45 UTC] PHP Notice:  Undefined index: options in /var/www/html/app/views/utils/select.phtml on line 8
[19-Apr-2019 17:32:19 UTC] PHP Warning:  include(/var/www/html/app/views/utils/Seleccione un plan.phtml) [<a href='0function.include0'>function.include0</a>]: failed to open stream: No such file or directory in /var/www/html/app/core/dev.php on line 15
[19-Apr-2019 17:32:19 UTC] PHP Warning:  include() [<a href='0function.include0'>function.include0</a>]: Failed opening '/var/www/html/app/views/utils/Seleccione un plan.phtml' for inclusion (include_path='.:/usr/local/lib/php') in /var/www/html/app/core/dev.php on line 15
[19-Apr-2019 17:33:11 UTC] PHP Warning:  include(/var/www/html/app/views/utils/Seleccione un plan.phtml) [<a href='0function.include0'>function.include0</a>]: failed to open stream: No such file or directory in /var/www/html/app/core/dev.php on line 15
[19-Apr-2019 17:33:11 UTC] PHP Warning:  include() [<a href='0function.include0'>function.include0</a>]: Failed opening '/var/www/html/app/views/utils/Seleccione un plan.phtml' for inclusion (include_path='.:/usr/local/lib/php') in /var/www/html/app/core/dev.php on line 15
[20-Apr-2019 07:15:59 UTC] PHP Fatal error:  Uncaught Error: Undefined constant 'FOLDERS\COMPONENTS' in /var/www/html/app/core/dev.php:15
Stack trace:
#0 /var/www/html/app/views/newcompany.phtml(8): loadUtils('input-txt', Array)
#1 /var/www/html/app/controllers/Controller.php(50): require_once('/var/www/html/a...')
#2 /var/www/html/app/controllers/Controller.php(47): app\controllers\Controller->require('/var/www/html/a...', Array)
#3 /var/www/html/app/controllers/Controller.php(37): app\controllers\Controller->getView()
#4 /var/www/html/app/core/Router.php(75): app\controllers\Controller->__construct('view', 'newcompany', NULL)
#5 /var/www/html/app/core/Router.php(40): app\core\Router->loadController('Newcompany')
#6 /var/www/html/app/core/Router.php(31): app\core\Router->isGet()
#7 /var/www/html/htdocs/index.php(11): app\core\Router->__construct(Array)
#8 {main}
  thrown in /var/www/html/app/core/dev.php on line 15
[20-Apr-2019 10:22:13 UTC] PHP Fatal error:  Uncaught Error: Call to undefined function loadUtils() in /var/www/html/app/views/newcompany.phtml:35
Stack trace:
#0 /var/www/html/app/controllers/Controller.php(50): require_once()
#1 /var/www/html/app/controllers/Controller.php(47): app\controllers\Controller->require('/var/www/html/a...', Array)
#2 /var/www/html/app/controllers/Controller.php(37): app\controllers\Controller->getView()
#3 /var/www/html/app/core/Router.php(75): app\controllers\Controller->__construct('view', 'newcompany', NULL)
#4 /var/www/html/app/core/Router.php(40): app\core\Router->loadController('Newcompany')
#5 /var/www/html/app/core/Router.php(31): app\core\Router->isGet()
#6 /var/www/html/htdocs/index.php(11): app\core\Router->__construct(Array)
#7 {main}
  thrown in /var/www/html/app/views/newcompany.phtml on line 35
[20-Apr-2019 10:23:33 UTC] SQLSTATE[HY000] [1049] Unknown database 'app_empresas'
[20-Apr-2019 10:23:33 UTC] PHP Fatal error:  Uncaught Error: Call to a member function prepare() on null in /var/www/html/app/core/Conn.php:66
Stack trace:
#0 /var/www/html/app/core/Conn.php(128): app\core\Conn->init('INSERT INTO emp...', Array)
#1 /var/www/html/app/core/Query.php(97): app\core\Conn->query('INSERT INTO emp...', Array)
#2 /var/www/html/app/models/Companies.php(17): app\core\Query->add(Array)
#3 /var/www/html/app/controllers/Controller.php(59): app\models\Companies->new(Array)
#4 /var/www/html/app/controllers/Controller.php(22): app\controllers\Controller->new('{"nombre":"sdad...')
#5 /var/www/html/app/core/Router.php(75): app\controllers\Controller->__construct('new', 'companies', '{"nombre":"sdad...')
#6 /var/www/html/app/core/Router.php(40): app\core\Router->loadController('Companies')
#7 /var/www/html/app/core/Router.php(31): app\core\Router->isGet()
#8 /var/www/html/htdocs/index.php(11): app\core\Router->__construct(Array)
#9 {main}
  thrown in /var/www/html/app/core/Conn.php on line 66
[20-Apr-2019 10:23:38 UTC] SQLSTATE[HY000] [1049] Unknown database 'app_empresas'
[20-Apr-2019 10:23:38 UTC] PHP Fatal error:  Uncaught Error: Call to a member function prepare() on null in /var/www/html/app/core/Conn.php:66
Stack trace:
#0 /var/www/html/app/core/Conn.php(128): app\core\Conn->init('INSERT INTO emp...', Array)
#1 /var/www/html/app/core/Query.php(97): app\core\Conn->query('INSERT INTO emp...', Array)
#2 /var/www/html/app/models/Companies.php(17): app\core\Query->add(Array)
#3 /var/www/html/app/controllers/Controller.php(59): app\models\Companies->new(Array)
#4 /var/www/html/app/controllers/Controller.php(22): app\controllers\Controller->new('{"nombre":"sdad...')
#5 /var/www/html/app/core/Router.php(75): app\controllers\Controller->__construct('new', 'companies', '{"nombre":"sdad...')
#6 /var/www/html/app/core/Router.php(40): app\core\Router->loadController('Companies')
#7 /var/www/html/app/core/Router.php(31): app\core\Router->isGet()
#8 /var/www/html/htdocs/index.php(11): app\core\Router->__construct(Array)
#9 {main}
  thrown in /var/www/html/app/core/Conn.php on line 66
[20-Apr-2019 10:24:13 UTC] SQLSTATE[HY000] [1049] Unknown database 'app_empresas'
[20-Apr-2019 10:24:13 UTC] PHP Fatal error:  Uncaught Error: Call to a member function prepare() on null in /var/www/html/app/core/Conn.php:66
Stack trace:
#0 /var/www/html/app/core/Conn.php(128): app\core\Conn->init('INSERT INTO emp...', Array)
#1 /var/www/html/app/core/Query.php(97): app\core\Conn->query('INSERT INTO emp...', Array)
#2 /var/www/html/app/models/Companies.php(17): app\core\Query->add(Array)
#3 /var/www/html/app/controllers/Controller.php(59): app\models\Companies->new(Array)
#4 /var/www/html/app/controllers/Controller.php(22): app\controllers\Controller->new('{"nombre":"dsad...')
#5 /var/www/html/app/core/Router.php(75): app\controllers\Controller->__construct('new', 'companies', '{"nombre":"dsad...')
#6 /var/www/html/app/core/Router.php(40): app\core\Router->loadController('Companies')
#7 /var/www/html/app/core/Router.php(31): app\core\Router->isGet()
#8 /var/www/html/htdocs/index.php(11): app\core\Router->__construct(Array)
#9 {main}
  thrown in /var/www/html/app/core/Conn.php on line 66
[20-Apr-2019 10:25:54 UTC] SQLSTATE[HY000] [1049] Unknown database 'app_empresas'
[20-Apr-2019 10:25:54 UTC] PHP Fatal error:  Uncaught Error: Call to a member function prepare() on null in /var/www/html/app/core/Conn.php:66
Stack trace:
#0 /var/www/html/app/core/Conn.php(128): app\core\Conn->init('INSERT INTO emp...', Array)
#1 /var/www/html/app/core/Query.php(97): app\core\Conn->query('INSERT INTO emp...', Array)
#2 /var/www/html/app/models/Companies.php(17): app\core\Query->add(Array)
#3 /var/www/html/app/controllers/Controller.php(59): app\models\Companies->new(Array)
#4 /var/www/html/app/controllers/Controller.php(22): app\controllers\Controller->new('{"nombre":"Lled...')
#5 /var/www/html/app/core/Router.php(75): app\controllers\Controller->__construct('new', 'companies', '{"nombre":"Lled...')
#6 /var/www/html/app/core/Router.php(40): app\core\Router->loadController('Companies')
#7 /var/www/html/app/core/Router.php(31): app\core\Router->isGet()
#8 /var/www/html/htdocs/index.php(11): app\core\Router->__construct(Array)
#9 {main}
  thrown in /var/www/html/app/core/Conn.php on line 66
[20-Apr-2019 10:28:28 UTC] SQLSTATE[HY000] [1049] Unknown database 'app_empresas'
[20-Apr-2019 10:30:14 UTC] SQLSTATE[HY000] [1049] Unknown database 'app_empresas'
[20-Apr-2019 10:30:57 UTC] SQLSTATE[HY000] [1049] Unknown database 'app_empresas'
[20-Apr-2019 10:31:25 UTC] SQLSTATE[HY000] [1049] Unknown database 'app_empresas'
[20-Apr-2019 10:31:25 UTC] PHP Fatal error:  Uncaught Error: Call to a member function prepare() on null in /var/www/html/app/core/Conn.php:66
Stack trace:
#0 /var/www/html/app/core/Conn.php(129): app\core\Conn->init('INSERT INTO emp...', Array)
#1 /var/www/html/app/core/Query.php(97): app\core\Conn->query('INSERT INTO emp...', Array)
#2 /var/www/html/app/models/Companies.php(17): app\core\Query->add(Array)
#3 /var/www/html/app/controllers/Controller.php(59): app\models\Companies->new(Array)
#4 /var/www/html/app/controllers/Controller.php(22): app\controllers\Controller->new('{"nombre":"Lled...')
#5 /var/www/html/app/core/Router.php(75): app\controllers\Controller->__construct('new', 'companies', '{"nombre":"Lled...')
#6 /var/www/html/app/core/Router.php(40): app\core\Router->loadController('Companies')
#7 /var/www/html/app/core/Router.php(31): app\core\Router->isGet()
#8 /var/www/html/htdocs/index.php(11): app\core\Router->__construct(Array)
#9 {main}
  thrown in /var/www/html/app/core/Conn.php on line 66
[20-Apr-2019 10:33:14 UTC] SQLSTATE[HY000] [1049] Unknown database 'app_empresas'
[20-Apr-2019 10:36:56 UTC] SQLSTATE[HY000] [1049] Unknown database 'app_empresas'
[20-Apr-2019 10:38:55 UTC] PHP Notice:  Undefined variable: dns in /var/www/html/app/core/Conn.php on line 34
[20-Apr-2019 10:40:35 UTC] SQLSTATE[HY000] [2002] No such file or directory
[20-Apr-2019 10:40:35 UTC] PHP Fatal error:  Uncaught Error: Call to a member function prepare() on null in /var/www/html/app/core/Conn.php:67
Stack trace:
#0 /var/www/html/app/core/Conn.php(130): app\core\Conn->init('INSERT INTO emp...', Array)
#1 /var/www/html/app/core/Query.php(97): app\core\Conn->query('INSERT INTO emp...', Array)
#2 /var/www/html/app/models/Companies.php(17): app\core\Query->add(Array)
#3 /var/www/html/app/controllers/Controller.php(59): app\models\Companies->new(Array)
#4 /var/www/html/app/controllers/Controller.php(22): app\controllers\Controller->new('{"nombre":"Nest...')
#5 /var/www/html/app/core/Router.php(75): app\controllers\Controller->__construct('new', 'companies', '{"nombre":"Nest...')
#6 /var/www/html/app/core/Router.php(40): app\core\Router->loadController('Companies')
#7 /var/www/html/app/core/Router.php(31): app\core\Router->isGet()
#8 /var/www/html/htdocs/index.php(11): app\core\Router->__construct(Array)
#9 {main}
  thrown in /var/www/html/app/core/Conn.php on line 67
[20-Apr-2019 10:41:14 UTC] SQLSTATE[HY000] [2002] No such file or directory
[20-Apr-2019 10:41:14 UTC] PHP Fatal error:  Uncaught Error: Call to a member function prepare() on null in /var/www/html/app/core/Conn.php:68
Stack trace:
#0 /var/www/html/app/core/Conn.php(131): app\core\Conn->init('INSERT INTO emp...', Array)
#1 /var/www/html/app/core/Query.php(97): app\core\Conn->query('INSERT INTO emp...', Array)
#2 /var/www/html/app/models/Companies.php(17): app\core\Query->add(Array)
#3 /var/www/html/app/controllers/Controller.php(59): app\models\Companies->new(Array)
#4 /var/www/html/app/controllers/Controller.php(22): app\controllers\Controller->new('{"nombre":"Nest...')
#5 /var/www/html/app/core/Router.php(75): app\controllers\Controller->__construct('new', 'companies', '{"nombre":"Nest...')
#6 /var/www/html/app/core/Router.php(40): app\core\Router->loadController('Companies')
#7 /var/www/html/app/core/Router.php(31): app\core\Router->isGet()
#8 /var/www/html/htdocs/index.php(11): app\core\Router->__construct(Array)
#9 {main}
  thrown in /var/www/html/app/core/Conn.php on line 68
[20-Apr-2019 10:41:48 UTC] SQLSTATE[HY000] [2002] No such file or directory
[20-Apr-2019 10:41:48 UTC] PHP Fatal error:  Uncaught Error: Call to a member function prepare() on null in /var/www/html/app/core/Conn.php:67
Stack trace:
#0 /var/www/html/app/core/Conn.php(130): app\core\Conn->init('INSERT INTO emp...', Array)
#1 /var/www/html/app/core/Query.php(97): app\core\Conn->query('INSERT INTO emp...', Array)
#2 /var/www/html/app/models/Companies.php(17): app\core\Query->add(Array)
#3 /var/www/html/app/controllers/Controller.php(59): app\models\Companies->new(Array)
#4 /var/www/html/app/controllers/Controller.php(22): app\controllers\Controller->new('{"nombre":"Nest...')
#5 /var/www/html/app/core/Router.php(75): app\controllers\Controller->__construct('new', 'companies', '{"nombre":"Nest...')
#6 /var/www/html/app/core/Router.php(40): app\core\Router->loadController('Companies')
#7 /var/www/html/app/core/Router.php(31): app\core\Router->isGet()
#8 /var/www/html/htdocs/index.php(11): app\core\Router->__construct(Array)
#9 {main}
  thrown in /var/www/html/app/core/Conn.php on line 67
[20-Apr-2019 10:44:01 UTC] PHP Fatal error:  Uncaught Error: Class 'app\models\Query' not found in /var/www/html/app/models/Company.php:3
Stack trace:
#0 /var/www/html/vendor/composer/ClassLoader.php(444): include()
#1 /var/www/html/vendor/composer/ClassLoader.php(322): Composer\Autoload\includeFile('/var/www/html/v...')
#2 [internal function]: Composer\Autoload\ClassLoader->loadClass('app\\models\\Comp...')
#3 /var/www/html/app/models/Companies.php(20): spl_autoload_call('app\\models\\Comp...')
#4 /var/www/html/app/controllers/Controller.php(59): app\models\Companies->new(Array)
#5 /var/www/html/app/controllers/Controller.php(22): app\controllers\Controller->new('{"nombre":"Nest...')
#6 /var/www/html/app/core/Router.php(75): app\controllers\Controller->__construct('new', 'companies', '{"nombre":"Nest...')
#7 /var/www/html/app/core/Router.php(40): app\core\Router->loadController('Companies')
#8 /var/www/html/app/core/Router.php(31): app\core\Router->isGet()
#9 /var/www/html/htdocs/index.php(11): app\core\Router->__construct(Array)
#10 {main}
  thrown in /var/www/html/app/models/Company.php on line 3
[20-Apr-2019 10:44:36 UTC] PHP Fatal error:  Uncaught PDOException: SQLSTATE[23000]: Integrity constraint violation: 1062 Duplicate entry 'Nestor' for key 'nombre' in /var/www/html/app/core/Conn.php:85
Stack trace:
#0 /var/www/html/app/core/Conn.php(85): PDOStatement->execute()
#1 /var/www/html/app/core/Conn.php(130): app\core\Conn->init('INSERT INTO emp...', Array)
#2 /var/www/html/app/core/Query.php(97): app\core\Conn->query('INSERT INTO emp...', Array)
#3 /var/www/html/app/models/Companies.php(18): app\core\Query->add(Array)
#4 /var/www/html/app/controllers/Controller.php(59): app\models\Companies->new(Array)
#5 /var/www/html/app/controllers/Controller.php(22): app\controllers\Controller->new('{"nombre":"Nest...')
#6 /var/www/html/app/core/Router.php(75): app\controllers\Controller->__construct('new', 'companies', '{"nombre":"Nest...')
#7 /var/www/html/app/core/Router.php(40): app\core\Router->loadController('Companies')
#8 /var/www/html/app/core/Router.php(31): app\core\Router->isGet()
#9 /var/www/html/htdocs/index.php(11): app\core\Router->__construct(Array)
#10 {main}
  thrown in /var/www/html/app/core/Conn.php on line 85
[20-Apr-2019 10:45:18 UTC] PHP Fatal error:  Uncaught Error: Class 'app\models\app\core\Query' not found in /var/www/html/app/models/Company.php:3
Stack trace:
#0 /var/www/html/vendor/composer/ClassLoader.php(444): include()
#1 /var/www/html/vendor/composer/ClassLoader.php(322): Composer\Autoload\includeFile('/var/www/html/v...')
#2 [internal function]: Composer\Autoload\ClassLoader->loadClass('app\\models\\Comp...')
#3 /var/www/html/app/models/Companies.php(20): spl_autoload_call('app\\models\\Comp...')
#4 /var/www/html/app/controllers/Controller.php(59): app\models\Companies->new(Array)
#5 /var/www/html/app/controllers/Controller.php(22): app\controllers\Controller->new('{"nombre":"Lled...')
#6 /var/www/html/app/core/Router.php(75): app\controllers\Controller->__construct('new', 'companies', '{"nombre":"Lled...')
#7 /var/www/html/app/core/Router.php(40): app\core\Router->loadController('Companies')
#8 /var/www/html/app/core/Router.php(31): app\core\Router->isGet()
#9 /var/www/html/htdocs/index.php(11): app\core\Router->__construct(Array)
#10 {main}
  thrown in /var/www/html/app/models/Company.php on line 3
[20-Apr-2019 10:45:37 UTC] PHP Fatal error:  Uncaught PDOException: SQLSTATE[23000]: Integrity constraint violation: 1062 Duplicate entry 'Lledo' for key 'nombre' in /var/www/html/app/core/Conn.php:85
Stack trace:
#0 /var/www/html/app/core/Conn.php(85): PDOStatement->execute()
#1 /var/www/html/app/core/Conn.php(130): app\core\Conn->init('INSERT INTO emp...', Array)
#2 /var/www/html/app/core/Query.php(97): app\core\Conn->query('INSERT INTO emp...', Array)
#3 /var/www/html/app/models/Companies.php(18): app\core\Query->add(Array)
#4 /var/www/html/app/controllers/Controller.php(59): app\models\Companies->new(Array)
#5 /var/www/html/app/controllers/Controller.php(22): app\controllers\Controller->new('{"nombre":"Lled...')
#6 /var/www/html/app/core/Router.php(75): app\controllers\Controller->__construct('new', 'companies', '{"nombre":"Lled...')
#7 /var/www/html/app/core/Router.php(40): app\core\Router->loadController('Companies')
#8 /var/www/html/app/core/Router.php(31): app\core\Router->isGet()
#9 /var/www/html/htdocs/index.php(11): app\core\Router->__construct(Array)
#10 {main}
  thrown in /var/www/html/app/core/Conn.php on line 85
[20-Apr-2019 10:48:15 UTC] PHP Fatal error:  Uncaught PDOException: SQLSTATE[23000]: Integrity constraint violation: 1062 Duplicate entry 'Lledos' for key 'nombre' in /var/www/html/app/core/Conn.php:85
Stack trace:
#0 /var/www/html/app/core/Conn.php(85): PDOStatement->execute()
#1 /var/www/html/app/core/Conn.php(130): app\core\Conn->init('INSERT INTO emp...', Array)
#2 /var/www/html/app/core/Query.php(97): app\core\Conn->query('INSERT INTO emp...', Array)
#3 /var/www/html/app/models/Companies.php(18): app\core\Query->add(Array)
#4 /var/www/html/app/controllers/Controller.php(59): app\models\Companies->new(Array)
#5 /var/www/html/app/controllers/Controller.php(22): app\controllers\Controller->new('{"nombre":"Lled...')
#6 /var/www/html/app/core/Router.php(75): app\controllers\Controller->__construct('new', 'companies', '{"nombre":"Lled...')
#7 /var/www/html/app/core/Router.php(40): app\core\Router->loadController('Companies')
#8 /var/www/html/app/core/Router.php(31): app\core\Router->isGet()
#9 /var/www/html/htdocs/index.php(11): app\core\Router->__construct(Array)
#10 {main}
  thrown in /var/www/html/app/core/Conn.php on line 85
[20-Apr-2019 10:49:52 UTC] PHP Fatal error:  Uncaught PDOException: SQLSTATE[23000]: Integrity constraint violation: 1062 Duplicate entry 'Lledos' for key 'nombre' in /var/www/html/app/core/Conn.php:85
Stack trace:
#0 /var/www/html/app/core/Conn.php(85): PDOStatement->execute()
#1 /var/www/html/app/core/Conn.php(131): app\core\Conn->init('INSERT INTO emp...', Array)
#2 /var/www/html/app/core/Query.php(97): app\core\Conn->query('INSERT INTO emp...', Array)
#3 /var/www/html/app/models/Companies.php(18): app\core\Query->add(Array)
#4 /var/www/html/app/controllers/Controller.php(59): app\models\Companies->new(Array)
#5 /var/www/html/app/controllers/Controller.php(22): app\controllers\Controller->new('{"nombre":"Lled...')
#6 /var/www/html/app/core/Router.php(75): app\controllers\Controller->__construct('new', 'companies', '{"nombre":"Lled...')
#7 /var/www/html/app/core/Router.php(40): app\core\Router->loadController('Companies')
#8 /var/www/html/app/core/Router.php(31): app\core\Router->isGet()
#9 /var/www/html/htdocs/index.php(11): app\core\Router->__construct(Array)
#10 {main}
  thrown in /var/www/html/app/core/Conn.php on line 85
[20-Apr-2019 10:55:11 UTC] PHP Fatal error:  Uncaught PDOException: SQLSTATE[23000]: Integrity constraint violation: 1062 Duplicate entry 'Lledos' for key 'nombre' in /var/www/html/app/core/Conn.php:85
Stack trace:
#0 /var/www/html/app/core/Conn.php(85): PDOStatement->execute()
#1 /var/www/html/app/core/Conn.php(130): app\core\Conn->init('INSERT INTO emp...', Array)
#2 /var/www/html/app/core/Query.php(97): app\core\Conn->query('INSERT INTO emp...', Array)
#3 /var/www/html/app/models/Companies.php(18): app\core\Query->add(Array)
#4 /var/www/html/app/controllers/Controller.php(59): app\models\Companies->new(Array)
#5 /var/www/html/app/controllers/Controller.php(22): app\controllers\Controller->new('{"nombre":"Lled...')
#6 /var/www/html/app/core/Router.php(75): app\controllers\Controller->__construct('new', 'companies', '{"nombre":"Lled...')
#7 /var/www/html/app/core/Router.php(40): app\core\Router->loadController('Companies')
#8 /var/www/html/app/core/Router.php(31): app\core\Router->isGet()
#9 /var/www/html/htdocs/index.php(11): app\core\Router->__construct(Array)
#10 {main}
  thrown in /var/www/html/app/core/Conn.php on line 85
[20-Apr-2019 10:56:03 UTC] PHP Fatal error:  Uncaught PDOException: SQLSTATE[23000]: Integrity constraint violation: 1062 Duplicate entry 'Lledos' for key 'nombre' in /var/www/html/app/core/Conn.php:85
Stack trace:
#0 /var/www/html/app/core/Conn.php(85): PDOStatement->execute()
#1 /var/www/html/app/core/Conn.php(130): app\core\Conn->init('INSERT INTO emp...', Array)
#2 /var/www/html/app/core/Query.php(97): app\core\Conn->query('INSERT INTO emp...', Array)
#3 /var/www/html/app/models/Companies.php(18): app\core\Query->add(Array)
#4 /var/www/html/app/controllers/Controller.php(59): app\models\Companies->new(Array)
#5 /var/www/html/app/controllers/Controller.php(22): app\controllers\Controller->new('{"nombre":"Lled...')
#6 /var/www/html/app/core/Router.php(75): app\controllers\Controller->__construct('new', 'companies', '{"nombre":"Lled...')
#7 /var/www/html/app/core/Router.php(40): app\core\Router->loadController('Companies')
#8 /var/www/html/app/core/Router.php(31): app\core\Router->isGet()
#9 /var/www/html/htdocs/index.php(11): app\core\Router->__construct(Array)
#10 {main}
  thrown in /var/www/html/app/core/Conn.php on line 85
[20-Apr-2019 10:57:57 UTC] PHP Fatal error:  Uncaught PDOException: SQLSTATE[23000]: Integrity constraint violation: 1062 Duplicate entry 'Lledos' for key 'nombre' in /var/www/html/app/core/Conn.php:85
Stack trace:
#0 /var/www/html/app/core/Conn.php(85): PDOStatement->execute()
#1 /var/www/html/app/core/Conn.php(130): app\core\Conn->init('INSERT INTO emp...', Array)
#2 /var/www/html/app/core/Query.php(97): app\core\Conn->query('INSERT INTO emp...', Array)
#3 /var/www/html/app/models/Companies.php(18): app\core\Query->add(Array)
#4 /var/www/html/app/controllers/Controller.php(59): app\models\Companies->new(Array)
#5 /var/www/html/app/controllers/Controller.php(22): app\controllers\Controller->new('{"nombre":"Lled...')
#6 /var/www/html/app/core/Router.php(75): app\controllers\Controller->__construct('new', 'companies', '{"nombre":"Lled...')
#7 /var/www/html/app/core/Router.php(40): app\core\Router->loadController('Companies')
#8 /var/www/html/app/core/Router.php(31): app\core\Router->isGet()
#9 /var/www/html/htdocs/index.php(11): app\core\Router->__construct(Array)
#10 {main}
  thrown in /var/www/html/app/core/Conn.php on line 85
[20-Apr-2019 10:58:41 UTC] PHP Fatal error:  Uncaught PDOException: SQLSTATE[23000]: Integrity constraint violation: 1062 Duplicate entry 'Lledoss' for key 'nombre' in /var/www/html/app/core/Conn.php:85
Stack trace:
#0 /var/www/html/app/core/Conn.php(85): PDOStatement->execute()
#1 /var/www/html/app/core/Conn.php(130): app\core\Conn->init('INSERT INTO emp...', Array)
#2 /var/www/html/app/core/Query.php(97): app\core\Conn->query('INSERT INTO emp...', Array)
#3 /var/www/html/app/models/Companies.php(18): app\core\Query->add(Array)
#4 /var/www/html/app/controllers/Controller.php(59): app\models\Companies->new(Array)
#5 /var/www/html/app/controllers/Controller.php(22): app\controllers\Controller->new('{"nombre":"Lled...')
#6 /var/www/html/app/core/Router.php(75): app\controllers\Controller->__construct('new', 'companies', '{"nombre":"Lled...')
#7 /var/www/html/app/core/Router.php(40): app\core\Router->loadController('Companies')
#8 /var/www/html/app/core/Router.php(31): app\core\Router->isGet()
#9 /var/www/html/htdocs/index.php(11): app\core\Router->__construct(Array)
#10 {main}
  thrown in /var/www/html/app/core/Conn.php on line 85
[20-Apr-2019 13:14:14 UTC] PHP Fatal error:  Uncaught ArgumentCountError: Too few arguments to function app\core\Query::conectDB(), 0 passed in /var/www/html/app/models/Companies.php on line 12 and exactly 2 expected in /var/www/html/app/core/Query.php:19
Stack trace:
#0 /var/www/html/app/models/Companies.php(12): app\core\Query->conectDB()
#1 /var/www/html/app/controllers/Controller.php(58): app\models\Companies->__construct('new')
#2 /var/www/html/app/controllers/Controller.php(22): app\controllers\Controller->new('{"nombre":"Nest...')
#3 /var/www/html/app/core/Router.php(75): app\controllers\Controller->__construct('new', 'companies', '{"nombre":"Nest...')
#4 /var/www/html/app/core/Router.php(40): app\core\Router->loadController('Companies')
#5 /var/www/html/app/core/Router.php(31): app\core\Router->isGet()
#6 /var/www/html/htdocs/index.php(11): app\core\Router->__construct(Array)
#7 {main}
  thrown in /var/www/html/app/core/Query.php on line 19
[20-Apr-2019 13:16:14 UTC] PHP Fatal error:  Uncaught ArgumentCountError: Too few arguments to function app\core\Query::conectDB(), 0 passed in /var/www/html/app/models/Companies.php on line 12 and at least 1 expected in /var/www/html/app/core/Query.php:19
Stack trace:
#0 /var/www/html/app/models/Companies.php(12): app\core\Query->conectDB()
#1 /var/www/html/app/controllers/Controller.php(58): app\models\Companies->__construct('new')
#2 /var/www/html/app/controllers/Controller.php(22): app\controllers\Controller->new('{"nombre":"Nest...')
#3 /var/www/html/app/core/Router.php(75): app\controllers\Controller->__construct('new', 'companies', '{"nombre":"Nest...')
#4 /var/www/html/app/core/Router.php(40): app\core\Router->loadController('Companies')
#5 /var/www/html/app/core/Router.php(31): app\core\Router->isGet()
#6 /var/www/html/htdocs/index.php(11): app\core\Router->__construct(Array)
#7 {main}
  thrown in /var/www/html/app/core/Query.php on line 19
[20-Apr-2019 13:16:56 UTC] PHP Fatal error:  Uncaught ArgumentCountError: Too few arguments to function app\core\Query::conectDB(), 0 passed in /var/www/html/app/models/Companies.php on line 12 and at least 1 expected in /var/www/html/app/core/Query.php:19
Stack trace:
#0 /var/www/html/app/models/Companies.php(12): app\core\Query->conectDB()
#1 /var/www/html/app/controllers/Controller.php(58): app\models\Companies->__construct('new')
#2 /var/www/html/app/controllers/Controller.php(22): app\controllers\Controller->new('{"nombre":"Nest...')
#3 /var/www/html/app/core/Router.php(75): app\controllers\Controller->__construct('new', 'companies', '{"nombre":"Nest...')
#4 /var/www/html/app/core/Router.php(40): app\core\Router->loadController('Companies')
#5 /var/www/html/app/core/Router.php(31): app\core\Router->isGet()
#6 /var/www/html/htdocs/index.php(11): app\core\Router->__construct(Array)
#7 {main}
  thrown in /var/www/html/app/core/Query.php on line 19
[20-Apr-2019 13:19:20 UTC] PHP Fatal error:  Uncaught Error: Class 'app\core\Exception' not found in /var/www/html/app/core/Conn.php:48
Stack trace:
#0 /var/www/html/app/core/Conn.php(21): app\core\Conn->connect()
#1 /var/www/html/app/core/Query.php(20): app\core\Conn->__construct('12', 'root')
#2 /var/www/html/app/models/Company.php(6): app\core\Query->conectDB('12', 'root')
#3 /var/www/html/app/models/Companies.php(18): app\models\Company->__construct(12)
#4 /var/www/html/app/controllers/Controller.php(59): app\models\Companies->new(Array)
#5 /var/www/html/app/controllers/Controller.php(22): app\controllers\Controller->new('{"nombre":"Nest...')
#6 /var/www/html/app/core/Router.php(75): app\controllers\Controller->__construct('new', 'companies', '{"nombre":"Nest...')
#7 /var/www/html/app/core/Router.php(40): app\core\Router->loadController('Companies')
#8 /var/www/html/app/core/Router.php(31): app\core\Router->isGet()
#9 /var/www/html/htdocs/index.php(11): app\core\Router->__construct(Array)
#10 {main}
  thrown in /var/www/html/app/core/Conn.php on line 48
[20-Apr-2019 13:20:52 UTC] PHP Fatal error:  Uncaught PDOException: SQLSTATE[23000]: Integrity constraint violation: 1062 Duplicate entry 'Nestor' for key 'nombre' in /var/www/html/app/core/Conn.php:81
Stack trace:
#0 /var/www/html/app/core/Conn.php(81): PDOStatement->execute()
#1 /var/www/html/app/core/Conn.php(126): app\core\Conn->init('INSERT INTO emp...', Array)
#2 /var/www/html/app/core/Query.php(96): app\core\Conn->query('INSERT INTO emp...', Array)
#3 /var/www/html/app/models/Companies.php(16): app\core\Query->add(Array)
#4 /var/www/html/app/controllers/Controller.php(59): app\models\Companies->new(Array)
#5 /var/www/html/app/controllers/Controller.php(22): app\controllers\Controller->new('{"nombre":"Nest...')
#6 /var/www/html/app/core/Router.php(75): app\controllers\Controller->__construct('new', 'companies', '{"nombre":"Nest...')
#7 /var/www/html/app/core/Router.php(40): app\core\Router->loadController('Companies')
#8 /var/www/html/app/core/Router.php(31): app\core\Router->isGet()
#9 /var/www/html/htdocs/index.php(11): app\core\Router->__construct(Array)
#10 {main}
  thrown in /var/www/html/app/core/Conn.php on line 81
[20-Apr-2019 13:21:08 UTC] PHP Fatal error:  Uncaught Exception: No se pudo crear la conexion a la base de datos in /var/www/html/app/core/Conn.php:48
Stack trace:
#0 /var/www/html/app/core/Conn.php(21): app\core\Conn->connect()
#1 /var/www/html/app/core/Query.php(20): app\core\Conn->__construct('14', 'root')
#2 /var/www/html/app/models/Company.php(6): app\core\Query->conectDB('14', 'root')
#3 /var/www/html/app/models/Companies.php(18): app\models\Company->__construct(14)
#4 /var/www/html/app/controllers/Controller.php(59): app\models\Companies->new(Array)
#5 /var/www/html/app/controllers/Controller.php(22): app\controllers\Controller->new('{"nombre":"Nest...')
#6 /var/www/html/app/core/Router.php(75): app\controllers\Controller->__construct('new', 'companies', '{"nombre":"Nest...')
#7 /var/www/html/app/core/Router.php(40): app\core\Router->loadController('Companies')
#8 /var/www/html/app/core/Router.php(31): app\core\Router->isGet()
#9 /var/www/html/htdocs/index.php(11): app\core\Router->__construct(Array)
#10 {main}
  thrown in /var/www/html/app/core/Conn.php on line 48
[20-Apr-2019 13:24:30 UTC] PHP Fatal error:  Uncaught PDOException: SQLSTATE[23000]: Integrity constraint violation: 1062 Duplicate entry 'Nestor1s' for key 'nombre' in /var/www/html/app/core/Conn.php:81
Stack trace:
#0 /var/www/html/app/core/Conn.php(81): PDOStatement->execute()
#1 /var/www/html/app/core/Conn.php(126): app\core\Conn->init('INSERT INTO emp...', Array)
#2 /var/www/html/app/core/Query.php(96): app\core\Conn->query('INSERT INTO emp...', Array)
#3 /var/www/html/app/models/Companies.php(16): app\core\Query->add(Array)
#4 /var/www/html/app/controllers/Controller.php(59): app\models\Companies->new(Array)
#5 /var/www/html/app/controllers/Controller.php(22): app\controllers\Controller->new('{"nombre":"Nest...')
#6 /var/www/html/app/core/Router.php(75): app\controllers\Controller->__construct('new', 'companies', '{"nombre":"Nest...')
#7 /var/www/html/app/core/Router.php(40): app\core\Router->loadController('Companies')
#8 /var/www/html/app/core/Router.php(31): app\core\Router->isGet()
#9 /var/www/html/htdocs/index.php(11): app\core\Router->__construct(Array)
#10 {main}
  thrown in /var/www/html/app/core/Conn.php on line 81
[21-Apr-2019 08:33:01 UTC] PHP Fatal error:  Uncaught Error: Call to undefined method app\core\Router::getBy() in /var/www/html/app/core/Router.php:44
Stack trace:
#0 /var/www/html/app/core/Router.php(31): app\core\Router->isGet()
#1 /var/www/html/htdocs/index.php(11): app\core\Router->__construct(Array)
#2 {main}
  thrown in /var/www/html/app/core/Router.php on line 44
[21-Apr-2019 08:33:26 UTC] PHP Notice:  Array to string conversion in /var/www/html/app/core/Router.php on line 45
[21-Apr-2019 08:33:41 UTC] PHP Fatal error:  Uncaught Error: Call to undefined function app\core\prd() in /var/www/html/app/core/Router.php:45
Stack trace:
#0 /var/www/html/app/core/Router.php(31): app\core\Router->isGet()
#1 /var/www/html/htdocs/index.php(11): app\core\Router->__construct(Array)
#2 {main}
  thrown in /var/www/html/app/core/Router.php on line 45
[21-Apr-2019 08:35:58 UTC] PHP Parse error:  syntax error, unexpected 'EMPRESA' (T_STRING), expecting ',' or ';' in /var/www/html/app/views/login.phtml on line 6
[21-Apr-2019 08:41:13 UTC] PHP Fatal error:  Uncaught TypeError: Argument 2 passed to app\controllers\Login::__construct() must be of the type string or null, array given, called in /var/www/html/app/core/Router.php on line 76 and defined in /var/www/html/app/controllers/Login.php:7
Stack trace:
#0 /var/www/html/app/core/Router.php(76): app\controllers\Login->__construct('view', Array)
#1 /var/www/html/app/core/Router.php(51): app\core\Router->loadController('Login')
#2 /var/www/html/app/core/Router.php(32): app\core\Router->isGet()
#3 /var/www/html/htdocs/index.php(11): app\core\Router->__construct(Array)
#4 {main}
  thrown in /var/www/html/app/controllers/Login.php on line 7
[21-Apr-2019 08:41:33 UTC] PHP Notice:  Array to string conversion in /var/www/html/app/core/Router.php on line 46
[21-Apr-2019 08:41:41 UTC] PHP Notice:  Undefined offset: 0 in /var/www/html/app/core/Router.php on line 46
[21-Apr-2019 08:48:36 UTC] PHP Notice:  Undefined index: controller in /var/www/html/app/core/Router.php on line 28
[21-Apr-2019 08:48:36 UTC] PHP Notice:  Undefined index: action in /var/www/html/app/core/Router.php on line 29
[21-Apr-2019 08:51:11 UTC] PHP Fatal error:  Uncaught Error: Call to undefined function app\models\prd() in /var/www/html/app/models/Company.php:27
Stack trace:
#0 /var/www/html/app/models/Company.php(13): app\models\Company->loadData()
#1 /var/www/html/app/controllers/Login.php(8): app\models\Company->__construct('1')
#2 /var/www/html/app/core/Router.php(77): app\controllers\Login->__construct('view', '1')
#3 /var/www/html/app/core/Router.php(52): app\core\Router->loadController('Login')
#4 /var/www/html/app/core/Router.php(32): app\core\Router->isGet()
#5 /var/www/html/htdocs/index.php(11): app\core\Router->__construct(Array)
#6 {main}
  thrown in /var/www/html/app/models/Company.php on line 27
[21-Apr-2019 08:58:10 UTC] PHP Parse error:  syntax error, unexpected 'EMPRESA' (T_STRING), expecting ',' or ';' in /var/www/html/app/views/login.phtml on line 6
[21-Apr-2019 09:03:57 UTC] PHP Notice:  Undefined index: nombre in /var/www/html/app/views/login.phtml on line 6
[21-Apr-2019 09:06:23 UTC] PHP Notice:  Undefined index: nombre in /var/www/html/app/views/login.phtml on line 6
[21-Apr-2019 09:06:31 UTC] PHP Notice:  Undefined index: nombre in /var/www/html/app/views/login.phtml on line 6
[21-Apr-2019 09:06:32 UTC] PHP Notice:  Undefined index: nombre in /var/www/html/app/views/login.phtml on line 6
[21-Apr-2019 09:11:45 UTC] PHP Notice:  Undefined variable: data in /var/www/html/app/models/Company.php on line 27
[21-Apr-2019 09:11:45 UTC] PHP Warning:  Invalid argument supplied for foreach() in /var/www/html/app/models/Company.php on line 27
[21-Apr-2019 09:11:45 UTC] PHP Fatal error:  Uncaught TypeError: Argument 1 passed to app\controllers\Login::getView() must be of the type array, null given, called in /var/www/html/app/controllers/Controller.php on line 34 and defined in /var/www/html/app/controllers/Login.php:12
Stack trace:
#0 /var/www/html/app/controllers/Controller.php(34): app\controllers\Login->getView(NULL)
#1 /var/www/html/app/controllers/Login.php(9): app\controllers\Controller->__construct('view')
#2 /var/www/html/app/core/Router.php(77): app\controllers\Login->__construct('view', '1')
#3 /var/www/html/app/core/Router.php(52): app\core\Router->loadController('Login')
#4 /var/www/html/app/core/Router.php(32): app\core\Router->isGet()
#5 /var/www/html/htdocs/index.php(11): app\core\Router->__construct(Array)
#6 {main}
  thrown in /var/www/html/app/controllers/Login.php on line 12
[21-Apr-2019 09:12:06 UTC] PHP Fatal error:  Uncaught TypeError: Argument 1 passed to app\controllers\Login::getView() must be of the type array, null given, called in /var/www/html/app/controllers/Controller.php on line 34 and defined in /var/www/html/app/controllers/Login.php:12
Stack trace:
#0 /var/www/html/app/controllers/Controller.php(34): app\controllers\Login->getView(NULL)
#1 /var/www/html/app/controllers/Login.php(9): app\controllers\Controller->__construct('view')
#2 /var/www/html/app/core/Router.php(77): app\controllers\Login->__construct('view', '1')
#3 /var/www/html/app/core/Router.php(52): app\core\Router->loadController('Login')
#4 /var/www/html/app/core/Router.php(32): app\core\Router->isGet()
#5 /var/www/html/htdocs/index.php(11): app\core\Router->__construct(Array)
#6 {main}
  thrown in /var/www/html/app/controllers/Login.php on line 12
[21-Apr-2019 09:13:01 UTC] PHP Fatal error:  Uncaught TypeError: Argument 1 passed to app\controllers\Login::getView() must be of the type array, null given, called in /var/www/html/app/controllers/Controller.php on line 34 and defined in /var/www/html/app/controllers/Login.php:12
Stack trace:
#0 /var/www/html/app/controllers/Controller.php(34): app\controllers\Login->getView(NULL)
#1 /var/www/html/app/controllers/Login.php(9): app\controllers\Controller->__construct('view')
#2 /var/www/html/app/core/Router.php(77): app\controllers\Login->__construct('view', '1')
#3 /var/www/html/app/core/Router.php(52): app\core\Router->loadController('Login')
#4 /var/www/html/app/core/Router.php(32): app\core\Router->isGet()
#5 /var/www/html/htdocs/index.php(11): app\core\Router->__construct(Array)
#6 {main}
  thrown in /var/www/html/app/controllers/Login.php on line 12
[21-Apr-2019 09:13:22 UTC] PHP Fatal error:  Uncaught TypeError: Argument 1 passed to app\controllers\Login::getView() must be of the type array, null given, called in /var/www/html/app/controllers/Controller.php on line 34 and defined in /var/www/html/app/controllers/Login.php:12
Stack trace:
#0 /var/www/html/app/controllers/Controller.php(34): app\controllers\Login->getView(NULL)
#1 /var/www/html/app/controllers/Login.php(9): app\controllers\Controller->__construct('view')
#2 /var/www/html/app/core/Router.php(77): app\controllers\Login->__construct('view', '1')
#3 /var/www/html/app/core/Router.php(52): app\core\Router->loadController('Login')
#4 /var/www/html/app/core/Router.php(32): app\core\Router->isGet()
#5 /var/www/html/htdocs/index.php(11): app\core\Router->__construct(Array)
#6 {main}
  thrown in /var/www/html/app/controllers/Login.php on line 12
[21-Apr-2019 09:13:44 UTC] PHP Fatal error:  Uncaught TypeError: Argument 1 passed to app\controllers\Login::getView() must be of the type array, null given, called in /var/www/html/app/controllers/Controller.php on line 34 and defined in /var/www/html/app/controllers/Login.php:12
Stack trace:
#0 /var/www/html/app/controllers/Controller.php(34): app\controllers\Login->getView(NULL)
#1 /var/www/html/app/controllers/Login.php(9): app\controllers\Controller->__construct('view')
#2 /var/www/html/app/core/Router.php(77): app\controllers\Login->__construct('view', '1')
#3 /var/www/html/app/core/Router.php(52): app\core\Router->loadController('Login')
#4 /var/www/html/app/core/Router.php(32): app\core\Router->isGet()
#5 /var/www/html/htdocs/index.php(11): app\core\Router->__construct(Array)
#6 {main}
  thrown in /var/www/html/app/controllers/Login.php on line 12
[21-Apr-2019 09:14:23 UTC] PHP Fatal error:  Uncaught TypeError: Argument 1 passed to app\controllers\Login::getView() must be of the type array, null given, called in /var/www/html/app/controllers/Controller.php on line 34 and defined in /var/www/html/app/controllers/Login.php:12
Stack trace:
#0 /var/www/html/app/controllers/Controller.php(34): app\controllers\Login->getView(NULL)
#1 /var/www/html/app/controllers/Login.php(9): app\controllers\Controller->__construct('view')
#2 /var/www/html/app/core/Router.php(77): app\controllers\Login->__construct('view', '1')
#3 /var/www/html/app/core/Router.php(52): app\core\Router->loadController('Login')
#4 /var/www/html/app/core/Router.php(32): app\core\Router->isGet()
#5 /var/www/html/htdocs/index.php(11): app\core\Router->__construct(Array)
#6 {main}
  thrown in /var/www/html/app/controllers/Login.php on line 12
[21-Apr-2019 09:14:41 UTC] PHP Notice:  Trying to get property 'nombre' of non-object in /var/www/html/app/views/login.phtml on line 6
[21-Apr-2019 09:15:19 UTC] PHP Fatal error:  Uncaught TypeError: Argument 2 passed to app\controllers\Controller::require() must be an object or null, array given, called in /var/www/html/app/controllers/Login.php on line 13 and defined in /var/www/html/app/controllers/Controller.php:46
Stack trace:
#0 /var/www/html/app/controllers/Login.php(13): app\controllers\Controller->require('/var/www/html/a...', Array)
#1 /var/www/html/app/controllers/Controller.php(34): app\controllers\Login->getView()
#2 /var/www/html/app/controllers/Login.php(9): app\controllers\Controller->__construct('view')
#3 /var/www/html/app/core/Router.php(77): app\controllers\Login->__construct('view', '1')
#4 /var/www/html/app/core/Router.php(52): app\core\Router->loadController('Login')
#5 /var/www/html/app/core/Router.php(32): app\core\Router->isGet()
#6 /var/www/html/htdocs/index.php(11): app\core\Router->__construct(Array)
#7 {main}
  thrown in /var/www/html/app/controllers/Controller.php on line 46
[21-Apr-2019 09:16:12 UTC] PHP Notice:  Undefined index: nombre in /var/www/html/app/views/login.phtml on line 6
[21-Apr-2019 09:18:42 UTC] PHP Fatal error:  Uncaught Error: Cannot access private property app\models\Company::$data in /var/www/html/app/controllers/Login.php:13
Stack trace:
#0 /var/www/html/app/controllers/Controller.php(34): app\controllers\Login->getView()
#1 /var/www/html/app/controllers/Login.php(9): app\controllers\Controller->__construct('view')
#2 /var/www/html/app/core/Router.php(77): app\controllers\Login->__construct('view', '1')
#3 /var/www/html/app/core/Router.php(52): app\core\Router->loadController('Login')
#4 /var/www/html/app/core/Router.php(32): app\core\Router->isGet()
#5 /var/www/html/htdocs/index.php(11): app\core\Router->__construct(Array)
#6 {main}
  thrown in /var/www/html/app/controllers/Login.php on line 13
[21-Apr-2019 09:19:05 UTC] PHP Fatal error:  Uncaught Error: Cannot access protected property app\models\Company::$data in /var/www/html/app/controllers/Login.php:13
Stack trace:
#0 /var/www/html/app/controllers/Controller.php(34): app\controllers\Login->getView()
#1 /var/www/html/app/controllers/Login.php(9): app\controllers\Controller->__construct('view')
#2 /var/www/html/app/core/Router.php(77): app\controllers\Login->__construct('view', '1')
#3 /var/www/html/app/core/Router.php(52): app\core\Router->loadController('Login')
#4 /var/www/html/app/core/Router.php(32): app\core\Router->isGet()
#5 /var/www/html/htdocs/index.php(11): app\core\Router->__construct(Array)
#6 {main}
  thrown in /var/www/html/app/controllers/Login.php on line 13
[21-Apr-2019 09:19:17 UTC] PHP Notice:  Undefined index: nombre in /var/www/html/app/views/login.phtml on line 6
[21-Apr-2019 09:20:02 UTC] PHP Notice:  Undefined index: nombre in /var/www/html/app/views/login.phtml on line 7
[21-Apr-2019 09:23:32 UTC] PHP Notice:  Undefined index: nombre in /var/www/html/app/views/login.phtml on line 7
[21-Apr-2019 09:26:07 UTC] PHP Notice:  Undefined property: app\core\Router::$id in /var/www/html/app/core/Router.php on line 77
[21-Apr-2019 09:26:07 UTC] PHP Notice:  Undefined index: data in /var/www/html/app/views/index.phtml on line 23
[21-Apr-2019 09:26:40 UTC] PHP Notice:  Undefined property: app\core\Router::$id in /var/www/html/app/core/Router.php on line 77
[21-Apr-2019 09:26:46 UTC] PHP Notice:  Array to string conversion in /var/www/html/app/views/login.phtml on line 6
[21-Apr-2019 09:27:21 UTC] PHP Notice:  Trying to get property 'nombre' of non-object in /var/www/html/app/views/login.phtml on line 7
[21-Apr-2019 17:36:02 UTC] PHP Notice:  Undefined property: app\core\Router::$id in /var/www/html/app/core/Router.php on line 77
[21-Apr-2019 17:40:45 UTC] PHP Fatal error:  Uncaught Error: Cannot use object of type app\libs\Data as array in /var/www/html/app/views/index.phtml:23
Stack trace:
#0 /var/www/html/app/controllers/Controller.php(47): require_once()
#1 /var/www/html/app/controllers/Login.php(14): app\controllers\Controller->require('/var/www/html/a...', Object(app\libs\Data))
#2 /var/www/html/app/controllers/Controller.php(34): app\controllers\Login->getView()
#3 /var/www/html/app/controllers/Login.php(9): app\controllers\Controller->__construct('view')
#4 /var/www/html/app/core/Router.php(78): app\controllers\Login->__construct('view', 'Empresa')
#5 /var/www/html/app/core/Router.php(53): app\core\Router->loadController('Login')
#6 /var/www/html/app/core/Router.php(32): app\core\Router->isGet()
#7 /var/www/html/htdocs/index.php(11): app\core\Router->__construct(Array)
#8 {main}
  thrown in /var/www/html/app/views/index.phtml on line 23
[21-Apr-2019 17:41:07 UTC] PHP Notice:  Undefined property: app\libs\Data::$nombre in /var/www/html/app/views/login.phtml on line 6
[21-Apr-2019 17:42:37 UTC] PHP Notice:  Undefined property: app\libs\Data::$nombre in /var/www/html/app/views/login.phtml on line 6
[21-Apr-2019 17:43:07 UTC] PHP Notice:  Undefined property: app\libs\Data::$nombre in /var/www/html/app/views/login.phtml on line 6
[21-Apr-2019 17:43:38 UTC] PHP Notice:  Undefined property: app\libs\Data::$nombre in /var/www/html/app/views/login.phtml on line 6
[21-Apr-2019 17:44:19 UTC] PHP Notice:  Undefined property: app\libs\Data::$nombre in /var/www/html/app/views/login.phtml on line 6
[21-Apr-2019 17:44:29 UTC] PHP Notice:  Undefined property: app\libs\Data::$nombre in /var/www/html/app/views/login.phtml on line 6
[21-Apr-2019 17:44:40 UTC] PHP Notice:  Undefined property: app\libs\Data::$nombre in /var/www/html/app/views/login.phtml on line 6
[21-Apr-2019 17:45:05 UTC] PHP Notice:  Undefined property: app\libs\Data::$nombre in /var/www/html/app/views/login.phtml on line 6
[21-Apr-2019 17:45:37 UTC] PHP Notice:  Undefined property: app\libs\Data::$nombre in /var/www/html/app/views/login.phtml on line 6
[21-Apr-2019 17:46:23 UTC] PHP Notice:  Undefined property: app\libs\Data::$nombre in /var/www/html/app/views/login.phtml on line 6
[21-Apr-2019 17:48:05 UTC] PHP Notice:  Undefined property: app\libs\Data::$nombre in /var/www/html/app/views/login.phtml on line 6
[21-Apr-2019 17:48:55 UTC] PHP Notice:  Undefined property: app\core\Router::$id in /var/www/html/app/core/Router.php on line 78
[21-Apr-2019 17:48:55 UTC] PHP Notice:  Trying to get property 'page' of non-object in /var/www/html/app/views/index.phtml on line 23
[21-Apr-2019 17:48:55 UTC] PHP Warning:  include_once(.phtml) [<a href='0function.include-once0'>function.include-once0</a>]: failed to open stream: No such file or directory in /var/www/html/app/views/index.phtml on line 23
[21-Apr-2019 17:48:55 UTC] PHP Warning:  include_once() [<a href='0function.include0'>function.include0</a>]: Failed opening '.phtml' for inclusion (include_path='.:/usr/local/lib/php') in /var/www/html/app/views/index.phtml on line 23
[21-Apr-2019 17:49:09 UTC] PHP Notice:  Trying to get property 'page' of non-object in /var/www/html/app/views/index.phtml on line 23
[21-Apr-2019 17:49:09 UTC] PHP Warning:  include_once(.phtml) [<a href='0function.include-once0'>function.include-once0</a>]: failed to open stream: No such file or directory in /var/www/html/app/views/index.phtml on line 23
[21-Apr-2019 17:49:09 UTC] PHP Warning:  include_once() [<a href='0function.include0'>function.include0</a>]: Failed opening '.phtml' for inclusion (include_path='.:/usr/local/lib/php') in /var/www/html/app/views/index.phtml on line 23
[21-Apr-2019 17:49:23 UTC] PHP Notice:  Undefined property: app\core\Router::$id in /var/www/html/app/core/Router.php on line 78
[21-Apr-2019 17:49:23 UTC] PHP Notice:  Trying to get property 'page' of non-object in /var/www/html/app/views/index.phtml on line 23
[21-Apr-2019 17:49:23 UTC] PHP Warning:  include_once(.phtml) [<a href='0function.include-once0'>function.include-once0</a>]: failed to open stream: No such file or directory in /var/www/html/app/views/index.phtml on line 23
[21-Apr-2019 17:49:23 UTC] PHP Warning:  include_once() [<a href='0function.include0'>function.include0</a>]: Failed opening '.phtml' for inclusion (include_path='.:/usr/local/lib/php') in /var/www/html/app/views/index.phtml on line 23
[21-Apr-2019 17:49:51 UTC] PHP Notice:  Undefined property: app\core\Router::$id in /var/www/html/app/core/Router.php on line 79
[21-Apr-2019 17:49:51 UTC] PHP Notice:  Trying to get property 'page' of non-object in /var/www/html/app/views/index.phtml on line 23
[21-Apr-2019 17:49:51 UTC] PHP Warning:  include_once(.phtml) [<a href='0function.include-once0'>function.include-once0</a>]: failed to open stream: No such file or directory in /var/www/html/app/views/index.phtml on line 23
[21-Apr-2019 17:49:51 UTC] PHP Warning:  include_once() [<a href='0function.include0'>function.include0</a>]: Failed opening '.phtml' for inclusion (include_path='.:/usr/local/lib/php') in /var/www/html/app/views/index.phtml on line 23
[21-Apr-2019 17:50:56 UTC] PHP Notice:  Undefined property: app\core\Router::$id in /var/www/html/app/core/Router.php on line 79
[21-Apr-2019 17:50:56 UTC] PHP Notice:  Trying to get property 'page' of non-object in /var/www/html/app/views/index.phtml on line 23
[21-Apr-2019 17:50:56 UTC] PHP Warning:  include_once(.phtml) [<a href='0function.include-once0'>function.include-once0</a>]: failed to open stream: No such file or directory in /var/www/html/app/views/index.phtml on line 23
[21-Apr-2019 17:50:56 UTC] PHP Warning:  include_once() [<a href='0function.include0'>function.include0</a>]: Failed opening '.phtml' for inclusion (include_path='.:/usr/local/lib/php') in /var/www/html/app/views/index.phtml on line 23
[21-Apr-2019 17:52:21 UTC] PHP Notice:  Undefined property: app\core\Router::$id in /var/www/html/app/core/Router.php on line 79
[21-Apr-2019 17:52:21 UTC] PHP Notice:  Trying to get property 'page' of non-object in /var/www/html/app/views/index.phtml on line 23
[21-Apr-2019 17:52:21 UTC] PHP Warning:  include_once(.phtml) [<a href='0function.include-once0'>function.include-once0</a>]: failed to open stream: No such file or directory in /var/www/html/app/views/index.phtml on line 23
[21-Apr-2019 17:52:21 UTC] PHP Warning:  include_once() [<a href='0function.include0'>function.include0</a>]: Failed opening '.phtml' for inclusion (include_path='.:/usr/local/lib/php') in /var/www/html/app/views/index.phtml on line 23
[21-Apr-2019 17:53:17 UTC] PHP Notice:  Trying to get property 'page' of non-object in /var/www/html/app/views/index.phtml on line 23
[21-Apr-2019 17:53:17 UTC] PHP Warning:  include_once(.phtml) [<a href='0function.include-once0'>function.include-once0</a>]: failed to open stream: No such file or directory in /var/www/html/app/views/index.phtml on line 23
[21-Apr-2019 17:53:17 UTC] PHP Warning:  include_once() [<a href='0function.include0'>function.include0</a>]: Failed opening '.phtml' for inclusion (include_path='.:/usr/local/lib/php') in /var/www/html/app/views/index.phtml on line 23
[22-Apr-2019 08:20:18 UTC] PHP Fatal error:  Uncaught TypeError: Argument 1 passed to app\controllers\Controller::new() must be of the type string, null given, called in /var/www/html/app/controllers/Controller.php on line 19 and defined in /var/www/html/app/controllers/Controller.php:50
Stack trace:
#0 /var/www/html/app/controllers/Controller.php(19): app\controllers\Controller->new(NULL)
#1 /var/www/html/app/core/Router.php(82): app\controllers\Controller->__construct('new', 'companies', '{"nombre":"Nest...')
#2 /var/www/html/app/core/Router.php(42): app\core\Router->loadController('Companies')
#3 /var/www/html/app/core/Router.php(33): app\core\Router->isGet()
#4 /var/www/html/htdocs/index.php(11): app\core\Router->__construct(Array)
#5 {main}
  thrown in /var/www/html/app/controllers/Controller.php on line 50
[22-Apr-2019 08:23:50 UTC] PHP Fatal error:  Uncaught TypeError: Argument 1 passed to app\controllers\Controller::new() must be of the type string, null given, called in /var/www/html/app/controllers/Controller.php on line 19 and defined in /var/www/html/app/controllers/Controller.php:50
Stack trace:
#0 /var/www/html/app/controllers/Controller.php(19): app\controllers\Controller->new(NULL)
#1 /var/www/html/app/core/Router.php(82): app\controllers\Controller->__construct('new', 'companies', '{"nombre":"Nest...')
#2 /var/www/html/app/core/Router.php(42): app\core\Router->loadController('Companies')
#3 /var/www/html/app/core/Router.php(33): app\core\Router->isGet()
#4 /var/www/html/htdocs/index.php(11): app\core\Router->__construct(Array)
#5 {main}
  thrown in /var/www/html/app/controllers/Controller.php on line 50
[22-Apr-2019 08:35:10 UTC] PHP Fatal error:  Uncaught PDOException: SQLSTATE[23000]: Integrity constraint violation: 1062 Duplicate entry 'Nestor11s2' for key 'nombre' in /var/www/html/app/core/Conn.php:80
Stack trace:
#0 /var/www/html/app/core/Conn.php(80): PDOStatement->execute()
#1 /var/www/html/app/core/Conn.php(125): app\core\Conn->init('INSERT INTO emp...', Array)
#2 /var/www/html/app/core/Query.php(97): app\core\Conn->query('INSERT INTO emp...', Array)
#3 /var/www/html/app/models/Companies.php(16): app\core\Query->add(Array)
#4 /var/www/html/app/controllers/Controller.php(59): app\models\Companies->new(Array)
#5 /var/www/html/app/controllers/Controller.php(20): app\controllers\Controller->new('{"nombre":"Nest...')
#6 /var/www/html/app/core/Router.php(82): app\controllers\Controller->__construct('new', 'companies', '{"nombre":"Nest...')
#7 /var/www/html/app/core/Router.php(42): app\core\Router->loadController('Companies')
#8 /var/www/html/app/core/Router.php(33): app\core\Router->isGet()
#9 /var/www/html/htdocs/index.php(11): app\core\Router->__construct(Array)
#10 {main}
  thrown in /var/www/html/app/core/Conn.php on line 80
[22-Apr-2019 08:58:43 UTC] PHP Recoverable fatal error:  Object of class stdClass could not be converted to string in /var/www/html/app/core/Router.php on line 72
[22-Apr-2019 08:59:55 UTC] PHP Recoverable fatal error:  Object of class stdClass could not be converted to string in /var/www/html/app/core/Router.php on line 72
[22-Apr-2019 09:12:26 UTC] PHP Fatal error:  Uncaught TypeError: Argument 3 passed to app\controllers\Controller::__construct() must be of the type string or null, object given, called in /var/www/html/app/core/Router.php on line 90 and defined in /var/www/html/app/controllers/Controller.php:12
Stack trace:
#0 /var/www/html/app/core/Router.php(90): app\controllers\Controller->__construct('new', 'companies', Object(stdClass))
#1 /var/www/html/app/core/Router.php(68): app\core\Router->loadController('Companies')
#2 /var/www/html/app/core/Router.php(32): app\core\Router->isPost(Array)
#3 /var/www/html/htdocs/index.php(11): app\core\Router->__construct(Array)
#4 {main}
  thrown in /var/www/html/app/controllers/Controller.php on line 12
[22-Apr-2019 09:12:46 UTC] PHP Fatal error:  Uncaught TypeError: Argument 3 passed to app\controllers\Controller::__construct() must be of the type string or null, object given, called in /var/www/html/app/core/Router.php on line 90 and defined in /var/www/html/app/controllers/Controller.php:12
Stack trace:
#0 /var/www/html/app/core/Router.php(90): app\controllers\Controller->__construct('new', 'companies', Object(stdClass))
#1 /var/www/html/app/core/Router.php(68): app\core\Router->loadController('Companies')
#2 /var/www/html/app/core/Router.php(32): app\core\Router->isPost(Array)
#3 /var/www/html/htdocs/index.php(11): app\core\Router->__construct(Array)
#4 {main}
  thrown in /var/www/html/app/controllers/Controller.php on line 12
[22-Apr-2019 09:13:09 UTC] PHP Fatal error:  Uncaught TypeError: Argument 3 passed to app\controllers\Controller::__construct() must be of the type string or null, object given, called in /var/www/html/app/core/Router.php on line 91 and defined in /var/www/html/app/controllers/Controller.php:12
Stack trace:
#0 /var/www/html/app/core/Router.php(91): app\controllers\Controller->__construct('new', 'companies', Object(stdClass))
#1 /var/www/html/app/core/Router.php(69): app\core\Router->loadController('Companies')
#2 /var/www/html/app/core/Router.php(32): app\core\Router->isPost(Array)
#3 /var/www/html/htdocs/index.php(11): app\core\Router->__construct(Array)
#4 {main}
  thrown in /var/www/html/app/controllers/Controller.php on line 12
[22-Apr-2019 09:16:21 UTC] PHP Fatal error:  Uncaught TypeError: Argument 1 passed to app\controllers\Controller::new() must be of the type string, null given, called in /var/www/html/app/controllers/Controller.php on line 20 and defined in /var/www/html/app/controllers/Controller.php:51
Stack trace:
#0 /var/www/html/app/controllers/Controller.php(20): app\controllers\Controller->new(NULL)
#1 /var/www/html/app/core/Router.php(92): app\controllers\Controller->__construct('new', 'companies', NULL)
#2 /var/www/html/app/core/Router.php(70): app\core\Router->loadController('Companies')
#3 /var/www/html/app/core/Router.php(32): app\core\Router->isPost(Array)
#4 /var/www/html/htdocs/index.php(11): app\core\Router->__construct(Array)
#5 {main}
  thrown in /var/www/html/app/controllers/Controller.php on line 51
[22-Apr-2019 09:16:50 UTC] PHP Fatal error:  Uncaught TypeError: Argument 1 passed to app\models\Companies::new() must be of the type array, null given, called in /var/www/html/app/controllers/Controller.php on line 57 and defined in /var/www/html/app/models/Companies.php:12
Stack trace:
#0 /var/www/html/app/controllers/Controller.php(57): app\models\Companies->new(NULL)
#1 /var/www/html/app/controllers/Controller.php(20): app\controllers\Controller->new(NULL)
#2 /var/www/html/app/core/Router.php(92): app\controllers\Controller->__construct('new', 'companies', NULL)
#3 /var/www/html/app/core/Router.php(70): app\core\Router->loadController('Companies')
#4 /var/www/html/app/core/Router.php(32): app\core\Router->isPost(Array)
#5 /var/www/html/htdocs/index.php(11): app\core\Router->__construct(Array)
#6 {main}
  thrown in /var/www/html/app/models/Companies.php on line 12
[22-Apr-2019 09:18:04 UTC] PHP Fatal error:  Uncaught TypeError: Argument 1 passed to app\models\Companies::new() must be an object, null given, called in /var/www/html/app/controllers/Controller.php on line 57 and defined in /var/www/html/app/models/Companies.php:12
Stack trace:
#0 /var/www/html/app/controllers/Controller.php(57): app\models\Companies->new(NULL)
#1 /var/www/html/app/controllers/Controller.php(20): app\controllers\Controller->new(NULL)
#2 /var/www/html/app/core/Router.php(92): app\controllers\Controller->__construct('new', 'companies', NULL)
#3 /var/www/html/app/core/Router.php(70): app\core\Router->loadController('Companies')
#4 /var/www/html/app/core/Router.php(32): app\core\Router->isPost(Array)
#5 /var/www/html/htdocs/index.php(11): app\core\Router->__construct(Array)
#6 {main}
  thrown in /var/www/html/app/models/Companies.php on line 12
[22-Apr-2019 09:19:41 UTC] PHP Fatal error:  Uncaught TypeError: Argument 1 passed to app\models\Companies::new() must be an object, null given, called in /var/www/html/app/controllers/Controller.php on line 57 and defined in /var/www/html/app/models/Companies.php:12
Stack trace:
#0 /var/www/html/app/controllers/Controller.php(57): app\models\Companies->new(NULL)
#1 /var/www/html/app/controllers/Controller.php(20): app\controllers\Controller->new(NULL)
#2 /var/www/html/app/core/Router.php(92): app\controllers\Controller->__construct('new', 'companies', NULL)
#3 /var/www/html/app/core/Router.php(70): app\core\Router->loadController('Companies')
#4 /var/www/html/app/core/Router.php(32): app\core\Router->isPost(Array)
#5 /var/www/html/htdocs/index.php(11): app\core\Router->__construct(Array)
#6 {main}
  thrown in /var/www/html/app/models/Companies.php on line 12
[22-Apr-2019 09:25:32 UTC] PHP Fatal error:  Uncaught ArgumentCountError: Too few arguments to function app\core\Router::loadController(), 0 passed in /var/www/html/app/core/Router.php on line 70 and exactly 1 expected in /var/www/html/app/core/Router.php:85
Stack trace:
#0 /var/www/html/app/core/Router.php(70): app\core\Router->loadController()
#1 /var/www/html/app/core/Router.php(32): app\core\Router->isPost(Array)
#2 /var/www/html/htdocs/index.php(11): app\core\Router->__construct(Array)
#3 {main}
  thrown in /var/www/html/app/core/Router.php on line 85
[22-Apr-2019 09:26:06 UTC] PHP Notice:  Undefined variable: arg in /var/www/html/app/core/Router.php on line 87
[22-Apr-2019 09:30:09 UTC] PHP Fatal error:  Uncaught TypeError: Argument 1 passed to app\models\Companies::new() must be an object, null given, called in /var/www/html/app/controllers/Controller.php on line 57 and defined in /var/www/html/app/models/Companies.php:12
Stack trace:
#0 /var/www/html/app/controllers/Controller.php(57): app\models\Companies->new(NULL)
#1 /var/www/html/app/controllers/Controller.php(20): app\controllers\Controller->new(NULL)
#2 /var/www/html/app/core/Router.php(92): app\controllers\Controller->__construct('new', 'companies', NULL)
#3 /var/www/html/app/core/Router.php(70): app\core\Router->loadController()
#4 /var/www/html/app/core/Router.php(32): app\core\Router->isPost(Array)
#5 /var/www/html/htdocs/index.php(11): app\core\Router->__construct(Array)
#6 {main}
  thrown in /var/www/html/app/models/Companies.php on line 12
[22-Apr-2019 09:31:12 UTC] PHP Fatal error:  Uncaught TypeError: Argument 1 passed to app\models\Companies::new() must be an object, null given, called in /var/www/html/app/controllers/Controller.php on line 57 and defined in /var/www/html/app/models/Companies.php:12
Stack trace:
#0 /var/www/html/app/controllers/Controller.php(57): app\models\Companies->new(NULL)
#1 /var/www/html/app/controllers/Controller.php(20): app\controllers\Controller->new(NULL)
#2 /var/www/html/app/core/Router.php(94): app\controllers\Controller->__construct('new', 'companies', NULL)
#3 /var/www/html/app/core/Router.php(70): app\core\Router->loadController()
#4 /var/www/html/app/core/Router.php(32): app\core\Router->isPost(Array)
#5 /var/www/html/htdocs/index.php(11): app\core\Router->__construct(Array)
#6 {main}
  thrown in /var/www/html/app/models/Companies.php on line 12
[22-Apr-2019 09:32:35 UTC] PHP Fatal error:  Uncaught Error: Cannot use object of type stdClass as array in /var/www/html/app/core/Router.php:89
Stack trace:
#0 /var/www/html/app/core/Router.php(70): app\core\Router->loadController()
#1 /var/www/html/app/core/Router.php(32): app\core\Router->isPost(Array)
#2 /var/www/html/htdocs/index.php(11): app\core\Router->__construct(Array)
#3 {main}
  thrown in /var/www/html/app/core/Router.php on line 89
[22-Apr-2019 09:43:36 UTC] PHP Fatal error:  Uncaught PDOException: SQLSTATE[23000]: Integrity constraint violation: 1062 Duplicate entry 'sdad' for key 'nombre' in /var/www/html/app/core/Conn.php:80
Stack trace:
#0 /var/www/html/app/core/Conn.php(80): PDOStatement->execute()
#1 /var/www/html/app/core/Conn.php(125): app\core\Conn->init('INSERT INTO emp...', Array)
#2 /var/www/html/app/core/Query.php(97): app\core\Conn->query('INSERT INTO emp...', Array)
#3 /var/www/html/app/models/Companies.php(15): app\core\Query->add(Array)
#4 /var/www/html/app/controllers/Controller.php(45): app\models\Companies->new(Object(stdClass))
#5 /var/www/html/app/controllers/Controller.php(19): app\controllers\Controller->new(Object(stdClass))
#6 /var/www/html/app/core/Router.php(90): app\controllers\Controller->__construct('new', 'companies', Object(stdClass))
#7 /var/www/html/app/core/Router.php(69): app\core\Router->loadController()
#8 /var/www/html/app/core/Router.php(32): app\core\Router->isPost(Array)
#9 /var/www/html/htdocs/index.php(11): app\core\Router->__construct(Array)
#10 {main}
  thrown in /var/www/html/app/core/Conn.php on line 80
[22-Apr-2019 09:44:45 UTC] PHP Fatal error:  Uncaught PDOException: SQLSTATE[23000]: Integrity constraint violation: 1062 Duplicate entry 'Empresas' for key 'nombre' in /var/www/html/app/core/Conn.php:80
Stack trace:
#0 /var/www/html/app/core/Conn.php(80): PDOStatement->execute()
#1 /var/www/html/app/core/Conn.php(125): app\core\Conn->init('INSERT INTO emp...', Array)
#2 /var/www/html/app/core/Query.php(97): app\core\Conn->query('INSERT INTO emp...', Array)
#3 /var/www/html/app/models/Companies.php(15): app\core\Query->add(Array)
#4 /var/www/html/app/controllers/Controller.php(45): app\models\Companies->new(Object(stdClass))
#5 /var/www/html/app/controllers/Controller.php(19): app\controllers\Controller->new(Object(stdClass))
#6 /var/www/html/app/core/Router.php(90): app\controllers\Controller->__construct('new', 'companies', Object(stdClass))
#7 /var/www/html/app/core/Router.php(69): app\core\Router->loadController()
#8 /var/www/html/app/core/Router.php(32): app\core\Router->isPost(Array)
#9 /var/www/html/htdocs/index.php(11): app\core\Router->__construct(Array)
#10 {main}
  thrown in /var/www/html/app/core/Conn.php on line 80
[22-Apr-2019 09:47:27 UTC] PHP Fatal error:  Uncaught PDOException: SQLSTATE[23000]: Integrity constraint violation: 1062 Duplicate entry 'sEmpresas22ss' for key 'nombre' in /var/www/html/app/core/Conn.php:80
Stack trace:
#0 /var/www/html/app/core/Conn.php(80): PDOStatement->execute()
#1 /var/www/html/app/core/Conn.php(125): app\core\Conn->init('INSERT INTO emp...', Array)
#2 /var/www/html/app/core/Query.php(97): app\core\Conn->query('INSERT INTO emp...', Array)
#3 /var/www/html/app/models/Companies.php(15): app\core\Query->add(Array)
#4 /var/www/html/app/controllers/Controller.php(46): app\models\Companies->new(Object(stdClass))
#5 /var/www/html/app/controllers/Controller.php(20): app\controllers\Controller->new(Object(stdClass))
#6 /var/www/html/app/core/Router.php(92): app\controllers\Controller->__construct('new', 'companies', Object(stdClass))
#7 /var/www/html/app/core/Router.php(69): app\core\Router->loadController()
#8 /var/www/html/app/core/Router.php(32): app\core\Router->isPost(Array)
#9 /var/www/html/htdocs/index.php(11): app\core\Router->__construct(Array)
#10 {main}
  thrown in /var/www/html/app/core/Conn.php on line 80
[22-Apr-2019 09:54:42 UTC] PHP Fatal error:  Uncaught Error: Call to undefined method app\controllers\Controller::del() in /var/www/html/app/controllers/Controller.php:20
Stack trace:
#0 /var/www/html/app/core/Router.php(91): app\controllers\Controller->__construct('new', 'companies', Object(stdClass))
#1 /var/www/html/app/core/Router.php(69): app\core\Router->loadController()
#2 /var/www/html/app/core/Router.php(32): app\core\Router->isPost(Array)
#3 /var/www/html/htdocs/index.php(11): app\core\Router->__construct(Array)
#4 {main}
  thrown in /var/www/html/app/controllers/Controller.php on line 20
[22-Apr-2019 09:55:22 UTC] PHP Notice:  Undefined property: app\controllers\Controller::$return in /var/www/html/app/core/Router.php on line 93
